11:08:42 | 7.25 mb | 127.0.0.1 | Florian M. >> 
    

--------------------------------------------------
           LANCEMENT DU CRON - EXPORT BDD
--------------------------------------------------


11:08:42 | 10.75 mb | 127.0.0.1 | Florian M. >> 
    

--------------------------------------------------
           CRON TERMINE AVEC SUCCES
--------------------------------------------------


11:10:29 | 7.25 mb | 127.0.0.1 | Florian M. >> 
    

--------------------------------------------------
           LANCEMENT DU CRON - EXPORT BDD
--------------------------------------------------


11:10:29 | 11.25 mb | 127.0.0.1 | Florian M. >> 
    

--------------------------------------------------
           CRON TERMINE AVEC SUCCES
--------------------------------------------------


11:12:21 | 7.25 mb | 127.0.0.1 | Florian M. >> 
    

--------------------------------------------------
           LANCEMENT DU CRON - EXPORT BDD
--------------------------------------------------


11:12:21 | 10.75 mb | 127.0.0.1 | Florian M. >> 
    

--------------------------------------------------
           CRON TERMINE AVEC SUCCES
--------------------------------------------------


11:14:06 | 7.25 mb | 127.0.0.1 | Florian M. >> 
    

--------------------------------------------------
           LANCEMENT DU CRON - EXPORT BDD
--------------------------------------------------


11:14:06 | 7.25 mb | 127.0.0.1 | Florian M. >> Connecting to bdd ...
11:15:01 | 7.25 mb | 127.0.0.1 | Florian M. >> 
    

--------------------------------------------------
           LANCEMENT DU CRON - EXPORT BDD
--------------------------------------------------


11:15:01 | 7.25 mb | 127.0.0.1 | Florian M. >> Connecting to bdd ...
11:15:02 | 7.25 mb | 127.0.0.1 | Florian M. >> Connection complete !
11:15:02 | 7.25 mb | 127.0.0.1 | Florian M. >> 
    

--------------------------------------------------
           CRON TERMINE AVEC SUCCES
--------------------------------------------------


11:17:05 | 7.25 mb | 127.0.0.1 | Florian M. >> 
    

--------------------------------------------------
           LANCEMENT DU CRON - EXPORT BDD
--------------------------------------------------


11:17:05 | 7.25 mb | 127.0.0.1 | Florian M. >> Connecting to bdd ...
11:17:05 | 7.25 mb | 127.0.0.1 | Florian M. >> Connection complete !
11:17:05 | 7.25 mb | 127.0.0.1 | Florian M. >> 
    

--------------------------------------------------
           CRON TERMINE AVEC SUCCES
--------------------------------------------------


11:19:53 | 7.25 mb | 127.0.0.1 | Florian M. >> 
    

--------------------------------------------------
           LANCEMENT DU CRON - EXPORT BDD
--------------------------------------------------


11:19:53 | 7.25 mb | 127.0.0.1 | Florian M. >> Connecting to bdd ...
11:19:53 | 7.25 mb | 127.0.0.1 | Florian M. >> Connection complete !
11:19:53 | 7.25 mb | 127.0.0.1 | Florian M. >> 
    

--------------------------------------------------
           CRON TERMINE AVEC SUCCES
--------------------------------------------------


11:26:57 | 7.25 mb | 127.0.0.1 | Florian M. >> 
    

--------------------------------------------------
           LANCEMENT DU CRON - EXPORT BDD
--------------------------------------------------


11:26:57 | 7.25 mb | 127.0.0.1 | Florian M. >> Connecting to bdd ...
11:26:57 | 7.25 mb | 127.0.0.1 | Florian M. >> Connection complete !
11:26:57 | 7.25 mb | 127.0.0.1 | Florian M. >> 
    

--------------------------------------------------
           CRON TERMINE AVEC SUCCES
--------------------------------------------------


11:29:26 | 7.25 mb | 127.0.0.1 | Florian M. >> 
    

--------------------------------------------------
           LANCEMENT DU CRON - EXPORT BDD
--------------------------------------------------


11:29:26 | 7.25 mb | 127.0.0.1 | Florian M. >> Connecting to bdd ...
11:29:26 | 7.25 mb | 127.0.0.1 | Florian M. >> Connection complete !
11:29:26 | 7.25 mb | 127.0.0.1 | Florian M. >> 
    

--------------------------------------------------
           CRON TERMINE AVEC SUCCES
--------------------------------------------------


11:32:57 | 7.25 mb | 127.0.0.1 | Florian M. >> 
    

--------------------------------------------------
           LANCEMENT DU CRON - EXPORT BDD
--------------------------------------------------


11:32:57 | 7.25 mb | 127.0.0.1 | Florian M. >> Connecting to bdd ...
11:32:57 | 7.25 mb | 127.0.0.1 | Florian M. >> Connection complete !
11:32:57 | 7.25 mb | 127.0.0.1 | Florian M. >> 
    

--------------------------------------------------
           CRON TERMINE AVEC SUCCES
--------------------------------------------------


11:36:08 | 7.25 mb | 127.0.0.1 | Florian M. >> 
    

--------------------------------------------------
           LANCEMENT DU CRON - EXPORT BDD
--------------------------------------------------


11:36:08 | 7.25 mb | 127.0.0.1 | Florian M. >> Connecting to bdd ...
11:36:08 | 7.25 mb | 127.0.0.1 | Florian M. >> Connection complete !
11:36:08 | 7.25 mb | 127.0.0.1 | Florian M. >> 
    

--------------------------------------------------
           CRON TERMINE AVEC SUCCES
--------------------------------------------------


11:36:19 | 7.25 mb | 127.0.0.1 | Florian M. >> 
    

--------------------------------------------------
           LANCEMENT DU CRON - EXPORT BDD
--------------------------------------------------


11:36:19 | 7.25 mb | 127.0.0.1 | Florian M. >> Connecting to bdd ...
11:36:19 | 7.25 mb | 127.0.0.1 | Florian M. >> Connection complete !
11:36:19 | 7.25 mb | 127.0.0.1 | Florian M. >> 
    

--------------------------------------------------
           CRON TERMINE AVEC SUCCES
--------------------------------------------------


