10:12:49 | 7.5 mb | - >> Le fichier : /AstridV1/Web/images/bulles_log_23.jpg n'existe pas.
10:12:49 | 7.5 mb | - >> Le fichier : /AstridV1/Web/images/calendrier.jpg n'existe pas.
10:12:49 | 7.5 mb | - >> Le fichier : /AstridV1/Web/images/megaphone.jpg n'existe pas.
10:12:49 | 7.5 mb | - >> Le fichier : /AstridV1/Web/images/lien.jpg n'existe pas.
10:12:49 | 7.5 mb | - >> Le fichier : /AstridV1/Web/images/cle_29.jpg n'existe pas.
10:12:49 | 7.5 mb | - >> Le fichier : /AstridV1/Web/images/blocnote.jpg n'existe pas.
10:12:49 | 7.5 mb | - >> Le fichier : /AstridV1/Web/css/slider.png n'existe pas.
10:12:49 | 7.5 mb | - >> Le fichier : /AstridV1/Web/css/loading.gif n'existe pas.
10:12:50 | 7.5 mb | - >> Le fichier : /AstridV1/Web/css/controlnav.png n'existe pas.
10:12:51 | 7.5 mb | - >> Le fichier : /AstridV1/Web/css/bullets.png n'existe pas.
10:14:15 | 7.5 mb | - >> Le fichier : /AstridV1/Web/css/slider.png n'existe pas.
10:14:16 | 7.5 mb | - >> Le fichier : /AstridV1/Web/css/loading.gif n'existe pas.
10:14:16 | 7.5 mb | - >> Le fichier : /AstridV1/Web/images/megaphone.jpg n'existe pas.
10:14:16 | 7.5 mb | - >> Le fichier : /AstridV1/Web/images/calendrier.jpg n'existe pas.
10:14:16 | 7.5 mb | - >> Le fichier : /AstridV1/Web/images/bulles_log_23.jpg n'existe pas.
10:14:16 | 7.5 mb | - >> Le fichier : /AstridV1/Web/images/cle_29.jpg n'existe pas.
10:14:16 | 7.5 mb | - >> Le fichier : /AstridV1/Web/images/blocnote.jpg n'existe pas.
10:14:16 | 7.5 mb | - >> Le fichier : /AstridV1/Web/images/lien.jpg n'existe pas.
10:14:17 | 7.5 mb | - >> Le fichier : /AstridV1/Web/css/controlnav.png n'existe pas.
10:14:17 | 7.5 mb | - >> Le fichier : /AstridV1/Web/css/bullets.png n'existe pas.
10:14:51 | 7.5 mb | - >> Le fichier : /AstridV1/Web/images/calendrier.jpg n'existe pas.
10:14:51 | 7.5 mb | - >> Le fichier : /AstridV1/Web/images/bulles_log_23.jpg n'existe pas.
10:14:51 | 7.5 mb | - >> Le fichier : /AstridV1/Web/images/megaphone.jpg n'existe pas.
10:14:51 | 7.5 mb | - >> Le fichier : /AstridV1/Web/images/cle_29.jpg n'existe pas.
10:14:51 | 7.5 mb | - >> Le fichier : /AstridV1/Web/images/blocnote.jpg n'existe pas.
10:14:51 | 7.5 mb | - >> Le fichier : /AstridV1/Web/images/lien.jpg n'existe pas.
10:14:51 | 7.5 mb | - >> Le fichier : /AstridV1/Web/css/slider.png n'existe pas.
10:14:51 | 7.5 mb | - >> Le fichier : /AstridV1/Web/css/loading.gif n'existe pas.
10:14:52 | 7.5 mb | - >> Le fichier : /AstridV1/Web/css/controlnav.png n'existe pas.
10:14:52 | 7.5 mb | - >> Le fichier : /AstridV1/Web/css/bullets.png n'existe pas.
14:06:56 | 7.5 mb | Florian M. >> Le fichier : /AstridV1/Web/css/slider.png n'existe pas.
14:06:56 | 7.5 mb | Florian M. >> Le fichier : /AstridV1/Web/css/loading.gif n'existe pas.
14:06:56 | 7.5 mb | Florian M. >> Le fichier : /AstridV1/Web/images/calendrier.jpg n'existe pas.
14:06:56 | 7.5 mb | Florian M. >> Le fichier : /AstridV1/Web/images/megaphone.jpg n'existe pas.
14:06:56 | 7.5 mb | Florian M. >> Le fichier : /AstridV1/Web/images/cle_29.jpg n'existe pas.
14:06:56 | 7.5 mb | Florian M. >> Le fichier : /AstridV1/Web/images/bulles_log_23.jpg n'existe pas.
14:06:56 | 7.5 mb | Florian M. >> Le fichier : /AstridV1/Web/images/blocnote.jpg n'existe pas.
14:06:56 | 7.5 mb | Florian M. >> Le fichier : /AstridV1/Web/images/lien.jpg n'existe pas.
14:06:57 | 7.5 mb | Florian M. >> Le fichier : /AstridV1/Web/css/controlnav.png n'existe pas.
14:06:57 | 7.5 mb | Florian M. >> Le fichier : /AstridV1/Web/css/bullets.png n'existe pas.
14:08:11 | 7.5 mb | Florian M. >> Le fichier : /AstridV1/Web/images/calendrier.jpg n'existe pas.
14:08:12 | 7.5 mb | Florian M. >> Le fichier : /AstridV1/Web/images/bulles_log_23.jpg n'existe pas.
14:08:12 | 7.5 mb | Florian M. >> Le fichier : /AstridV1/Web/images/megaphone.jpg n'existe pas.
14:08:12 | 7.5 mb | Florian M. >> Le fichier : /AstridV1/Web/images/cle_29.jpg n'existe pas.
14:08:12 | 7.5 mb | Florian M. >> Le fichier : /AstridV1/Web/images/blocnote.jpg n'existe pas.
14:08:12 | 7.5 mb | Florian M. >> Le fichier : /AstridV1/Web/images/lien.jpg n'existe pas.
