10:23:33 | 7.75 mb | Florian M. >> Le fichier : /AstridV1/web/css/FwkStyle.css n'existe pas.
10:23:33 | 7.75 mb | Florian M. >> Le fichier : /AstridV1/web/js/ArgetFwkUtilsLib.js n'existe pas.
10:23:33 | 7.75 mb | Florian M. >> Le fichier : /AstridV1/web/js/ArgetFwkLib.js n'existe pas.
10:23:33 | 7.75 mb | Florian M. >> Le fichier : /AstridV1/web/js/AjaxLib.js n'existe pas.
10:23:33 | 7.75 mb | Florian M. >> Le fichier : /AstridV1/web/js/GoogleChartAPI.js n'existe pas.
10:23:33 | 7.75 mb | Florian M. >> Le fichier : /AstridV1/web/js/bootstrap-datepicker.js n'existe pas.
10:23:33 | 7.75 mb | Florian M. >> Le fichier : /AstridV1/web/img/new_black.png n'existe pas.
10:23:33 | 7.75 mb | Florian M. >> Le fichier : /AstridV1/web/img/new_blue.png n'existe pas.
10:23:34 | 7.75 mb | Florian M. >> Le fichier : /AstridV1/web/img/new_yellow.png n'existe pas.
10:23:40 | 7.75 mb | Florian M. >> Le fichier : /AstridV1/web/css/FwkStyle.css n'existe pas.
10:23:40 | 7.75 mb | Florian M. >> Le fichier : /AstridV1/web/js/AjaxLib.js n'existe pas.
10:23:40 | 7.75 mb | Florian M. >> Le fichier : /AstridV1/web/js/ArgetFwkLib.js n'existe pas.
10:23:41 | 7.75 mb | Florian M. >> Le fichier : /AstridV1/web/js/ArgetFwkUtilsLib.js n'existe pas.
10:23:41 | 7.75 mb | Florian M. >> Le fichier : /AstridV1/web/js/bootstrap-datepicker.js n'existe pas.
10:23:41 | 7.75 mb | Florian M. >> Le fichier : /AstridV1/web/js/GoogleChartAPI.js n'existe pas.
10:23:41 | 7.75 mb | Florian M. >> Le fichier : /AstridV1/web/img/new_black.png n'existe pas.
10:23:41 | 7.75 mb | Florian M. >> Le fichier : /AstridV1/web/img/new_blue.png n'existe pas.
10:23:41 | 7.75 mb | Florian M. >> Le fichier : /AstridV1/web/img/new_yellow.png n'existe pas.
10:24:05 | 7.75 mb | Florian M. >> Le fichier : /AstridV1/web/css/FwkStyle.css n'existe pas.
10:24:05 | 7.75 mb | Florian M. >> Le fichier : /AstridV1/web/js/ArgetFwkLib.js n'existe pas.
10:24:05 | 7.75 mb | Florian M. >> Le fichier : /AstridV1/web/js/AjaxLib.js n'existe pas.
10:24:05 | 7.75 mb | Florian M. >> Le fichier : /AstridV1/web/js/GoogleChartAPI.js n'existe pas.
10:24:05 | 7.75 mb | Florian M. >> Le fichier : /AstridV1/web/js/ArgetFwkUtilsLib.js n'existe pas.
10:24:05 | 7.75 mb | Florian M. >> Le fichier : /AstridV1/web/js/bootstrap-datepicker.js n'existe pas.
10:24:05 | 7.75 mb | Florian M. >> Le fichier : /AstridV1/web/img/new_black.png n'existe pas.
10:24:05 | 7.75 mb | Florian M. >> Le fichier : /AstridV1/web/img/new_blue.png n'existe pas.
10:24:05 | 7.75 mb | Florian M. >> Le fichier : /AstridV1/web/img/new_yellow.png n'existe pas.
10:24:13 | 7.75 mb | - >> Le fichier : /AstridV1/web/css/FwkStyle.css n'existe pas.
10:24:13 | 7.75 mb | - >> Le fichier : /AstridV1/web/js/AjaxLib.js n'existe pas.
10:24:13 | 7.75 mb | - >> Le fichier : /AstridV1/web/js/ArgetFwkLib.js n'existe pas.
10:24:13 | 7.75 mb | - >> Le fichier : /AstridV1/web/js/GoogleChartAPI.js n'existe pas.
10:24:13 | 7.75 mb | - >> Le fichier : /AstridV1/web/js/ArgetFwkUtilsLib.js n'existe pas.
10:24:13 | 7.75 mb | - >> Le fichier : /AstridV1/web/js/bootstrap-datepicker.js n'existe pas.
10:24:13 | 7.75 mb | - >> Le fichier : /AstridV1/web/img/new_black.png n'existe pas.
10:24:13 | 7.75 mb | - >> Le fichier : /AstridV1/web/img/new_blue.png n'existe pas.
10:24:13 | 7.75 mb | - >> Le fichier : /AstridV1/web/img/new_yellow.png n'existe pas.
10:26:02 | 7.75 mb | - >> Le fichier : /AstridV1/web/img/new_blue.png n'existe pas.
10:26:02 | 7.75 mb | - >> Le fichier : /AstridV1/web/img/new_black.png n'existe pas.
10:26:02 | 7.75 mb | - >> Le fichier : /AstridV1/web/css/FwkStyle.css n'existe pas.
10:26:02 | 7.75 mb | - >> Le fichier : /AstridV1/web/js/AjaxLib.js n'existe pas.
10:26:02 | 7.75 mb | - >> Le fichier : /AstridV1/web/js/ArgetFwkLib.js n'existe pas.
10:26:02 | 7.75 mb | - >> Le fichier : /AstridV1/web/js/ArgetFwkUtilsLib.js n'existe pas.
10:26:02 | 7.75 mb | - >> Le fichier : /AstridV1/web/js/GoogleChartAPI.js n'existe pas.
10:26:02 | 7.75 mb | - >> Le fichier : /AstridV1/web/js/bootstrap-datepicker.js n'existe pas.
10:26:02 | 7.75 mb | - >> Le fichier : /AstridV1/web/img/new_yellow.png n'existe pas.
10:33:03 | 7.75 mb | Florian M. >> Erreur 404 sur la page : console du controller DefaultController
10:33:03 | 7.75 mb | Florian M. >> Le fichier : /AstridV1/web/css/FwkStyle.css n'existe pas.
10:33:03 | 7.75 mb | Florian M. >> Le fichier : /AstridV1/url-error/web/js/jquery.js n'existe pas.
10:33:03 | 7.75 mb | Florian M. >> Le fichier : /AstridV1/url-error/web/js/jquery-ui.js n'existe pas.
10:33:04 | 7.75 mb | Florian M. >> Le fichier : /AstridV1/url-error/web/bootstrap/js/bootstrap.min.js n'existe pas.
10:33:04 | 7.75 mb | Florian M. >> Le fichier : /AstridV1/url-error/web/js/ArgetFwkLib.js n'existe pas.
10:33:04 | 7.75 mb | Florian M. >> Le fichier : /AstridV1/url-error/web/js/AjaxLib.js n'existe pas.
10:33:04 | 7.75 mb | Florian M. >> Le fichier : /AstridV1/url-error/web/js/ArgetFwkUtilsLib.js n'existe pas.
10:33:04 | 7.75 mb | Florian M. >> Le fichier : /AstridV1/url-error/web/js/GoogleChartAPI.js n'existe pas.
10:33:04 | 7.75 mb | Florian M. >> Le fichier : /AstridV1/url-error/web/js/bootstrap-datepicker.js n'existe pas.
10:33:05 | 7.75 mb | Florian M. >> Le fichier : /AstridV1/web/js/AjaxLib.js n'existe pas.
10:33:05 | 7.75 mb | Florian M. >> Le fichier : /AstridV1/web/js/ArgetFwkLib.js n'existe pas.
10:33:06 | 7.75 mb | Florian M. >> Le fichier : /AstridV1/web/js/ArgetFwkUtilsLib.js n'existe pas.
10:33:06 | 7.75 mb | Florian M. >> Le fichier : /AstridV1/web/js/GoogleChartAPI.js n'existe pas.
10:33:06 | 7.75 mb | Florian M. >> Le fichier : /AstridV1/web/js/bootstrap-datepicker.js n'existe pas.
11:07:55 | 7.75 mb | Florian M. >> Le fichier : /AstridV1/web/css/FwkStyle.css n'existe pas.
11:07:55 | 7.75 mb | Florian M. >> Le fichier : /AstridV1/web/js/AjaxLib.js n'existe pas.
11:07:55 | 7.75 mb | Florian M. >> Le fichier : /AstridV1/web/js/GoogleChartAPI.js n'existe pas.
11:07:55 | 7.75 mb | Florian M. >> Le fichier : /AstridV1/web/js/ArgetFwkLib.js n'existe pas.
11:07:55 | 7.75 mb | Florian M. >> Le fichier : /AstridV1/web/js/ArgetFwkUtilsLib.js n'existe pas.
11:07:55 | 7.75 mb | Florian M. >> Le fichier : /AstridV1/web/js/bootstrap-datepicker.js n'existe pas.
11:07:55 | 7.75 mb | Florian M. >> Le fichier : /AstridV1/web/img/new_black.png n'existe pas.
11:07:55 | 7.75 mb | Florian M. >> Le fichier : /AstridV1/web/img/new_blue.png n'existe pas.
11:07:55 | 7.75 mb | Florian M. >> Le fichier : /AstridV1/web/img/new_yellow.png n'existe pas.
11:08:46 | 7.75 mb | Florian M. >> Le fichier : /AstridV1/Web/css/slider.png n'existe pas.
11:08:46 | 7.75 mb | Florian M. >> Le fichier : /AstridV1/Web/css/loading.gif n'existe pas.
11:08:46 | 7.75 mb | Florian M. >> Le fichier : /AstridV1/Web/images/calendrier.jpg n'existe pas.
11:08:46 | 7.75 mb | Florian M. >> Le fichier : /AstridV1/Web/images/bulles_log_23.jpg n'existe pas.
11:08:46 | 7.75 mb | Florian M. >> Le fichier : /AstridV1/Web/images/cle_29.jpg n'existe pas.
11:08:46 | 7.75 mb | Florian M. >> Le fichier : /AstridV1/Web/images/megaphone.jpg n'existe pas.
11:08:46 | 7.75 mb | Florian M. >> Le fichier : /AstridV1/Web/images/blocnote.jpg n'existe pas.
11:08:46 | 7.75 mb | Florian M. >> Le fichier : /AstridV1/Web/images/lien.jpg n'existe pas.
11:08:47 | 7.75 mb | Florian M. >> Le fichier : /AstridV1/Web/css/controlnav.png n'existe pas.
11:08:47 | 7.75 mb | Florian M. >> Le fichier : /AstridV1/Web/css/bullets.png n'existe pas.
11:10:33 | 7.75 mb | Florian M. >> Le fichier : /AstridV1/Web/css/slider.png n'existe pas.
11:10:33 | 7.75 mb | Florian M. >> Le fichier : /AstridV1/Web/images/megaphone.jpg n'existe pas.
11:10:33 | 7.75 mb | Florian M. >> Le fichier : /AstridV1/Web/images/calendrier.jpg n'existe pas.
11:10:33 | 7.75 mb | Florian M. >> Le fichier : /AstridV1/Web/images/cle_29.jpg n'existe pas.
11:10:33 | 7.75 mb | Florian M. >> Le fichier : /AstridV1/Web/css/loading.gif n'existe pas.
11:10:33 | 7.75 mb | Florian M. >> Le fichier : /AstridV1/Web/images/bulles_log_23.jpg n'existe pas.
11:10:33 | 7.75 mb | Florian M. >> Le fichier : /AstridV1/Web/images/blocnote.jpg n'existe pas.
11:10:33 | 7.75 mb | Florian M. >> Le fichier : /AstridV1/Web/images/lien.jpg n'existe pas.
11:10:35 | 7.75 mb | Florian M. >> Le fichier : /AstridV1/Web/css/controlnav.png n'existe pas.
11:10:35 | 7.75 mb | Florian M. >> Le fichier : /AstridV1/Web/css/bullets.png n'existe pas.
11:14:01 | 7.75 mb | Florian M. >> Le fichier : /AstridV1/web/css/slider.png n'existe pas.
11:14:01 | 7.75 mb | Florian M. >> Le fichier : /AstridV1/web/css/loading.gif n'existe pas.
11:14:01 | 7.75 mb | Florian M. >> Le fichier : /AstridV1/web/css/controlnav.png n'existe pas.
11:14:01 | 7.75 mb | Florian M. >> Le fichier : /AstridV1/web/css/bullets.png n'existe pas.
14:01:26 | 7.75 mb | Florian M. >> Le fichier : /AstridV1/mode-pret-a-porter/web/js/jquery.js n'existe pas.
14:01:26 | 7.75 mb | Florian M. >> Le fichier : /AstridV1/mode-pret-a-porter/web/js/jquery-ui.js n'existe pas.
14:01:26 | 7.75 mb | Florian M. >> Le fichier : /AstridV1/mode-pret-a-porter/web/js/jquery.nivo.slider.js n'existe pas.
14:01:26 | 7.75 mb | Florian M. >> Le fichier : /AstridV1/mode-pret-a-porter/web/js/jquery.ad-gallery.js n'existe pas.
14:01:26 | 7.75 mb | Florian M. >> Le fichier : /AstridV1/mode-pret-a-porter/web/images/telephone_03.png n'existe pas.
14:01:26 | 7.75 mb | Florian M. >> Le fichier : /AstridV1/mode-pret-a-porter/web/images/wordpress_03.png n'existe pas.
14:01:26 | 7.75 mb | Florian M. >> Le fichier : /AstridV1/mode-pret-a-porter/web/images/twitter_03.png n'existe pas.
14:01:26 | 7.75 mb | Florian M. >> Le fichier : /AstridV1/mode-pret-a-porter/web/images/fb_03.png n'existe pas.
14:01:26 | 7.75 mb | Florian M. >> Le fichier : /AstridV1/mode-pret-a-porter/web/images/calendrier.png n'existe pas.
14:01:27 | 7.75 mb | Florian M. >> Le fichier : /AstridV1/mode-pret-a-porter/web/images/bulles_log_23.png n'existe pas.
14:01:27 | 7.75 mb | Florian M. >> Le fichier : /AstridV1/mode-pret-a-porter/web/images/megaphone.png n'existe pas.
14:01:27 | 7.75 mb | Florian M. >> Le fichier : /AstridV1/mode-pret-a-porter/web/images/cle_29.png n'existe pas.
14:01:27 | 7.75 mb | Florian M. >> Le fichier : /AstridV1/mode-pret-a-porter/web/images/blocnote.png n'existe pas.
14:01:27 | 7.75 mb | Florian M. >> Le fichier : /AstridV1/mode-pret-a-porter/web/images/lien.png n'existe pas.
14:01:28 | 7.75 mb | Florian M. >> Le fichier : /AstridV1/web/css/slider.png n'existe pas.
14:01:28 | 7.75 mb | Florian M. >> Le fichier : /AstridV1/web/css/loading.gif n'existe pas.
14:01:28 | 7.75 mb | Florian M. >> Le fichier : /AstridV1/web/css/bullets.png n'existe pas.
14:01:28 | 7.75 mb | Florian M. >> Le fichier : /AstridV1/web/css/controlnav.png n'existe pas.
14:01:35 | 7.75 mb | Florian M. >> Le fichier : /AstridV1/web/css/trans.gif n'existe pas.
