16:25:54 | 5.75 mb | - >> Le fichier : /AstridV1/Web/css/slider.png n'existe pas.
16:25:54 | 5.75 mb | - >> Le fichier : /AstridV1/Web/css/loading.gif n'existe pas.
16:25:55 | 5.75 mb | - >> Le fichier : /AstridV1/Web/images/calendrier.jpg n'existe pas.
16:25:55 | 5.75 mb | - >> Le fichier : /AstridV1/Web/images/bulles_log_23.jpg n'existe pas.
16:25:55 | 5.75 mb | - >> Le fichier : /AstridV1/Web/images/megaphone.jpg n'existe pas.
16:25:55 | 5.75 mb | - >> Le fichier : /AstridV1/Web/images/cle_29.jpg n'existe pas.
16:25:55 | 5.75 mb | - >> Le fichier : /AstridV1/Web/images/blocnote.jpg n'existe pas.
16:25:55 | 5.75 mb | - >> Le fichier : /AstridV1/Web/images/lien.jpg n'existe pas.
16:25:57 | 5.75 mb | - >> Le fichier : /AstridV1/Web/css/controlnav.png n'existe pas.
16:25:57 | 5.75 mb | - >> Le fichier : /AstridV1/Web/css/bullets.png n'existe pas.
16:26:06 | 5.75 mb | - >> Le fichier : /AstridV1/Web/css/loading.gif n'existe pas.
16:26:06 | 5.75 mb | - >> Le fichier : /AstridV1/Web/css/slider.png n'existe pas.
16:26:06 | 5.75 mb | - >> Le fichier : /AstridV1/Web/images/calendrier.jpg n'existe pas.
16:26:06 | 5.75 mb | - >> Le fichier : /AstridV1/Web/images/bulles_log_23.jpg n'existe pas.
16:26:06 | 5.75 mb | - >> Le fichier : /AstridV1/Web/images/megaphone.jpg n'existe pas.
16:26:07 | 5.75 mb | - >> Le fichier : /AstridV1/Web/images/cle_29.jpg n'existe pas.
16:26:07 | 5.75 mb | - >> Le fichier : /AstridV1/Web/images/blocnote.jpg n'existe pas.
16:26:07 | 5.75 mb | - >> Le fichier : /AstridV1/Web/images/lien.jpg n'existe pas.
16:26:08 | 5.75 mb | - >> Le fichier : /AstridV1/Web/css/controlnav.png n'existe pas.
16:26:08 | 5.75 mb | - >> Le fichier : /AstridV1/Web/css/bullets.png n'existe pas.
16:26:18 | 5.75 mb | - >> Le fichier : /AstridV1/Web/css/slider.png n'existe pas.
16:26:18 | 5.75 mb | - >> Le fichier : /AstridV1/Web/css/loading.gif n'existe pas.
16:26:18 | 5.75 mb | - >> Le fichier : /AstridV1/Web/images/calendrier.jpg n'existe pas.
16:26:18 | 5.75 mb | - >> Le fichier : /AstridV1/Web/images/bulles_log_23.jpg n'existe pas.
16:26:18 | 5.75 mb | - >> Le fichier : /AstridV1/Web/images/megaphone.jpg n'existe pas.
16:26:18 | 5.75 mb | - >> Le fichier : /AstridV1/Web/images/cle_29.jpg n'existe pas.
16:26:18 | 5.75 mb | - >> Le fichier : /AstridV1/Web/images/blocnote.jpg n'existe pas.
16:26:18 | 5.75 mb | - >> Le fichier : /AstridV1/Web/images/lien.jpg n'existe pas.
16:26:19 | 5.75 mb | - >> Le fichier : /AstridV1/Web/css/controlnav.png n'existe pas.
16:26:19 | 5.75 mb | - >> Le fichier : /AstridV1/Web/css/bullets.png n'existe pas.
16:26:39 | 5.75 mb | - >> Le fichier : /AstridV1/Web/css/slider.png n'existe pas.
16:26:39 | 5.75 mb | - >> Le fichier : /AstridV1/Web/css/loading.gif n'existe pas.
16:26:39 | 5.75 mb | - >> Le fichier : /AstridV1/Web/images/calendrier.jpg n'existe pas.
16:26:39 | 5.75 mb | - >> Le fichier : /AstridV1/Web/images/bulles_log_23.jpg n'existe pas.
16:26:39 | 5.75 mb | - >> Le fichier : /AstridV1/Web/images/megaphone.jpg n'existe pas.
16:26:39 | 5.75 mb | - >> Le fichier : /AstridV1/Web/images/cle_29.jpg n'existe pas.
16:26:39 | 5.75 mb | - >> Le fichier : /AstridV1/Web/images/blocnote.jpg n'existe pas.
16:26:39 | 5.75 mb | - >> Le fichier : /AstridV1/Web/images/lien.jpg n'existe pas.
16:26:41 | 5.75 mb | - >> Le fichier : /AstridV1/Web/css/controlnav.png n'existe pas.
16:26:41 | 5.75 mb | - >> Le fichier : /AstridV1/Web/css/bullets.png n'existe pas.
16:26:50 | 5.75 mb | - >> Le fichier : /AstridV1/Web/css/slider.png n'existe pas.
16:26:50 | 5.75 mb | - >> Le fichier : /AstridV1/Web/css/loading.gif n'existe pas.
16:26:50 | 5.75 mb | - >> Le fichier : /AstridV1/Web/images/calendrier.jpg n'existe pas.
16:26:50 | 5.75 mb | - >> Le fichier : /AstridV1/Web/images/bulles_log_23.jpg n'existe pas.
16:26:50 | 5.75 mb | - >> Le fichier : /AstridV1/Web/images/megaphone.jpg n'existe pas.
16:26:50 | 5.75 mb | - >> Le fichier : /AstridV1/Web/images/cle_29.jpg n'existe pas.
16:26:50 | 5.75 mb | - >> Le fichier : /AstridV1/Web/images/blocnote.jpg n'existe pas.
16:26:51 | 5.75 mb | - >> Le fichier : /AstridV1/Web/images/lien.jpg n'existe pas.
16:26:52 | 5.75 mb | - >> Le fichier : /AstridV1/Web/css/bullets.png n'existe pas.
16:26:52 | 5.75 mb | - >> Le fichier : /AstridV1/Web/css/controlnav.png n'existe pas.
16:27:04 | 5.75 mb | - >> Le fichier : /AstridV1/Web/css/slider.png n'existe pas.
16:27:05 | 5.75 mb | - >> Le fichier : /AstridV1/Web/css/loading.gif n'existe pas.
16:27:05 | 5.75 mb | - >> Le fichier : /AstridV1/Web/images/calendrier.jpg n'existe pas.
16:27:05 | 5.75 mb | - >> Le fichier : /AstridV1/Web/images/bulles_log_23.jpg n'existe pas.
16:27:05 | 5.75 mb | - >> Le fichier : /AstridV1/Web/images/cle_29.jpg n'existe pas.
16:27:05 | 5.75 mb | - >> Le fichier : /AstridV1/Web/images/megaphone.jpg n'existe pas.
16:27:05 | 5.75 mb | - >> Le fichier : /AstridV1/Web/images/blocnote.jpg n'existe pas.
16:27:05 | 5.75 mb | - >> Le fichier : /AstridV1/Web/images/lien.jpg n'existe pas.
16:27:06 | 5.75 mb | - >> Le fichier : /AstridV1/Web/css/controlnav.png n'existe pas.
16:27:06 | 5.75 mb | - >> Le fichier : /AstridV1/Web/css/bullets.png n'existe pas.
16:27:27 | 5.75 mb | - >> Le fichier : /AstridV1/Web/css/slider.png n'existe pas.
16:27:28 | 5.75 mb | - >> Le fichier : /AstridV1/Web/css/loading.gif n'existe pas.
16:27:28 | 5.75 mb | - >> Le fichier : /AstridV1/Web/images/calendrier.jpg n'existe pas.
16:27:28 | 5.75 mb | - >> Le fichier : /AstridV1/Web/images/bulles_log_23.jpg n'existe pas.
16:27:28 | 5.75 mb | - >> Le fichier : /AstridV1/Web/images/megaphone.jpg n'existe pas.
16:27:28 | 5.75 mb | - >> Le fichier : /AstridV1/Web/images/cle_29.jpg n'existe pas.
16:27:28 | 5.75 mb | - >> Le fichier : /AstridV1/Web/images/blocnote.jpg n'existe pas.
16:27:28 | 5.75 mb | - >> Le fichier : /AstridV1/Web/images/lien.jpg n'existe pas.
16:27:29 | 5.75 mb | - >> Le fichier : /AstridV1/Web/css/controlnav.png n'existe pas.
16:27:29 | 5.75 mb | - >> Le fichier : /AstridV1/Web/css/bullets.png n'existe pas.
16:27:49 | 5.75 mb | - >> Le fichier : /AstridV1/Web/css/slider.png n'existe pas.
16:27:49 | 5.75 mb | - >> Le fichier : /AstridV1/Web/css/loading.gif n'existe pas.
16:27:49 | 5.75 mb | - >> Le fichier : /AstridV1/Web/images/calendrier.jpg n'existe pas.
16:27:49 | 5.75 mb | - >> Le fichier : /AstridV1/Web/images/bulles_log_23.jpg n'existe pas.
16:27:49 | 5.75 mb | - >> Le fichier : /AstridV1/Web/images/megaphone.jpg n'existe pas.
16:27:49 | 5.75 mb | - >> Le fichier : /AstridV1/Web/images/cle_29.jpg n'existe pas.
16:27:49 | 5.75 mb | - >> Le fichier : /AstridV1/Web/images/blocnote.jpg n'existe pas.
16:27:49 | 5.75 mb | - >> Le fichier : /AstridV1/Web/images/lien.jpg n'existe pas.
16:27:50 | 5.75 mb | - >> Le fichier : /AstridV1/Web/css/controlnav.png n'existe pas.
16:27:50 | 5.75 mb | - >> Le fichier : /AstridV1/Web/css/bullets.png n'existe pas.
16:28:10 | 5.75 mb | - >> Le fichier : /AstridV1/mode-pret-a-porter/web/css/style.css n'existe pas.
16:28:10 | 5.75 mb | - >> Le fichier : /AstridV1/mode-pret-a-porter/web/css/flora.accordion.css n'existe pas.
16:28:10 | 5.75 mb | - >> Le fichier : /AstridV1/mode-pret-a-porter/web/css/smoothness/jquery-ui-1.8.16.custom.css n'existe pas.
16:28:10 | 5.75 mb | - >> Le fichier : /AstridV1/mode-pret-a-porter/web/css/jquery.ad-gallery.css n'existe pas.
16:28:10 | 5.75 mb | - >> Le fichier : /AstridV1/mode-pret-a-porter/web/js/jquery.js n'existe pas.
16:28:10 | 5.75 mb | - >> Le fichier : /AstridV1/mode-pret-a-porter/web/js/jquery-ui.js n'existe pas.
16:28:10 | 5.75 mb | - >> Le fichier : /AstridV1/mode-pret-a-porter/web/js/jquery.nivo.slider.js n'existe pas.
16:28:11 | 5.75 mb | - >> Le fichier : /AstridV1/mode-pret-a-porter/web/js/jquery.ad-gallery.js n'existe pas.
16:28:12 | 5.75 mb | - >> Le fichier : /AstridV1/Web/images/calendrier.jpg n'existe pas.
16:28:12 | 5.75 mb | - >> Le fichier : /AstridV1/Web/images/bulles_log_23.jpg n'existe pas.
16:28:12 | 5.75 mb | - >> Le fichier : /AstridV1/Web/images/megaphone.jpg n'existe pas.
16:28:12 | 5.75 mb | - >> Le fichier : /AstridV1/Web/images/cle_29.jpg n'existe pas.
16:28:12 | 5.75 mb | - >> Le fichier : /AstridV1/Web/images/blocnote.jpg n'existe pas.
16:28:12 | 5.75 mb | - >> Le fichier : /AstridV1/Web/images/lien.jpg n'existe pas.
16:29:06 | 5.75 mb | - >> Le fichier : /AstridV1/Web/css/slider.png n'existe pas.
16:29:06 | 5.75 mb | - >> Le fichier : /AstridV1/Web/css/loading.gif n'existe pas.
16:29:07 | 5.75 mb | - >> Le fichier : /AstridV1/Web/images/cle_29.jpg n'existe pas.
16:29:07 | 5.75 mb | - >> Le fichier : /AstridV1/Web/images/bulles_log_23.jpg n'existe pas.
16:29:07 | 5.75 mb | - >> Le fichier : /AstridV1/Web/images/megaphone.jpg n'existe pas.
16:29:07 | 5.75 mb | - >> Le fichier : /AstridV1/Web/images/calendrier.jpg n'existe pas.
16:29:07 | 5.75 mb | - >> Le fichier : /AstridV1/Web/images/blocnote.jpg n'existe pas.
16:29:07 | 5.75 mb | - >> Le fichier : /AstridV1/Web/images/lien.jpg n'existe pas.
16:29:09 | 5.75 mb | - >> Le fichier : /AstridV1/Web/css/controlnav.png n'existe pas.
16:29:09 | 5.75 mb | - >> Le fichier : /AstridV1/Web/css/bullets.png n'existe pas.
16:29:58 | 5.75 mb | - >> Erreur 404 sur la page : console du controller DefaultController
16:29:58 | 5.75 mb | - >> Le fichier : /AstridV1/url-error/web/js/jquery.nivo.slider.js n'existe pas.
16:29:58 | 5.75 mb | - >> Le fichier : /AstridV1/url-error/web/js/jquery.js n'existe pas.
16:29:59 | 5.75 mb | - >> Le fichier : /AstridV1/url-error/web/js/jquery-ui.js n'existe pas.
16:29:59 | 5.75 mb | - >> Le fichier : /AstridV1/url-error/web/js/jquery.ad-gallery.js n'existe pas.
16:29:59 | 5.75 mb | - >> Le fichier : /AstridV1/Web/images/calendrier.jpg n'existe pas.
16:29:59 | 5.75 mb | - >> Le fichier : /AstridV1/Web/images/bulles_log_23.jpg n'existe pas.
16:29:59 | 5.75 mb | - >> Le fichier : /AstridV1/Web/images/megaphone.jpg n'existe pas.
16:29:59 | 5.75 mb | - >> Le fichier : /AstridV1/Web/images/cle_29.jpg n'existe pas.
16:30:00 | 5.75 mb | - >> Le fichier : /AstridV1/Web/images/blocnote.jpg n'existe pas.
16:30:00 | 5.75 mb | - >> Le fichier : /AstridV1/Web/images/lien.jpg n'existe pas.
16:55:36 | 5.75 mb | - >> Erreur 404 sur la page : createfirstschema du controller DefaultController
16:55:37 | 5.75 mb | - >> Le fichier : /AstridV1/url-error/web/js/jquery.js n'existe pas.
16:55:37 | 5.75 mb | - >> Le fichier : /AstridV1/url-error/web/js/jquery-ui.js n'existe pas.
16:55:37 | 5.75 mb | - >> Le fichier : /AstridV1/url-error/web/js/jquery.nivo.slider.js n'existe pas.
16:55:37 | 5.75 mb | - >> Le fichier : /AstridV1/url-error/web/js/jquery.ad-gallery.js n'existe pas.
16:55:38 | 5.75 mb | - >> Le fichier : /AstridV1/Web/images/calendrier.jpg n'existe pas.
16:55:38 | 5.75 mb | - >> Le fichier : /AstridV1/Web/images/bulles_log_23.jpg n'existe pas.
16:55:38 | 5.75 mb | - >> Le fichier : /AstridV1/Web/images/megaphone.jpg n'existe pas.
16:55:38 | 5.75 mb | - >> Le fichier : /AstridV1/Web/images/cle_29.jpg n'existe pas.
16:55:38 | 5.75 mb | - >> Le fichier : /AstridV1/Web/images/blocnote.jpg n'existe pas.
16:55:38 | 5.75 mb | - >> Le fichier : /AstridV1/Web/images/lien.jpg n'existe pas.
17:10:35 | 5.75 mb | - >> Erreur 404 sur la page : console du controller DefaultController
17:10:35 | 5.75 mb | - >> Le fichier : /AstridV1/url-error/web/js/jquery.js n'existe pas.
17:10:35 | 5.75 mb | - >> Le fichier : /AstridV1/url-error/web/js/jquery-ui.js n'existe pas.
17:10:35 | 5.75 mb | - >> Le fichier : /AstridV1/url-error/web/js/jquery.nivo.slider.js n'existe pas.
17:10:35 | 5.75 mb | - >> Le fichier : /AstridV1/url-error/web/js/jquery.ad-gallery.js n'existe pas.
17:10:35 | 5.75 mb | - >> Le fichier : /AstridV1/Web/images/calendrier.jpg n'existe pas.
17:10:35 | 5.75 mb | - >> Le fichier : /AstridV1/Web/images/bulles_log_23.jpg n'existe pas.
17:10:35 | 5.75 mb | - >> Le fichier : /AstridV1/Web/images/cle_29.jpg n'existe pas.
17:10:36 | 5.75 mb | - >> Le fichier : /AstridV1/Web/images/megaphone.jpg n'existe pas.
17:10:36 | 5.75 mb | - >> Le fichier : /AstridV1/Web/images/blocnote.jpg n'existe pas.
17:10:36 | 5.75 mb | - >> Le fichier : /AstridV1/Web/images/lien.jpg n'existe pas.
17:10:43 | 5.75 mb | - >> Le fichier : /AstridV1/url-error/web/js/jquery.js n'existe pas.
17:10:43 | 5.75 mb | - >> Le fichier : /AstridV1/url-error/web/js/jquery-ui.js n'existe pas.
17:10:43 | 5.75 mb | - >> Le fichier : /AstridV1/url-error/web/js/jquery.nivo.slider.js n'existe pas.
17:10:43 | 5.75 mb | - >> Le fichier : /AstridV1/url-error/web/js/jquery.ad-gallery.js n'existe pas.
17:10:44 | 5.75 mb | - >> Le fichier : /AstridV1/Web/images/calendrier.jpg n'existe pas.
17:10:44 | 5.75 mb | - >> Le fichier : /AstridV1/Web/images/bulles_log_23.jpg n'existe pas.
17:10:44 | 5.75 mb | - >> Le fichier : /AstridV1/Web/images/megaphone.jpg n'existe pas.
17:10:44 | 5.75 mb | - >> Le fichier : /AstridV1/Web/images/cle_29.jpg n'existe pas.
17:10:44 | 5.75 mb | - >> Le fichier : /AstridV1/Web/images/blocnote.jpg n'existe pas.
17:10:44 | 5.75 mb | - >> Le fichier : /AstridV1/Web/images/lien.jpg n'existe pas.
17:10:49 | 5.75 mb | - >> Erreur 404 sur la page : console du controller DefaultController
17:10:49 | 5.75 mb | - >> Le fichier : /AstridV1/Web/images/megaphone.jpg n'existe pas.
17:10:49 | 5.75 mb | - >> Le fichier : /AstridV1/Web/images/cle_29.jpg n'existe pas.
17:10:49 | 5.75 mb | - >> Le fichier : /AstridV1/Web/images/blocnote.jpg n'existe pas.
17:10:49 | 5.75 mb | - >> Le fichier : /AstridV1/Web/images/lien.jpg n'existe pas.
17:10:49 | 5.75 mb | - >> Le fichier : /AstridV1/Web/images/calendrier.jpg n'existe pas.
17:10:50 | 5.75 mb | - >> Le fichier : /AstridV1/Web/images/bulles_log_23.jpg n'existe pas.
17:10:55 | 5.75 mb | - >> Erreur 404 sur la page : console du controller DefaultController
17:10:55 | 5.75 mb | - >> Le fichier : /AstridV1/Web/images/calendrier.jpg n'existe pas.
17:10:55 | 5.75 mb | - >> Le fichier : /AstridV1/Web/images/bulles_log_23.jpg n'existe pas.
17:10:55 | 5.75 mb | - >> Le fichier : /AstridV1/Web/images/megaphone.jpg n'existe pas.
17:10:55 | 5.75 mb | - >> Le fichier : /AstridV1/Web/images/blocnote.jpg n'existe pas.
17:10:55 | 5.75 mb | - >> Le fichier : /AstridV1/Web/images/lien.jpg n'existe pas.
17:10:55 | 5.75 mb | - >> Le fichier : /AstridV1/Web/images/cle_29.jpg n'existe pas.
