13:50:55 | 7.75 mb | - >> Erreur 404 sur la page : console du controller DefaultController
13:50:55 | 7.75 mb | - >> Le fichier : /AstridV1/url-error/web/js/jquery.js n'existe pas.
13:50:55 | 7.75 mb | - >> Le fichier : /AstridV1/url-error/web/js/jquery-ui.js n'existe pas.
13:50:55 | 7.75 mb | - >> Le fichier : /AstridV1/url-error/web/js/jquery.nivo.slider.js n'existe pas.
13:50:55 | 7.75 mb | - >> Le fichier : /AstridV1/url-error/web/js/jquery.ad-gallery.js n'existe pas.
13:50:56 | 7.75 mb | - >> Le fichier : /AstridV1/Web/images/calendrier.jpg n'existe pas.
13:50:56 | 7.75 mb | - >> Le fichier : /AstridV1/Web/images/bulles_log_23.jpg n'existe pas.
13:50:56 | 7.75 mb | - >> Le fichier : /AstridV1/Web/images/megaphone.jpg n'existe pas.
13:50:56 | 7.75 mb | - >> Le fichier : /AstridV1/Web/images/cle_29.jpg n'existe pas.
13:50:56 | 7.75 mb | - >> Le fichier : /AstridV1/Web/images/blocnote.jpg n'existe pas.
13:50:56 | 7.75 mb | - >> Le fichier : /AstridV1/Web/images/lien.jpg n'existe pas.
13:55:06 | 7.75 mb | - >> Erreur 404 sur la page : console du controller DefaultController
13:55:06 | 7.75 mb | - >> Le fichier : /AstridV1/url-error/web/js/jquery.js n'existe pas.
13:55:06 | 7.75 mb | - >> Le fichier : /AstridV1/url-error/web/js/jquery-ui.js n'existe pas.
13:55:06 | 7.75 mb | - >> Le fichier : /AstridV1/url-error/web/js/jquery.ad-gallery.js n'existe pas.
13:55:06 | 7.75 mb | - >> Le fichier : /AstridV1/url-error/web/js/jquery.nivo.slider.js n'existe pas.
13:55:08 | 7.75 mb | - >> Le fichier : /AstridV1/Web/images/calendrier.jpg n'existe pas.
13:55:08 | 7.75 mb | - >> Le fichier : /AstridV1/Web/images/bulles_log_23.jpg n'existe pas.
13:55:08 | 7.75 mb | - >> Le fichier : /AstridV1/Web/images/blocnote.jpg n'existe pas.
13:55:08 | 7.75 mb | - >> Le fichier : /AstridV1/Web/images/cle_29.jpg n'existe pas.
13:55:08 | 7.75 mb | - >> Le fichier : /AstridV1/Web/images/megaphone.jpg n'existe pas.
13:55:08 | 7.75 mb | - >> Le fichier : /AstridV1/Web/images/lien.jpg n'existe pas.
13:59:23 | 7.75 mb | - >> Erreur 404 sur la page : console du controller DefaultController
13:59:23 | 7.75 mb | - >> Le fichier : /AstridV1/url-error/web/js/jquery.js n'existe pas.
13:59:23 | 7.75 mb | - >> Le fichier : /AstridV1/url-error/web/js/jquery-ui.js n'existe pas.
13:59:23 | 7.75 mb | - >> Le fichier : /AstridV1/url-error/web/js/jquery.nivo.slider.js n'existe pas.
13:59:23 | 7.75 mb | - >> Le fichier : /AstridV1/url-error/web/js/jquery.ad-gallery.js n'existe pas.
13:59:23 | 7.75 mb | - >> Le fichier : /AstridV1/Web/images/calendrier.jpg n'existe pas.
13:59:23 | 7.75 mb | - >> Le fichier : /AstridV1/Web/images/bulles_log_23.jpg n'existe pas.
13:59:23 | 7.75 mb | - >> Le fichier : /AstridV1/Web/images/megaphone.jpg n'existe pas.
13:59:23 | 7.75 mb | - >> Le fichier : /AstridV1/Web/images/cle_29.jpg n'existe pas.
13:59:23 | 7.75 mb | - >> Le fichier : /AstridV1/Web/images/blocnote.jpg n'existe pas.
13:59:23 | 7.75 mb | - >> Le fichier : /AstridV1/Web/images/lien.jpg n'existe pas.
14:29:41 | 7.75 mb | Florian M. >> Le fichier : /AstridV1/Web/css/slider.png n'existe pas.
14:29:41 | 7.75 mb | Florian M. >> Le fichier : /AstridV1/Web/css/loading.gif n'existe pas.
14:29:41 | 7.75 mb | Florian M. >> Le fichier : /AstridV1/Web/images/calendrier.jpg n'existe pas.
14:29:41 | 7.75 mb | Florian M. >> Le fichier : /AstridV1/Web/images/bulles_log_23.jpg n'existe pas.
14:29:41 | 7.75 mb | Florian M. >> Le fichier : /AstridV1/Web/images/megaphone.jpg n'existe pas.
14:29:41 | 7.75 mb | Florian M. >> Le fichier : /AstridV1/Web/images/cle_29.jpg n'existe pas.
14:29:41 | 7.75 mb | Florian M. >> Le fichier : /AstridV1/Web/images/blocnote.jpg n'existe pas.
14:29:41 | 7.75 mb | Florian M. >> Le fichier : /AstridV1/Web/images/lien.jpg n'existe pas.
14:29:42 | 7.75 mb | Florian M. >> Le fichier : /AstridV1/Web/css/controlnav.png n'existe pas.
14:29:42 | 7.75 mb | Florian M. >> Le fichier : /AstridV1/Web/css/bullets.png n'existe pas.
14:29:46 | 7.75 mb | Florian M. >> Le fichier : /AstridV1/Web/images/calendrier.jpg n'existe pas.
14:29:46 | 7.75 mb | Florian M. >> Le fichier : /AstridV1/Web/images/bulles_log_23.jpg n'existe pas.
14:29:46 | 7.75 mb | Florian M. >> Le fichier : /AstridV1/Web/images/megaphone.jpg n'existe pas.
14:29:46 | 7.75 mb | Florian M. >> Le fichier : /AstridV1/Web/images/cle_29.jpg n'existe pas.
14:29:46 | 7.75 mb | Florian M. >> Le fichier : /AstridV1/Web/images/blocnote.jpg n'existe pas.
14:29:46 | 7.75 mb | Florian M. >> Le fichier : /AstridV1/Web/images/lien.jpg n'existe pas.
14:59:52 | 7.75 mb | Florian M. >> Le fichier : /AstridV1/mode-pret-a-porter/web/css/style.css n'existe pas.
14:59:52 | 7.75 mb | Florian M. >> Le fichier : /AstridV1/mode-pret-a-porter/web/css/flora.accordion.css n'existe pas.
14:59:52 | 7.75 mb | Florian M. >> Le fichier : /AstridV1/mode-pret-a-porter/web/css/smoothness/jquery-ui-1.8.16.custom.css n'existe pas.
14:59:52 | 7.75 mb | Florian M. >> Le fichier : /AstridV1/mode-pret-a-porter/web/css/jquery.ad-gallery.css n'existe pas.
14:59:52 | 7.75 mb | Florian M. >> Le fichier : /AstridV1/mode-pret-a-porter/web/js/jquery.js n'existe pas.
14:59:52 | 7.75 mb | Florian M. >> Le fichier : /AstridV1/mode-pret-a-porter/web/js/jquery-ui.js n'existe pas.
14:59:52 | 7.75 mb | Florian M. >> Le fichier : /AstridV1/mode-pret-a-porter/web/js/jquery.nivo.slider.js n'existe pas.
14:59:53 | 7.75 mb | Florian M. >> Le fichier : /AstridV1/mode-pret-a-porter/web/js/jquery.ad-gallery.js n'existe pas.
14:59:53 | 7.75 mb | Florian M. >> Le fichier : /AstridV1/Web/images/calendrier.jpg n'existe pas.
14:59:53 | 7.75 mb | Florian M. >> Le fichier : /AstridV1/Web/images/bulles_log_23.jpg n'existe pas.
14:59:53 | 7.75 mb | Florian M. >> Le fichier : /AstridV1/Web/images/megaphone.jpg n'existe pas.
14:59:53 | 7.75 mb | Florian M. >> Le fichier : /AstridV1/Web/images/cle_29.jpg n'existe pas.
14:59:53 | 7.75 mb | Florian M. >> Le fichier : /AstridV1/Web/images/blocnote.jpg n'existe pas.
14:59:54 | 7.75 mb | Florian M. >> Le fichier : /AstridV1/Web/images/lien.jpg n'existe pas.
15:10:41 | 7.75 mb | Florian M. >> Le fichier : /AstridV1/Web/images/calendrier.jpg n'existe pas.
15:10:41 | 7.75 mb | Florian M. >> Le fichier : /AstridV1/Web/images/megaphone.jpg n'existe pas.
15:10:41 | 7.75 mb | Florian M. >> Le fichier : /AstridV1/Web/images/bulles_log_23.jpg n'existe pas.
15:10:42 | 7.75 mb | Florian M. >> Le fichier : /AstridV1/Web/images/blocnote.jpg n'existe pas.
15:10:42 | 7.75 mb | Florian M. >> Le fichier : /AstridV1/Web/images/cle_29.jpg n'existe pas.
15:10:42 | 7.75 mb | Florian M. >> Le fichier : /AstridV1/Web/images/lien.jpg n'existe pas.
15:10:44 | 7.75 mb | Florian M. >> Le fichier : /AstridV1/Web/images/calendrier.jpg n'existe pas.
15:10:44 | 7.75 mb | Florian M. >> Le fichier : /AstridV1/Web/images/blocnote.jpg n'existe pas.
15:10:44 | 7.75 mb | Florian M. >> Le fichier : /AstridV1/Web/images/megaphone.jpg n'existe pas.
15:10:44 | 7.75 mb | Florian M. >> Le fichier : /AstridV1/Web/images/bulles_log_23.jpg n'existe pas.
15:10:44 | 7.75 mb | Florian M. >> Le fichier : /AstridV1/Web/images/cle_29.jpg n'existe pas.
15:10:44 | 7.75 mb | Florian M. >> Le fichier : /AstridV1/Web/images/lien.jpg n'existe pas.
15:36:17 | 7.75 mb | Florian M. >> Le fichier : /AstridV1/Web/images/calendrier.jpg n'existe pas.
15:36:18 | 7.75 mb | Florian M. >> Le fichier : /AstridV1/Web/images/bulles_log_23.jpg n'existe pas.
15:36:18 | 7.75 mb | Florian M. >> Le fichier : /AstridV1/Web/images/megaphone.jpg n'existe pas.
15:36:18 | 7.75 mb | Florian M. >> Le fichier : /AstridV1/Web/images/lien.jpg n'existe pas.
15:36:18 | 7.75 mb | Florian M. >> Le fichier : /AstridV1/Web/images/cle_29.jpg n'existe pas.
15:36:18 | 7.75 mb | Florian M. >> Le fichier : /AstridV1/Web/images/blocnote.jpg n'existe pas.
15:36:19 | 7.75 mb | Florian M. >> Le fichier : /AstridV1/web/images/mon_panier_09.jpg n'existe pas.
15:36:19 | 7.75 mb | Florian M. >> Le fichier : /AstridV1/Web/images/calendrier.jpg n'existe pas.
15:36:19 | 7.75 mb | Florian M. >> Le fichier : /AstridV1/Web/images/bulles_log_23.jpg n'existe pas.
15:36:19 | 7.75 mb | Florian M. >> Le fichier : /AstridV1/Web/images/megaphone.jpg n'existe pas.
15:36:19 | 7.75 mb | Florian M. >> Le fichier : /AstridV1/Web/images/cle_29.jpg n'existe pas.
15:36:19 | 7.75 mb | Florian M. >> Le fichier : /AstridV1/Web/images/blocnote.jpg n'existe pas.
15:36:19 | 7.75 mb | Florian M. >> Le fichier : /AstridV1/Web/images/lien.jpg n'existe pas.
15:39:28 | 7.75 mb | Florian M. >> Le fichier : /AstridV1/Web/images/calendrier.jpg n'existe pas.
15:39:28 | 7.75 mb | Florian M. >> Le fichier : /AstridV1/Web/images/bulles_log_23.jpg n'existe pas.
15:39:28 | 7.75 mb | Florian M. >> Le fichier : /AstridV1/Web/images/cle_29.jpg n'existe pas.
15:39:28 | 7.75 mb | Florian M. >> Le fichier : /AstridV1/Web/images/blocnote.jpg n'existe pas.
15:39:28 | 7.75 mb | Florian M. >> Le fichier : /AstridV1/Web/images/megaphone.jpg n'existe pas.
15:39:29 | 7.75 mb | Florian M. >> Le fichier : /AstridV1/Web/images/lien.jpg n'existe pas.
15:39:32 | 7.75 mb | Florian M. >> Le fichier : /AstridV1/Web/images/bulles_log_23.jpg n'existe pas.
15:39:32 | 7.75 mb | Florian M. >> Le fichier : /AstridV1/Web/images/calendrier.jpg n'existe pas.
15:39:32 | 7.75 mb | Florian M. >> Le fichier : /AstridV1/Web/images/megaphone.jpg n'existe pas.
15:39:32 | 7.75 mb | Florian M. >> Le fichier : /AstridV1/Web/images/cle_29.jpg n'existe pas.
15:39:32 | 7.75 mb | Florian M. >> Le fichier : /AstridV1/Web/images/blocnote.jpg n'existe pas.
15:39:32 | 7.75 mb | Florian M. >> Le fichier : /AstridV1/Web/images/lien.jpg n'existe pas.
16:09:20 | 7.75 mb | Florian M. >> Le fichier : /AstridV1/Web/images/calendrier.jpg n'existe pas.
16:09:20 | 7.75 mb | Florian M. >> Le fichier : /AstridV1/Web/images/bulles_log_23.jpg n'existe pas.
16:09:20 | 7.75 mb | Florian M. >> Le fichier : /AstridV1/Web/images/megaphone.jpg n'existe pas.
16:09:20 | 7.75 mb | Florian M. >> Le fichier : /AstridV1/Web/images/cle_29.jpg n'existe pas.
16:09:20 | 7.75 mb | Florian M. >> Le fichier : /AstridV1/Web/images/blocnote.jpg n'existe pas.
16:09:20 | 7.75 mb | Florian M. >> Le fichier : /AstridV1/Web/images/lien.jpg n'existe pas.
16:10:16 | 7.75 mb | Florian M. >> Le fichier : /AstridV1/mode-pret-a-porter/web/css/flora.accordion.css n'existe pas.
16:10:16 | 7.75 mb | Florian M. >> Le fichier : /AstridV1/mode-pret-a-porter/web/css/smoothness/jquery-ui-1.8.16.custom.css n'existe pas.
16:10:16 | 7.75 mb | Florian M. >> Le fichier : /AstridV1/mode-pret-a-porter/web/css/jquery.ad-gallery.css n'existe pas.
16:10:16 | 7.75 mb | Florian M. >> Le fichier : /AstridV1/mode-pret-a-porter/web/css/style.css n'existe pas.
16:10:17 | 7.75 mb | Florian M. >> Le fichier : /AstridV1/mode-pret-a-porter/web/js/jquery.js n'existe pas.
16:10:17 | 7.75 mb | Florian M. >> Le fichier : /AstridV1/mode-pret-a-porter/web/js/jquery-ui.js n'existe pas.
16:10:17 | 7.75 mb | Florian M. >> Le fichier : /AstridV1/mode-pret-a-porter/web/js/jquery.nivo.slider.js n'existe pas.
16:10:17 | 7.75 mb | Florian M. >> Le fichier : /AstridV1/mode-pret-a-porter/web/js/jquery.ad-gallery.js n'existe pas.
16:10:17 | 7.75 mb | Florian M. >> Le fichier : /AstridV1/Web/images/calendrier.jpg n'existe pas.
16:10:17 | 7.75 mb | Florian M. >> Le fichier : /AstridV1/Web/images/bulles_log_23.jpg n'existe pas.
16:10:17 | 7.75 mb | Florian M. >> Le fichier : /AstridV1/Web/images/megaphone.jpg n'existe pas.
16:10:17 | 7.75 mb | Florian M. >> Le fichier : /AstridV1/Web/images/cle_29.jpg n'existe pas.
16:10:17 | 7.75 mb | Florian M. >> Le fichier : /AstridV1/Web/images/blocnote.jpg n'existe pas.
16:10:18 | 7.75 mb | Florian M. >> Le fichier : /AstridV1/Web/images/lien.jpg n'existe pas.
16:10:19 | 7.75 mb | Florian M. >> Le fichier : /AstridV1/Web/images/calendrier.jpg n'existe pas.
16:10:19 | 7.75 mb | Florian M. >> Le fichier : /AstridV1/Web/images/bulles_log_23.jpg n'existe pas.
16:10:19 | 7.75 mb | Florian M. >> Le fichier : /AstridV1/Web/images/megaphone.jpg n'existe pas.
16:10:19 | 7.75 mb | Florian M. >> Le fichier : /AstridV1/Web/images/cle_29.jpg n'existe pas.
16:10:19 | 7.75 mb | Florian M. >> Le fichier : /AstridV1/Web/images/blocnote.jpg n'existe pas.
16:10:19 | 7.75 mb | Florian M. >> Le fichier : /AstridV1/Web/images/lien.jpg n'existe pas.
16:10:20 | 7.75 mb | Florian M. >> Le fichier : /AstridV1/Web/images/calendrier.jpg n'existe pas.
16:10:20 | 7.75 mb | Florian M. >> Le fichier : /AstridV1/Web/images/bulles_log_23.jpg n'existe pas.
16:10:20 | 7.75 mb | Florian M. >> Le fichier : /AstridV1/Web/images/cle_29.jpg n'existe pas.
16:10:20 | 7.75 mb | Florian M. >> Le fichier : /AstridV1/Web/images/megaphone.jpg n'existe pas.
16:10:21 | 7.75 mb | Florian M. >> Le fichier : /AstridV1/Web/images/lien.jpg n'existe pas.
16:10:21 | 7.75 mb | Florian M. >> Le fichier : /AstridV1/Web/images/blocnote.jpg n'existe pas.
16:14:33 | 7.75 mb | Florian M. >> Le fichier : /AstridV1/Web/images/calendrier.jpg n'existe pas.
16:14:33 | 7.75 mb | Florian M. >> Le fichier : /AstridV1/Web/images/bulles_log_23.jpg n'existe pas.
16:14:33 | 7.75 mb | Florian M. >> Le fichier : /AstridV1/Web/images/megaphone.jpg n'existe pas.
16:14:33 | 7.75 mb | Florian M. >> Le fichier : /AstridV1/Web/images/cle_29.jpg n'existe pas.
16:14:33 | 7.75 mb | Florian M. >> Le fichier : /AstridV1/Web/images/lien.jpg n'existe pas.
16:14:34 | 7.75 mb | Florian M. >> Le fichier : /AstridV1/Web/images/blocnote.jpg n'existe pas.
16:16:40 | 7.75 mb | Florian M. >> Le fichier : /AstridV1/Web/images/calendrier.jpg n'existe pas.
16:16:40 | 7.75 mb | Florian M. >> Le fichier : /AstridV1/Web/images/bulles_log_23.jpg n'existe pas.
16:16:40 | 7.75 mb | Florian M. >> Le fichier : /AstridV1/Web/images/megaphone.jpg n'existe pas.
16:16:40 | 7.75 mb | Florian M. >> Le fichier : /AstridV1/Web/images/cle_29.jpg n'existe pas.
16:16:40 | 7.75 mb | Florian M. >> Le fichier : /AstridV1/Web/images/blocnote.jpg n'existe pas.
16:16:40 | 7.75 mb | Florian M. >> Le fichier : /AstridV1/Web/images/lien.jpg n'existe pas.
16:16:42 | 7.75 mb | Florian M. >> Le fichier : /AstridV1/Web/images/bulles_log_23.jpg n'existe pas.
16:16:42 | 7.75 mb | Florian M. >> Le fichier : /AstridV1/Web/images/calendrier.jpg n'existe pas.
16:16:42 | 7.75 mb | Florian M. >> Le fichier : /AstridV1/Web/images/megaphone.jpg n'existe pas.
16:16:42 | 7.75 mb | Florian M. >> Le fichier : /AstridV1/Web/images/cle_29.jpg n'existe pas.
16:16:42 | 7.75 mb | Florian M. >> Le fichier : /AstridV1/Web/images/blocnote.jpg n'existe pas.
16:16:42 | 7.75 mb | Florian M. >> Le fichier : /AstridV1/Web/images/lien.jpg n'existe pas.
16:16:42 | 7.75 mb | Florian M. >> Le fichier : /AstridV1/web/css/trans.gif n'existe pas.
16:19:41 | 7.75 mb | Florian M. >> Le fichier : /AstridV1/mode-pret-a-porter/web/css/style.css n'existe pas.
16:19:41 | 7.75 mb | Florian M. >> Le fichier : /AstridV1/mode-pret-a-porter/web/js/jquery.js n'existe pas.
16:19:41 | 7.75 mb | Florian M. >> Le fichier : /AstridV1/mode-pret-a-porter/web/css/flora.accordion.css n'existe pas.
16:19:42 | 7.75 mb | Florian M. >> Le fichier : /AstridV1/mode-pret-a-porter/web/css/jquery.ad-gallery.css n'existe pas.
16:19:42 | 7.75 mb | Florian M. >> Le fichier : /AstridV1/mode-pret-a-porter/web/css/smoothness/jquery-ui-1.8.16.custom.css n'existe pas.
16:19:42 | 7.75 mb | Florian M. >> Le fichier : /AstridV1/mode-pret-a-porter/web/js/jquery-ui.js n'existe pas.
16:19:42 | 7.75 mb | Florian M. >> Le fichier : /AstridV1/mode-pret-a-porter/web/js/jquery.nivo.slider.js n'existe pas.
16:19:42 | 7.75 mb | Florian M. >> Le fichier : /AstridV1/mode-pret-a-porter/web/js/jquery.ad-gallery.js n'existe pas.
16:19:42 | 7.75 mb | Florian M. >> Le fichier : /AstridV1/Web/images/bulles_log_23.jpg n'existe pas.
16:19:42 | 7.75 mb | Florian M. >> Le fichier : /AstridV1/Web/images/calendrier.jpg n'existe pas.
16:19:42 | 7.75 mb | Florian M. >> Le fichier : /AstridV1/Web/images/megaphone.jpg n'existe pas.
16:19:42 | 7.75 mb | Florian M. >> Le fichier : /AstridV1/Web/images/cle_29.jpg n'existe pas.
16:19:42 | 7.75 mb | Florian M. >> Le fichier : /AstridV1/Web/images/blocnote.jpg n'existe pas.
16:19:43 | 7.75 mb | Florian M. >> Le fichier : /AstridV1/Web/images/lien.jpg n'existe pas.
16:20:51 | 7.75 mb | Florian M. >> Le fichier : /AstridV1/Web/images/calendrier.jpg n'existe pas.
16:20:51 | 7.75 mb | Florian M. >> Le fichier : /AstridV1/Web/images/bulles_log_23.jpg n'existe pas.
16:20:51 | 7.75 mb | Florian M. >> Le fichier : /AstridV1/Web/images/cle_29.jpg n'existe pas.
16:20:51 | 7.75 mb | Florian M. >> Le fichier : /AstridV1/Web/images/megaphone.jpg n'existe pas.
16:20:51 | 7.75 mb | Florian M. >> Le fichier : /AstridV1/Web/images/blocnote.jpg n'existe pas.
16:20:51 | 7.75 mb | Florian M. >> Le fichier : /AstridV1/Web/images/lien.jpg n'existe pas.
16:21:07 | 7.75 mb | Florian M. >> Le fichier : /AstridV1/Web/images/calendrier.jpg n'existe pas.
16:21:07 | 7.75 mb | Florian M. >> Le fichier : /AstridV1/Web/images/megaphone.jpg n'existe pas.
16:21:07 | 7.75 mb | Florian M. >> Le fichier : /AstridV1/Web/images/bulles_log_23.jpg n'existe pas.
16:21:07 | 7.75 mb | Florian M. >> Le fichier : /AstridV1/Web/images/cle_29.jpg n'existe pas.
16:21:07 | 7.75 mb | Florian M. >> Le fichier : /AstridV1/Web/images/blocnote.jpg n'existe pas.
16:21:07 | 7.75 mb | Florian M. >> Le fichier : /AstridV1/Web/images/lien.jpg n'existe pas.
16:22:30 | 7.75 mb | Florian M. >> Le fichier : /AstridV1/Web/images/calendrier.jpg n'existe pas.
16:22:31 | 7.75 mb | Florian M. >> Le fichier : /AstridV1/Web/images/bulles_log_23.jpg n'existe pas.
16:22:31 | 7.75 mb | Florian M. >> Le fichier : /AstridV1/Web/images/cle_29.jpg n'existe pas.
16:22:31 | 7.75 mb | Florian M. >> Le fichier : /AstridV1/Web/images/megaphone.jpg n'existe pas.
16:22:31 | 7.75 mb | Florian M. >> Le fichier : /AstridV1/Web/images/blocnote.jpg n'existe pas.
16:22:31 | 7.75 mb | Florian M. >> Le fichier : /AstridV1/Web/images/lien.jpg n'existe pas.
16:22:50 | 7.75 mb | Florian M. >> Le fichier : /AstridV1/Web/images/calendrier.jpg n'existe pas.
16:22:51 | 7.75 mb | Florian M. >> Le fichier : /AstridV1/Web/images/bulles_log_23.jpg n'existe pas.
16:22:51 | 7.75 mb | Florian M. >> Le fichier : /AstridV1/Web/images/megaphone.jpg n'existe pas.
16:22:51 | 7.75 mb | Florian M. >> Le fichier : /AstridV1/Web/images/cle_29.jpg n'existe pas.
16:22:51 | 7.75 mb | Florian M. >> Le fichier : /AstridV1/Web/images/blocnote.jpg n'existe pas.
16:22:51 | 7.75 mb | Florian M. >> Le fichier : /AstridV1/Web/images/lien.jpg n'existe pas.
16:22:53 | 7.75 mb | Florian M. >> Le fichier : /AstridV1/Web/images/calendrier.jpg n'existe pas.
16:22:53 | 7.75 mb | Florian M. >> Le fichier : /AstridV1/Web/images/blocnote.jpg n'existe pas.
16:22:53 | 7.75 mb | Florian M. >> Le fichier : /AstridV1/Web/images/megaphone.jpg n'existe pas.
16:22:53 | 7.75 mb | Florian M. >> Le fichier : /AstridV1/Web/images/bulles_log_23.jpg n'existe pas.
16:22:53 | 7.75 mb | Florian M. >> Le fichier : /AstridV1/Web/images/cle_29.jpg n'existe pas.
16:22:53 | 7.75 mb | Florian M. >> Le fichier : /AstridV1/Web/images/lien.jpg n'existe pas.
16:23:16 | 7.75 mb | Florian M. >> Le fichier : /AstridV1/Web/images/calendrier.jpg n'existe pas.
16:23:16 | 7.75 mb | Florian M. >> Le fichier : /AstridV1/Web/images/megaphone.jpg n'existe pas.
16:23:17 | 7.75 mb | Florian M. >> Le fichier : /AstridV1/Web/images/cle_29.jpg n'existe pas.
16:23:17 | 7.75 mb | Florian M. >> Le fichier : /AstridV1/Web/images/blocnote.jpg n'existe pas.
16:23:17 | 7.75 mb | Florian M. >> Le fichier : /AstridV1/Web/images/bulles_log_23.jpg n'existe pas.
16:23:17 | 7.75 mb | Florian M. >> Le fichier : /AstridV1/Web/images/lien.jpg n'existe pas.
16:23:20 | 7.75 mb | Florian M. >> Le fichier : /AstridV1/Web/images/calendrier.jpg n'existe pas.
16:23:20 | 7.75 mb | Florian M. >> Le fichier : /AstridV1/Web/images/bulles_log_23.jpg n'existe pas.
16:23:20 | 7.75 mb | Florian M. >> Le fichier : /AstridV1/Web/images/lien.jpg n'existe pas.
16:23:20 | 7.75 mb | Florian M. >> Le fichier : /AstridV1/Web/images/cle_29.jpg n'existe pas.
16:23:20 | 7.75 mb | Florian M. >> Le fichier : /AstridV1/Web/images/blocnote.jpg n'existe pas.
16:23:20 | 7.75 mb | Florian M. >> Le fichier : /AstridV1/Web/images/megaphone.jpg n'existe pas.
16:23:30 | 7.75 mb | Florian M. >> Le fichier : /AstridV1/Web/images/calendrier.jpg n'existe pas.
16:23:30 | 7.75 mb | Florian M. >> Le fichier : /AstridV1/Web/images/cle_29.jpg n'existe pas.
16:23:30 | 7.75 mb | Florian M. >> Le fichier : /AstridV1/Web/images/blocnote.jpg n'existe pas.
16:23:30 | 7.75 mb | Florian M. >> Le fichier : /AstridV1/Web/images/bulles_log_23.jpg n'existe pas.
16:23:30 | 7.75 mb | Florian M. >> Le fichier : /AstridV1/Web/images/megaphone.jpg n'existe pas.
16:23:30 | 7.75 mb | Florian M. >> Le fichier : /AstridV1/Web/images/lien.jpg n'existe pas.
16:23:32 | 7.75 mb | Florian M. >> Le fichier : /AstridV1/Web/images/calendrier.jpg n'existe pas.
16:23:32 | 7.75 mb | Florian M. >> Le fichier : /AstridV1/Web/images/megaphone.jpg n'existe pas.
16:23:32 | 7.75 mb | Florian M. >> Le fichier : /AstridV1/Web/images/bulles_log_23.jpg n'existe pas.
16:23:32 | 7.75 mb | Florian M. >> Le fichier : /AstridV1/Web/images/lien.jpg n'existe pas.
16:23:32 | 7.75 mb | Florian M. >> Le fichier : /AstridV1/Web/images/cle_29.jpg n'existe pas.
16:23:32 | 7.75 mb | Florian M. >> Le fichier : /AstridV1/Web/images/blocnote.jpg n'existe pas.
16:26:01 | 7.75 mb | Florian M. >> Le fichier : /AstridV1/mode-pret-a-porter/web/css/style.css n'existe pas.
16:26:01 | 7.75 mb | Florian M. >> Le fichier : /AstridV1/mode-pret-a-porter/web/css/flora.accordion.css n'existe pas.
16:26:01 | 7.75 mb | Florian M. >> Le fichier : /AstridV1/mode-pret-a-porter/web/css/smoothness/jquery-ui-1.8.16.custom.css n'existe pas.
16:26:01 | 7.75 mb | Florian M. >> Le fichier : /AstridV1/mode-pret-a-porter/web/css/jquery.ad-gallery.css n'existe pas.
16:26:01 | 7.75 mb | Florian M. >> Le fichier : /AstridV1/mode-pret-a-porter/web/js/jquery.js n'existe pas.
16:26:01 | 7.75 mb | Florian M. >> Le fichier : /AstridV1/mode-pret-a-porter/web/js/jquery-ui.js n'existe pas.
16:26:02 | 7.75 mb | Florian M. >> Le fichier : /AstridV1/mode-pret-a-porter/web/js/jquery.nivo.slider.js n'existe pas.
16:26:02 | 7.75 mb | Florian M. >> Le fichier : /AstridV1/mode-pret-a-porter/web/js/jquery.ad-gallery.js n'existe pas.
16:26:02 | 7.75 mb | Florian M. >> Le fichier : /AstridV1/Web/images/calendrier.jpg n'existe pas.
16:26:02 | 7.75 mb | Florian M. >> Le fichier : /AstridV1/Web/images/bulles_log_23.jpg n'existe pas.
16:26:02 | 7.75 mb | Florian M. >> Le fichier : /AstridV1/Web/images/megaphone.jpg n'existe pas.
16:26:02 | 7.75 mb | Florian M. >> Le fichier : /AstridV1/Web/images/cle_29.jpg n'existe pas.
16:26:02 | 7.75 mb | Florian M. >> Le fichier : /AstridV1/Web/images/blocnote.jpg n'existe pas.
16:26:03 | 7.75 mb | Florian M. >> Le fichier : /AstridV1/Web/images/lien.jpg n'existe pas.
16:26:07 | 7.75 mb | Florian M. >> Le fichier : /AstridV1/Web/images/calendrier.jpg n'existe pas.
16:26:07 | 7.75 mb | Florian M. >> Le fichier : /AstridV1/Web/images/blocnote.jpg n'existe pas.
16:26:07 | 7.75 mb | Florian M. >> Le fichier : /AstridV1/Web/images/bulles_log_23.jpg n'existe pas.
16:26:07 | 7.75 mb | Florian M. >> Le fichier : /AstridV1/Web/images/megaphone.jpg n'existe pas.
16:26:07 | 7.75 mb | Florian M. >> Le fichier : /AstridV1/Web/images/cle_29.jpg n'existe pas.
16:26:07 | 7.75 mb | Florian M. >> Le fichier : /AstridV1/Web/images/lien.jpg n'existe pas.
