16:55:43 | 7.75 mb | Florian M. >> Le fichier : /AstridV1/Web/css/slider.png n'existe pas.
16:55:43 | 7.75 mb | Florian M. >> Le fichier : /AstridV1/Web/css/loading.gif n'existe pas.
16:55:43 | 7.75 mb | Florian M. >> Le fichier : /AstridV1/Web/images/calendrier.jpg n'existe pas.
16:55:43 | 7.75 mb | Florian M. >> Le fichier : /AstridV1/Web/images/bulles_log_23.jpg n'existe pas.
16:55:43 | 7.75 mb | Florian M. >> Le fichier : /AstridV1/Web/images/megaphone.jpg n'existe pas.
16:55:44 | 7.75 mb | Florian M. >> Le fichier : /AstridV1/Web/images/cle_29.jpg n'existe pas.
16:55:44 | 7.75 mb | Florian M. >> Le fichier : /AstridV1/Web/images/blocnote.jpg n'existe pas.
16:55:44 | 7.75 mb | Florian M. >> Le fichier : /AstridV1/Web/images/lien.jpg n'existe pas.
16:55:45 | 7.75 mb | Florian M. >> Le fichier : /AstridV1/Web/css/controlnav.png n'existe pas.
16:55:45 | 7.75 mb | Florian M. >> Le fichier : /AstridV1/Web/css/bullets.png n'existe pas.
16:56:37 | 7.75 mb | Florian M. >> Le fichier : /AstridV1/Web/images/cle_29.jpg n'existe pas.
16:56:37 | 7.75 mb | Florian M. >> Le fichier : /AstridV1/Web/images/bulles_log_23.jpg n'existe pas.
16:56:37 | 7.75 mb | Florian M. >> Le fichier : /AstridV1/Web/images/calendrier.jpg n'existe pas.
16:56:37 | 7.75 mb | Florian M. >> Le fichier : /AstridV1/Web/images/blocnote.jpg n'existe pas.
16:56:37 | 7.75 mb | Florian M. >> Le fichier : /AstridV1/Web/images/lien.jpg n'existe pas.
16:56:37 | 7.75 mb | Florian M. >> Le fichier : /AstridV1/Web/images/megaphone.jpg n'existe pas.
16:56:48 | 7.75 mb | Florian M. >> Le fichier : /AstridV1/mode-pret-a-porter/web/js/jquery.js n'existe pas.
16:56:48 | 7.75 mb | Florian M. >> Le fichier : /AstridV1/mode-pret-a-porter/web/js/jquery-ui.js n'existe pas.
16:56:48 | 7.75 mb | Florian M. >> Le fichier : /AstridV1/mode-pret-a-porter/web/js/jquery.ad-gallery.js n'existe pas.
16:56:48 | 7.75 mb | Florian M. >> Le fichier : /AstridV1/mode-pret-a-porter/web/js/jquery.nivo.slider.js n'existe pas.
16:56:48 | 7.75 mb | Florian M. >> Le fichier : /AstridV1/Web/images/calendrier.jpg n'existe pas.
16:56:48 | 7.75 mb | Florian M. >> Le fichier : /AstridV1/Web/images/bulles_log_23.jpg n'existe pas.
16:56:48 | 7.75 mb | Florian M. >> Le fichier : /AstridV1/Web/images/megaphone.jpg n'existe pas.
16:56:48 | 7.75 mb | Florian M. >> Le fichier : /AstridV1/Web/images/cle_29.jpg n'existe pas.
16:56:49 | 7.75 mb | Florian M. >> Le fichier : /AstridV1/Web/images/blocnote.jpg n'existe pas.
16:56:49 | 7.75 mb | Florian M. >> Le fichier : /AstridV1/Web/images/lien.jpg n'existe pas.
