18/11/2012 16:32|Florian M. >> UNKNOWN : FwkErrorHandler 0 - Exception : Le controller appelé : "AstridController" ne possède pas de méthode qui a pour nom webController in file C:\wamp\www\AstridV1\lib\Core\ControllerManager.php on line 45
18/11/2012 16:32|Florian M. >> UNKNOWN : FwkErrorHandler 0 - Exception : Le controller appelé : "AstridController" ne possède pas de méthode qui a pour nom webController in file C:\wamp\www\AstridV1\lib\Core\ControllerManager.php on line 45
18/11/2012 16:32|Florian M. >> UNKNOWN : FwkErrorHandler 0 - Exception : Le controller appelé : "AstridController" ne possède pas de méthode qui a pour nom webController in file C:\wamp\www\AstridV1\lib\Core\ControllerManager.php on line 45
18/11/2012 16:32|Florian M. >> UNKNOWN : FwkErrorHandler 0 - Exception : Le controller appelé : "AstridController" ne possède pas de méthode qui a pour nom webController in file C:\wamp\www\AstridV1\lib\Core\ControllerManager.php on line 45
18/11/2012 16:32|Florian M. >> UNKNOWN : FwkErrorHandler 0 - Exception : Le controller appelé : "AstridController" ne possède pas de méthode qui a pour nom webController in file C:\wamp\www\AstridV1\lib\Core\ControllerManager.php on line 45
18/11/2012 16:32|Florian M. >> UNKNOWN : FwkErrorHandler 0 - Exception : Le controller appelé : "AstridController" ne possède pas de méthode qui a pour nom webController in file C:\wamp\www\AstridV1\lib\Core\ControllerManager.php on line 45
18/11/2012 16:32|Florian M. >> UNKNOWN : FwkErrorHandler 0 - Exception : Le controller appelé : "AstridController" ne possède pas de méthode qui a pour nom webController in file C:\wamp\www\AstridV1\lib\Core\ControllerManager.php on line 45
18/11/2012 16:32|Florian M. >> UNKNOWN : FwkErrorHandler 0 - Exception : Le controller appelé : "AstridController" ne possède pas de méthode qui a pour nom webController in file C:\wamp\www\AstridV1\lib\Core\ControllerManager.php on line 45
18/11/2012 16:32|Florian M. >> UNKNOWN : FwkErrorHandler 0 - Exception : Le controller appelé : "AstridController" ne possède pas de méthode qui a pour nom webController in file C:\wamp\www\AstridV1\lib\Core\ControllerManager.php on line 45
18/11/2012 16:32|Florian M. >> UNKNOWN : FwkErrorHandler 0 - Exception : Le controller appelé : "AstridController" ne possède pas de méthode qui a pour nom webController in file C:\wamp\www\AstridV1\lib\Core\ControllerManager.php on line 45
18/11/2012 16:32|Florian M. >> UNKNOWN : FwkErrorHandler 0 - Exception : Le controller appelé : "AstridController" ne possède pas de méthode qui a pour nom webController in file C:\wamp\www\AstridV1\lib\Core\ControllerManager.php on line 45
18/11/2012 16:32|Florian M. >> UNKNOWN : FwkErrorHandler 0 - Exception : Le controller appelé : "AstridController" ne possède pas de méthode qui a pour nom webController in file C:\wamp\www\AstridV1\lib\Core\ControllerManager.php on line 45
18/11/2012 16:45|Florian M. >> Warning : FwkErrorHandler 2 - require(../lib\Entities\Clients.php) [<a href='function.require'>function.require</a>]: failed to open stream: No such file or directory in file C:\wamp\www\AstridV1\lib\Doctrine\Doctrine\Common\ClassLoader.php on line 163
18/11/2012 16:45|Florian M. >> UNKNOWN : FwkErrorHandler 0 - Exception : Le controller appelé : "AstridController" ne possède pas de méthode qui a pour nom webController in file C:\wamp\www\AstridV1\lib\Core\ControllerManager.php on line 45
18/11/2012 16:45|Florian M. >> UNKNOWN : FwkErrorHandler 0 - Exception : Le controller appelé : "AstridController" ne possède pas de méthode qui a pour nom webController in file C:\wamp\www\AstridV1\lib\Core\ControllerManager.php on line 45
18/11/2012 16:45|Florian M. >> UNKNOWN : FwkErrorHandler 0 - Exception : Le controller appelé : "AstridController" ne possède pas de méthode qui a pour nom webController in file C:\wamp\www\AstridV1\lib\Core\ControllerManager.php on line 45
18/11/2012 16:45|Florian M. >> UNKNOWN : FwkErrorHandler 0 - Exception : Le controller appelé : "AstridController" ne possède pas de méthode qui a pour nom webController in file C:\wamp\www\AstridV1\lib\Core\ControllerManager.php on line 45
18/11/2012 16:45|Florian M. >> UNKNOWN : FwkErrorHandler 0 - Exception : Le controller appelé : "AstridController" ne possède pas de méthode qui a pour nom webController in file C:\wamp\www\AstridV1\lib\Core\ControllerManager.php on line 45
18/11/2012 16:45|Florian M. >> UNKNOWN : FwkErrorHandler 0 - Exception : Le controller appelé : "AstridController" ne possède pas de méthode qui a pour nom webController in file C:\wamp\www\AstridV1\lib\Core\ControllerManager.php on line 45
18/11/2012 16:45|Florian M. >> UNKNOWN : FwkErrorHandler 0 - Exception : Le controller appelé : "AstridController" ne possède pas de méthode qui a pour nom webController in file C:\wamp\www\AstridV1\lib\Core\ControllerManager.php on line 45
18/11/2012 16:45|Florian M. >> UNKNOWN : FwkErrorHandler 0 - Exception : Le controller appelé : "AstridController" ne possède pas de méthode qui a pour nom webController in file C:\wamp\www\AstridV1\lib\Core\ControllerManager.php on line 45
18/11/2012 16:45|Florian M. >> UNKNOWN : FwkErrorHandler 0 - Exception : Le controller appelé : "AstridController" ne possède pas de méthode qui a pour nom webController in file C:\wamp\www\AstridV1\lib\Core\ControllerManager.php on line 45
18/11/2012 16:45|Florian M. >> UNKNOWN : FwkErrorHandler 0 - Exception : Le controller appelé : "AstridController" ne possède pas de méthode qui a pour nom webController in file C:\wamp\www\AstridV1\lib\Core\ControllerManager.php on line 45
18/11/2012 16:45|Florian M. >> UNKNOWN : FwkErrorHandler 0 - Exception : Le controller appelé : "AstridController" ne possède pas de méthode qui a pour nom webController in file C:\wamp\www\AstridV1\lib\Core\ControllerManager.php on line 45
18/11/2012 16:45|Florian M. >> UNKNOWN : FwkErrorHandler 0 - Exception : Le controller appelé : "AstridController" ne possède pas de méthode qui a pour nom webController in file C:\wamp\www\AstridV1\lib\Core\ControllerManager.php on line 45
18/11/2012 16:45|Florian M. >> UNKNOWN : FwkErrorHandler 0 - Exception : Le controller appelé : "AstridController" ne possède pas de méthode qui a pour nom webController in file C:\wamp\www\AstridV1\lib\Core\ControllerManager.php on line 45
18/11/2012 16:45|Florian M. >> UNKNOWN : FwkErrorHandler 0 - Exception : Le controller appelé : "AstridController" ne possède pas de méthode qui a pour nom webController in file C:\wamp\www\AstridV1\lib\Core\ControllerManager.php on line 45
18/11/2012 16:45|Florian M. >> UNKNOWN : FwkErrorHandler 0 - Exception : Le controller appelé : "AstridController" ne possède pas de méthode qui a pour nom webController in file C:\wamp\www\AstridV1\lib\Core\ControllerManager.php on line 45
18/11/2012 16:45|Florian M. >> UNKNOWN : FwkErrorHandler 0 - Exception : Le controller appelé : "AstridController" ne possède pas de méthode qui a pour nom webController in file C:\wamp\www\AstridV1\lib\Core\ControllerManager.php on line 45
18/11/2012 16:45|Florian M. >> UNKNOWN : FwkErrorHandler 0 - Exception : Le controller appelé : "AstridController" ne possède pas de méthode qui a pour nom webController in file C:\wamp\www\AstridV1\lib\Core\ControllerManager.php on line 45
18/11/2012 16:45|Florian M. >> UNKNOWN : FwkErrorHandler 0 - Exception : Le controller appelé : "AstridController" ne possède pas de méthode qui a pour nom webController in file C:\wamp\www\AstridV1\lib\Core\ControllerManager.php on line 45
18/11/2012 16:45|Florian M. >> UNKNOWN : FwkErrorHandler 0 - Exception : Le controller appelé : "AstridController" ne possède pas de méthode qui a pour nom webController in file C:\wamp\www\AstridV1\lib\Core\ControllerManager.php on line 45
18/11/2012 16:45|Florian M. >> UNKNOWN : FwkErrorHandler 0 - Exception : Le controller appelé : "AstridController" ne possède pas de méthode qui a pour nom webController in file C:\wamp\www\AstridV1\lib\Core\ControllerManager.php on line 45
18/11/2012 16:45|Florian M. >> UNKNOWN : FwkErrorHandler 0 - Exception : Le controller appelé : "AstridController" ne possède pas de méthode qui a pour nom webController in file C:\wamp\www\AstridV1\lib\Core\ControllerManager.php on line 45
18/11/2012 16:45|Florian M. >> UNKNOWN : FwkErrorHandler 0 - Exception : Le controller appelé : "AstridController" ne possède pas de méthode qui a pour nom webController in file C:\wamp\www\AstridV1\lib\Core\ControllerManager.php on line 45
18/11/2012 16:45|Florian M. >> UNKNOWN : FwkErrorHandler 0 - Exception : Le controller appelé : "AstridController" ne possède pas de méthode qui a pour nom webController in file C:\wamp\www\AstridV1\lib\Core\ControllerManager.php on line 45
18/11/2012 16:45|Florian M. >> UNKNOWN : FwkErrorHandler 0 - Exception : Le controller appelé : "AstridController" ne possède pas de méthode qui a pour nom webController in file C:\wamp\www\AstridV1\lib\Core\ControllerManager.php on line 45
18/11/2012 16:46|Florian M. >> UNKNOWN : FwkErrorHandler 0 - Exception : Le controller appelé : "AstridController" ne possède pas de méthode qui a pour nom webController in file C:\wamp\www\AstridV1\lib\Core\ControllerManager.php on line 45
18/11/2012 16:46|Florian M. >> UNKNOWN : FwkErrorHandler 0 - Exception : Le controller appelé : "AstridController" ne possède pas de méthode qui a pour nom webController in file C:\wamp\www\AstridV1\lib\Core\ControllerManager.php on line 45
18/11/2012 16:46|Florian M. >> UNKNOWN : FwkErrorHandler 0 - Exception : Le controller appelé : "AstridController" ne possède pas de méthode qui a pour nom webController in file C:\wamp\www\AstridV1\lib\Core\ControllerManager.php on line 45
18/11/2012 16:46|Florian M. >> UNKNOWN : FwkErrorHandler 0 - Exception : Le controller appelé : "AstridController" ne possède pas de méthode qui a pour nom webController in file C:\wamp\www\AstridV1\lib\Core\ControllerManager.php on line 45
18/11/2012 16:46|Florian M. >> UNKNOWN : FwkErrorHandler 0 - Exception : Le controller appelé : "AstridController" ne possède pas de méthode qui a pour nom webController in file C:\wamp\www\AstridV1\lib\Core\ControllerManager.php on line 45
18/11/2012 16:46|Florian M. >> UNKNOWN : FwkErrorHandler 0 - Exception : Le controller appelé : "AstridController" ne possède pas de méthode qui a pour nom webController in file C:\wamp\www\AstridV1\lib\Core\ControllerManager.php on line 45
18/11/2012 16:46|Florian M. >> UNKNOWN : FwkErrorHandler 0 - Exception : Le controller appelé : "AstridController" ne possède pas de méthode qui a pour nom webController in file C:\wamp\www\AstridV1\lib\Core\ControllerManager.php on line 45
18/11/2012 16:46|Florian M. >> UNKNOWN : FwkErrorHandler 0 - Exception : Le controller appelé : "AstridController" ne possède pas de méthode qui a pour nom webController in file C:\wamp\www\AstridV1\lib\Core\ControllerManager.php on line 45
18/11/2012 16:46|Florian M. >> UNKNOWN : FwkErrorHandler 0 - Exception : Le controller appelé : "AstridController" ne possède pas de méthode qui a pour nom webController in file C:\wamp\www\AstridV1\lib\Core\ControllerManager.php on line 45
18/11/2012 16:46|Florian M. >> UNKNOWN : FwkErrorHandler 0 - Exception : Le controller appelé : "AstridController" ne possède pas de méthode qui a pour nom webController in file C:\wamp\www\AstridV1\lib\Core\ControllerManager.php on line 45
18/11/2012 16:46|Florian M. >> UNKNOWN : FwkErrorHandler 0 - Exception : Le controller appelé : "AstridController" ne possède pas de méthode qui a pour nom webController in file C:\wamp\www\AstridV1\lib\Core\ControllerManager.php on line 45
18/11/2012 16:46|Florian M. >> UNKNOWN : FwkErrorHandler 0 - Exception : Le controller appelé : "AstridController" ne possède pas de méthode qui a pour nom webController in file C:\wamp\www\AstridV1\lib\Core\ControllerManager.php on line 45
18/11/2012 18:26|Florian M. >> UNKNOWN : FwkErrorHandler 0 - Exception : Le controller appelé : "PrivateController" ne possède pas de méthode qui a pour nom webController in file C:\wamp\www\AstridV1\lib\Core\ControllerManager.php on line 45
18/11/2012 18:26|Florian M. >> UNKNOWN : FwkErrorHandler 0 - Exception : Le controller appelé : "PrivateController" ne possède pas de méthode qui a pour nom webController in file C:\wamp\www\AstridV1\lib\Core\ControllerManager.php on line 45
18/11/2012 18:26|Florian M. >> UNKNOWN : FwkErrorHandler 0 - Exception : Le controller appelé : "PrivateController" ne possède pas de méthode qui a pour nom webController in file C:\wamp\www\AstridV1\lib\Core\ControllerManager.php on line 45
18/11/2012 18:26|Florian M. >> UNKNOWN : FwkErrorHandler 0 - Exception : Le controller appelé : "PrivateController" ne possède pas de méthode qui a pour nom webController in file C:\wamp\www\AstridV1\lib\Core\ControllerManager.php on line 45
18/11/2012 18:26|Florian M. >> UNKNOWN : FwkErrorHandler 0 - Exception : Le controller appelé : "PrivateController" ne possède pas de méthode qui a pour nom webController in file C:\wamp\www\AstridV1\lib\Core\ControllerManager.php on line 45
18/11/2012 18:26|Florian M. >> UNKNOWN : FwkErrorHandler 0 - Exception : Le controller appelé : "PrivateController" ne possède pas de méthode qui a pour nom webController in file C:\wamp\www\AstridV1\lib\Core\ControllerManager.php on line 45
18/11/2012 18:26|Florian M. >> UNKNOWN : FwkErrorHandler 0 - Exception : Le controller appelé : "PrivateController" ne possède pas de méthode qui a pour nom webController in file C:\wamp\www\AstridV1\lib\Core\ControllerManager.php on line 45
18/11/2012 18:26|Florian M. >> UNKNOWN : FwkErrorHandler 0 - Exception : Le controller appelé : "PrivateController" ne possède pas de méthode qui a pour nom webController in file C:\wamp\www\AstridV1\lib\Core\ControllerManager.php on line 45
18/11/2012 18:26|Florian M. >> UNKNOWN : FwkErrorHandler 0 - Exception : Le controller appelé : "PrivateController" ne possède pas de méthode qui a pour nom webController in file C:\wamp\www\AstridV1\lib\Core\ControllerManager.php on line 45
18/11/2012 18:26|Florian M. >> UNKNOWN : FwkErrorHandler 0 - Exception : Le controller appelé : "PrivateController" ne possède pas de méthode qui a pour nom webController in file C:\wamp\www\AstridV1\lib\Core\ControllerManager.php on line 45
18/11/2012 18:26|Florian M. >> UNKNOWN : FwkErrorHandler 0 - Exception : Le controller appelé : "PrivateController" ne possède pas de méthode qui a pour nom webController in file C:\wamp\www\AstridV1\lib\Core\ControllerManager.php on line 45
18/11/2012 18:26|Florian M. >> UNKNOWN : FwkErrorHandler 0 - Exception : Le controller appelé : "PrivateController" ne possède pas de méthode qui a pour nom webController in file C:\wamp\www\AstridV1\lib\Core\ControllerManager.php on line 45
18/11/2012 22:24|Florian M. >> Warning : FwkErrorHandler 2 - file_put_contents(../lib/Doctrine/Doctrine/Proxies\__CG__EntitiesUnivers.php) [<a href='function.file-put-contents'>function.file-put-contents</a>]: failed to open stream: No such file or directory in file C:\wamp\www\AstridV1\lib\Doctrine\Doctrine\ORM\Proxy\ProxyFactory.php on line 187
18/11/2012 22:24|Florian M. >> UNKNOWN : FwkErrorHandler 0 - file_put_contents(../lib/Doctrine/Doctrine/Proxies\__CG__EntitiesUnivers.php) [<a href='function.file-put-contents'>function.file-put-contents</a>]: failed to open stream: No such file or directory in file C:\wamp\www\AstridV1\lib\Doctrine\Doctrine\ORM\Proxy\ProxyFactory.php on line 187
18/11/2012 22:28|Florian M. >> Recoverable Error : FwkErrorHandler 4096 - Object of class Proxies\__CG__\Entities\Univers could not be converted to string in file C:\wamp\www\AstridV1\lib\Core\FwkTable.php on line 305
18/11/2012 22:28|Florian M. >> UNKNOWN : FwkErrorHandler 0 - Object of class Proxies\__CG__\Entities\Univers could not be converted to string in file C:\wamp\www\AstridV1\lib\Core\FwkTable.php on line 305
18/11/2012 22:29|Florian M. >> UNKNOWN : FwkErrorHandler 0 - Exception : Le controller appelé : "AstridController" ne possède pas de méthode qui a pour nom webController in file C:\wamp\www\AstridV1\lib\Core\ControllerManager.php on line 45
18/11/2012 22:29|Florian M. >> UNKNOWN : FwkErrorHandler 0 - Exception : Le controller appelé : "AstridController" ne possède pas de méthode qui a pour nom webController in file C:\wamp\www\AstridV1\lib\Core\ControllerManager.php on line 45
18/11/2012 22:29|Florian M. >> UNKNOWN : FwkErrorHandler 0 - Exception : Le controller appelé : "AstridController" ne possède pas de méthode qui a pour nom webController in file C:\wamp\www\AstridV1\lib\Core\ControllerManager.php on line 45
18/11/2012 22:29|Florian M. >> UNKNOWN : FwkErrorHandler 0 - Exception : Le controller appelé : "AstridController" ne possède pas de méthode qui a pour nom webController in file C:\wamp\www\AstridV1\lib\Core\ControllerManager.php on line 45
18/11/2012 22:29|Florian M. >> UNKNOWN : FwkErrorHandler 0 - Exception : Le controller appelé : "AstridController" ne possède pas de méthode qui a pour nom webController in file C:\wamp\www\AstridV1\lib\Core\ControllerManager.php on line 45
18/11/2012 22:29|Florian M. >> UNKNOWN : FwkErrorHandler 0 - Exception : Le controller appelé : "AstridController" ne possède pas de méthode qui a pour nom webController in file C:\wamp\www\AstridV1\lib\Core\ControllerManager.php on line 45
18/11/2012 22:29|Florian M. >> UNKNOWN : FwkErrorHandler 0 - Exception : Le controller appelé : "AstridController" ne possède pas de méthode qui a pour nom webController in file C:\wamp\www\AstridV1\lib\Core\ControllerManager.php on line 45
18/11/2012 22:29|Florian M. >> UNKNOWN : FwkErrorHandler 0 - Exception : Le controller appelé : "AstridController" ne possède pas de méthode qui a pour nom webController in file C:\wamp\www\AstridV1\lib\Core\ControllerManager.php on line 45
18/11/2012 22:29|Florian M. >> UNKNOWN : FwkErrorHandler 0 - Exception : Le controller appelé : "AstridController" ne possède pas de méthode qui a pour nom webController in file C:\wamp\www\AstridV1\lib\Core\ControllerManager.php on line 45
18/11/2012 22:29|Florian M. >> UNKNOWN : FwkErrorHandler 0 - Exception : Le controller appelé : "AstridController" ne possède pas de méthode qui a pour nom webController in file C:\wamp\www\AstridV1\lib\Core\ControllerManager.php on line 45
18/11/2012 22:29|Florian M. >> UNKNOWN : FwkErrorHandler 0 - Exception : Le controller appelé : "AstridController" ne possède pas de méthode qui a pour nom webController in file C:\wamp\www\AstridV1\lib\Core\ControllerManager.php on line 45
18/11/2012 22:29|Florian M. >> UNKNOWN : FwkErrorHandler 0 - Exception : Le controller appelé : "AstridController" ne possède pas de méthode qui a pour nom webController in file C:\wamp\www\AstridV1\lib\Core\ControllerManager.php on line 45
18/11/2012 22:29|- >> Recoverable Error : FwkErrorHandler 4096 - Argument 1 passed to Entities\Article::setUnivers() must be an instance of Entities\Univers, string given, called in C:\wamp\www\AstridV1\gestion\ajax\DefaultAjax.php on line 203 and defined in file C:\wamp\www\AstridV1\lib\Entities\Article.php on line 106
18/11/2012 22:29|- >> UNKNOWN : FwkErrorHandler 0 - Argument 1 passed to Entities\Article::setUnivers() must be an instance of Entities\Univers, string given, called in C:\wamp\www\AstridV1\gestion\ajax\DefaultAjax.php on line 203 and defined in file C:\wamp\www\AstridV1\lib\Core\AjaxManager.php on line 38
18/11/2012 22:29|- >> Recoverable Error : FwkErrorHandler 4096 - Argument 1 passed to Entities\Article::setUnivers() must be an instance of Entities\Univers, string given, called in C:\wamp\www\AstridV1\gestion\ajax\DefaultAjax.php on line 203 and defined in file C:\wamp\www\AstridV1\lib\Entities\Article.php on line 106
18/11/2012 22:29|- >> UNKNOWN : FwkErrorHandler 0 - Argument 1 passed to Entities\Article::setUnivers() must be an instance of Entities\Univers, string given, called in C:\wamp\www\AstridV1\gestion\ajax\DefaultAjax.php on line 203 and defined in file C:\wamp\www\AstridV1\lib\Core\AjaxManager.php on line 38
18/11/2012 22:31|Florian M. >> UNKNOWN : FwkErrorHandler 0 - Exception : Le controller appelé : "AstridController" ne possède pas de méthode qui a pour nom webController in file C:\wamp\www\AstridV1\lib\Core\ControllerManager.php on line 45
18/11/2012 22:31|Florian M. >> UNKNOWN : FwkErrorHandler 0 - Exception : Le controller appelé : "AstridController" ne possède pas de méthode qui a pour nom webController in file C:\wamp\www\AstridV1\lib\Core\ControllerManager.php on line 45
18/11/2012 22:31|Florian M. >> UNKNOWN : FwkErrorHandler 0 - Exception : Le controller appelé : "AstridController" ne possède pas de méthode qui a pour nom webController in file C:\wamp\www\AstridV1\lib\Core\ControllerManager.php on line 45
18/11/2012 22:31|Florian M. >> UNKNOWN : FwkErrorHandler 0 - Exception : Le controller appelé : "AstridController" ne possède pas de méthode qui a pour nom webController in file C:\wamp\www\AstridV1\lib\Core\ControllerManager.php on line 45
18/11/2012 22:31|Florian M. >> UNKNOWN : FwkErrorHandler 0 - Exception : Le controller appelé : "AstridController" ne possède pas de méthode qui a pour nom webController in file C:\wamp\www\AstridV1\lib\Core\ControllerManager.php on line 45
18/11/2012 22:31|Florian M. >> UNKNOWN : FwkErrorHandler 0 - Exception : Le controller appelé : "AstridController" ne possède pas de méthode qui a pour nom webController in file C:\wamp\www\AstridV1\lib\Core\ControllerManager.php on line 45
18/11/2012 22:31|Florian M. >> UNKNOWN : FwkErrorHandler 0 - Exception : Le controller appelé : "AstridController" ne possède pas de méthode qui a pour nom webController in file C:\wamp\www\AstridV1\lib\Core\ControllerManager.php on line 45
18/11/2012 22:31|Florian M. >> UNKNOWN : FwkErrorHandler 0 - Exception : Le controller appelé : "AstridController" ne possède pas de méthode qui a pour nom webController in file C:\wamp\www\AstridV1\lib\Core\ControllerManager.php on line 45
18/11/2012 22:31|Florian M. >> UNKNOWN : FwkErrorHandler 0 - Exception : Le controller appelé : "AstridController" ne possède pas de méthode qui a pour nom webController in file C:\wamp\www\AstridV1\lib\Core\ControllerManager.php on line 45
18/11/2012 22:31|Florian M. >> UNKNOWN : FwkErrorHandler 0 - Exception : Le controller appelé : "AstridController" ne possède pas de méthode qui a pour nom webController in file C:\wamp\www\AstridV1\lib\Core\ControllerManager.php on line 45
18/11/2012 22:31|Florian M. >> UNKNOWN : FwkErrorHandler 0 - Exception : Le controller appelé : "AstridController" ne possède pas de méthode qui a pour nom webController in file C:\wamp\www\AstridV1\lib\Core\ControllerManager.php on line 45
18/11/2012 22:31|Florian M. >> UNKNOWN : FwkErrorHandler 0 - Exception : Le controller appelé : "AstridController" ne possède pas de méthode qui a pour nom webController in file C:\wamp\www\AstridV1\lib\Core\ControllerManager.php on line 45
18/11/2012 22:32|Florian M. >> UNKNOWN : FwkErrorHandler 0 - Exception : Le controller appelé : "AstridController" ne possède pas de méthode qui a pour nom articlesGestionController in file C:\wamp\www\AstridV1\lib\Core\ControllerManager.php on line 45
