24/11/2012 15:56|- >> UNKNOWN : FwkErrorHandler 0 - Exception : Le controller appelé : "AuthController" ne possède pas de méthode qui a pour nom webController in file C:\wamp\www\AstridV1\lib\Core\ControllerManager.php on line 45
24/11/2012 15:56|- >> UNKNOWN : FwkErrorHandler 0 - Exception : Le controller appelé : "AuthController" ne possède pas de méthode qui a pour nom webController in file C:\wamp\www\AstridV1\lib\Core\ControllerManager.php on line 45
24/11/2012 15:56|- >> UNKNOWN : FwkErrorHandler 0 - Exception : Le controller appelé : "AuthController" ne possède pas de méthode qui a pour nom webController in file C:\wamp\www\AstridV1\lib\Core\ControllerManager.php on line 45
24/11/2012 15:56|- >> UNKNOWN : FwkErrorHandler 0 - Exception : Le controller appelé : "AuthController" ne possède pas de méthode qui a pour nom webController in file C:\wamp\www\AstridV1\lib\Core\ControllerManager.php on line 45
24/11/2012 15:56|- >> UNKNOWN : FwkErrorHandler 0 - Exception : Le controller appelé : "AuthController" ne possède pas de méthode qui a pour nom webController in file C:\wamp\www\AstridV1\lib\Core\ControllerManager.php on line 45
24/11/2012 15:56|- >> UNKNOWN : FwkErrorHandler 0 - Exception : Le controller appelé : "AuthController" ne possède pas de méthode qui a pour nom webController in file C:\wamp\www\AstridV1\lib\Core\ControllerManager.php on line 45
24/11/2012 15:56|- >> UNKNOWN : FwkErrorHandler 0 - Exception : Le controller appelé : "AuthController" ne possède pas de méthode qui a pour nom webController in file C:\wamp\www\AstridV1\lib\Core\ControllerManager.php on line 45
24/11/2012 15:56|- >> UNKNOWN : FwkErrorHandler 0 - Exception : Le controller appelé : "AuthController" ne possède pas de méthode qui a pour nom webController in file C:\wamp\www\AstridV1\lib\Core\ControllerManager.php on line 45
24/11/2012 15:56|- >> UNKNOWN : FwkErrorHandler 0 - Exception : Le controller appelé : "AuthController" ne possède pas de méthode qui a pour nom webController in file C:\wamp\www\AstridV1\lib\Core\ControllerManager.php on line 45
24/11/2012 15:56|- >> UNKNOWN : FwkErrorHandler 0 - Exception : Le controller appelé : "AuthController" ne possède pas de méthode qui a pour nom webController in file C:\wamp\www\AstridV1\lib\Core\ControllerManager.php on line 45
24/11/2012 15:56|- >> UNKNOWN : FwkErrorHandler 0 - Exception : Le controller appelé : "AuthController" ne possède pas de méthode qui a pour nom webController in file C:\wamp\www\AstridV1\lib\Core\ControllerManager.php on line 45
24/11/2012 15:56|- >> UNKNOWN : FwkErrorHandler 0 - Exception : Le controller appelé : "AuthController" ne possède pas de méthode qui a pour nom webController in file C:\wamp\www\AstridV1\lib\Core\ControllerManager.php on line 45
24/11/2012 15:56|Florian M. >> UNKNOWN : FwkErrorHandler 0 - Exception : Le controller appelé : "AuthController" ne possède pas de méthode qui a pour nom webController in file C:\wamp\www\AstridV1\lib\Core\ControllerManager.php on line 45
24/11/2012 16:04|- >> UNKNOWN : FwkErrorHandler 0 - Exception : Le controller appelé : "AuthController" ne possède pas de méthode qui a pour nom webController in file C:\wamp\www\AstridV1\lib\Core\ControllerManager.php on line 45
24/11/2012 16:04|- >> UNKNOWN : FwkErrorHandler 0 - Exception : Le controller appelé : "AuthController" ne possède pas de méthode qui a pour nom webController in file C:\wamp\www\AstridV1\lib\Core\ControllerManager.php on line 45
24/11/2012 16:04|- >> UNKNOWN : FwkErrorHandler 0 - Exception : Le controller appelé : "AuthController" ne possède pas de méthode qui a pour nom webController in file C:\wamp\www\AstridV1\lib\Core\ControllerManager.php on line 45
24/11/2012 16:04|- >> UNKNOWN : FwkErrorHandler 0 - Exception : Le controller appelé : "AuthController" ne possède pas de méthode qui a pour nom webController in file C:\wamp\www\AstridV1\lib\Core\ControllerManager.php on line 45
24/11/2012 16:04|- >> UNKNOWN : FwkErrorHandler 0 - Exception : Le controller appelé : "AuthController" ne possède pas de méthode qui a pour nom webController in file C:\wamp\www\AstridV1\lib\Core\ControllerManager.php on line 45
24/11/2012 16:04|- >> UNKNOWN : FwkErrorHandler 0 - Exception : Le controller appelé : "AuthController" ne possède pas de méthode qui a pour nom webController in file C:\wamp\www\AstridV1\lib\Core\ControllerManager.php on line 45
24/11/2012 16:04|- >> UNKNOWN : FwkErrorHandler 0 - Exception : Le controller appelé : "AuthController" ne possède pas de méthode qui a pour nom webController in file C:\wamp\www\AstridV1\lib\Core\ControllerManager.php on line 45
24/11/2012 16:04|- >> UNKNOWN : FwkErrorHandler 0 - Exception : Le controller appelé : "AuthController" ne possède pas de méthode qui a pour nom webController in file C:\wamp\www\AstridV1\lib\Core\ControllerManager.php on line 45
24/11/2012 16:04|- >> UNKNOWN : FwkErrorHandler 0 - Exception : Le controller appelé : "AuthController" ne possède pas de méthode qui a pour nom webController in file C:\wamp\www\AstridV1\lib\Core\ControllerManager.php on line 45
24/11/2012 16:04|- >> UNKNOWN : FwkErrorHandler 0 - Exception : Le controller appelé : "AuthController" ne possède pas de méthode qui a pour nom webController in file C:\wamp\www\AstridV1\lib\Core\ControllerManager.php on line 45
24/11/2012 16:04|- >> UNKNOWN : FwkErrorHandler 0 - Exception : Le controller appelé : "AuthController" ne possède pas de méthode qui a pour nom webController in file C:\wamp\www\AstridV1\lib\Core\ControllerManager.php on line 45
24/11/2012 16:04|- >> UNKNOWN : FwkErrorHandler 0 - Exception : Le controller appelé : "AuthController" ne possède pas de méthode qui a pour nom webController in file C:\wamp\www\AstridV1\lib\Core\ControllerManager.php on line 45
24/11/2012 16:04|Florian M. >> UNKNOWN : FwkErrorHandler 0 - Exception : Le controller appelé : "AuthController" ne possède pas de méthode qui a pour nom webController in file C:\wamp\www\AstridV1\lib\Core\ControllerManager.php on line 45
24/11/2012 16:04|Florian M. >> UNKNOWN : FwkErrorHandler 0 - Exception : Le controller appelé : "PrivateController" ne possède pas de méthode qui a pour nom webController in file C:\wamp\www\AstridV1\lib\Core\ControllerManager.php on line 45
24/11/2012 16:04|Florian M. >> UNKNOWN : FwkErrorHandler 0 - Exception : Le controller appelé : "PrivateController" ne possède pas de méthode qui a pour nom webController in file C:\wamp\www\AstridV1\lib\Core\ControllerManager.php on line 45
24/11/2012 16:04|Florian M. >> UNKNOWN : FwkErrorHandler 0 - Exception : Le controller appelé : "PrivateController" ne possède pas de méthode qui a pour nom webController in file C:\wamp\www\AstridV1\lib\Core\ControllerManager.php on line 45
24/11/2012 16:04|Florian M. >> UNKNOWN : FwkErrorHandler 0 - Exception : Le controller appelé : "PrivateController" ne possède pas de méthode qui a pour nom webController in file C:\wamp\www\AstridV1\lib\Core\ControllerManager.php on line 45
24/11/2012 16:04|Florian M. >> UNKNOWN : FwkErrorHandler 0 - Exception : Le controller appelé : "PrivateController" ne possède pas de méthode qui a pour nom webController in file C:\wamp\www\AstridV1\lib\Core\ControllerManager.php on line 45
24/11/2012 16:04|Florian M. >> UNKNOWN : FwkErrorHandler 0 - Exception : Le controller appelé : "PrivateController" ne possède pas de méthode qui a pour nom webController in file C:\wamp\www\AstridV1\lib\Core\ControllerManager.php on line 45
24/11/2012 16:04|Florian M. >> UNKNOWN : FwkErrorHandler 0 - Exception : Le controller appelé : "PrivateController" ne possède pas de méthode qui a pour nom webController in file C:\wamp\www\AstridV1\lib\Core\ControllerManager.php on line 45
24/11/2012 16:04|Florian M. >> UNKNOWN : FwkErrorHandler 0 - Exception : Le controller appelé : "PrivateController" ne possède pas de méthode qui a pour nom webController in file C:\wamp\www\AstridV1\lib\Core\ControllerManager.php on line 45
24/11/2012 16:04|Florian M. >> UNKNOWN : FwkErrorHandler 0 - Exception : Le controller appelé : "AstridController" ne possède pas de méthode qui a pour nom webController in file C:\wamp\www\AstridV1\lib\Core\ControllerManager.php on line 45
24/11/2012 16:04|Florian M. >> UNKNOWN : FwkErrorHandler 0 - Exception : Le controller appelé : "AstridController" ne possède pas de méthode qui a pour nom webController in file C:\wamp\www\AstridV1\lib\Core\ControllerManager.php on line 45
24/11/2012 16:04|Florian M. >> UNKNOWN : FwkErrorHandler 0 - Exception : Le controller appelé : "AstridController" ne possède pas de méthode qui a pour nom webController in file C:\wamp\www\AstridV1\lib\Core\ControllerManager.php on line 45
24/11/2012 16:04|Florian M. >> UNKNOWN : FwkErrorHandler 0 - Exception : Le controller appelé : "AstridController" ne possède pas de méthode qui a pour nom webController in file C:\wamp\www\AstridV1\lib\Core\ControllerManager.php on line 45
24/11/2012 16:04|Florian M. >> UNKNOWN : FwkErrorHandler 0 - Exception : Le controller appelé : "AstridController" ne possède pas de méthode qui a pour nom webController in file C:\wamp\www\AstridV1\lib\Core\ControllerManager.php on line 45
24/11/2012 16:04|Florian M. >> UNKNOWN : FwkErrorHandler 0 - Exception : Le controller appelé : "AstridController" ne possède pas de méthode qui a pour nom webController in file C:\wamp\www\AstridV1\lib\Core\ControllerManager.php on line 45
24/11/2012 16:04|Florian M. >> UNKNOWN : FwkErrorHandler 0 - Exception : Le controller appelé : "AstridController" ne possède pas de méthode qui a pour nom webController in file C:\wamp\www\AstridV1\lib\Core\ControllerManager.php on line 45
24/11/2012 16:04|Florian M. >> UNKNOWN : FwkErrorHandler 0 - Exception : Le controller appelé : "AstridController" ne possède pas de méthode qui a pour nom webController in file C:\wamp\www\AstridV1\lib\Core\ControllerManager.php on line 45
24/11/2012 16:12|Florian M. >> Warning : FwkErrorHandler 2 - class_parents() [<a href='function.class-parents'>function.class-parents</a>]: Class Entities\TypeAnnonce does not exist and could not be loaded in file C:\wamp\www\AstridV1\lib\Doctrine\Doctrine\Common\Persistence\Mapping\RuntimeReflectionService.php on line 40
24/11/2012 16:12|Florian M. >> UNKNOWN : FwkErrorHandler 0 - class_parents() [<a href='function.class-parents'>function.class-parents</a>]: Class Entities\TypeAnnonce does not exist and could not be loaded in file C:\wamp\www\AstridV1\lib\Doctrine\Doctrine\Common\Persistence\Mapping\RuntimeReflectionService.php on line 40
24/11/2012 16:13|Florian M. >> Warning : FwkErrorHandler 2 - require(../lib\Entities\Type.php) [<a href='function.require'>function.require</a>]: failed to open stream: No such file or directory in file C:\wamp\www\AstridV1\lib\Doctrine\Doctrine\Common\ClassLoader.php on line 163
24/11/2012 16:14|Florian M. >> UNKNOWN : FwkErrorHandler 0 - Unable to find template "views/astrid/type-annonces.html.twig" (looked into: web). in file C:\wamp\www\AstridV1\lib\Twig\Loader\Filesystem.php on line 129
24/11/2012 16:15|Florian M. >> UNKNOWN : FwkErrorHandler 0 - Exception : Le controller appelé : "AstridController" ne possède pas de méthode qui a pour nom typeAnnoncesController in file C:\wamp\www\AstridV1\lib\Core\ControllerManager.php on line 45
24/11/2012 16:15|Florian M. >> UNKNOWN : FwkErrorHandler 0 - Exception : Le controller appelé : "AstridController" ne possède pas de méthode qui a pour nom webController in file C:\wamp\www\AstridV1\lib\Core\ControllerManager.php on line 45
24/11/2012 16:15|Florian M. >> UNKNOWN : FwkErrorHandler 0 - Exception : Le controller appelé : "AstridController" ne possède pas de méthode qui a pour nom webController in file C:\wamp\www\AstridV1\lib\Core\ControllerManager.php on line 45
24/11/2012 16:15|Florian M. >> UNKNOWN : FwkErrorHandler 0 - Exception : Le controller appelé : "AstridController" ne possède pas de méthode qui a pour nom webController in file C:\wamp\www\AstridV1\lib\Core\ControllerManager.php on line 45
24/11/2012 16:15|Florian M. >> UNKNOWN : FwkErrorHandler 0 - Exception : Le controller appelé : "AstridController" ne possède pas de méthode qui a pour nom webController in file C:\wamp\www\AstridV1\lib\Core\ControllerManager.php on line 45
24/11/2012 16:15|Florian M. >> UNKNOWN : FwkErrorHandler 0 - Exception : Le controller appelé : "AstridController" ne possède pas de méthode qui a pour nom webController in file C:\wamp\www\AstridV1\lib\Core\ControllerManager.php on line 45
24/11/2012 16:15|Florian M. >> UNKNOWN : FwkErrorHandler 0 - Exception : Le controller appelé : "AstridController" ne possède pas de méthode qui a pour nom webController in file C:\wamp\www\AstridV1\lib\Core\ControllerManager.php on line 45
24/11/2012 16:15|Florian M. >> UNKNOWN : FwkErrorHandler 0 - Exception : Le controller appelé : "AstridController" ne possède pas de méthode qui a pour nom webController in file C:\wamp\www\AstridV1\lib\Core\ControllerManager.php on line 45
24/11/2012 16:15|Florian M. >> UNKNOWN : FwkErrorHandler 0 - Exception : Le controller appelé : "AstridController" ne possède pas de méthode qui a pour nom webController in file C:\wamp\www\AstridV1\lib\Core\ControllerManager.php on line 45
24/11/2012 16:15|Florian M. >> UNKNOWN : FwkErrorHandler 0 - Exception : Le controller appelé : "AstridController" ne possède pas de méthode qui a pour nom webController in file C:\wamp\www\AstridV1\lib\Core\ControllerManager.php on line 45
24/11/2012 16:15|Florian M. >> UNKNOWN : FwkErrorHandler 0 - Exception : Le controller appelé : "AstridController" ne possède pas de méthode qui a pour nom webController in file C:\wamp\www\AstridV1\lib\Core\ControllerManager.php on line 45
24/11/2012 16:15|Florian M. >> UNKNOWN : FwkErrorHandler 0 - Exception : Le controller appelé : "AstridController" ne possède pas de méthode qui a pour nom webController in file C:\wamp\www\AstridV1\lib\Core\ControllerManager.php on line 45
24/11/2012 16:15|Florian M. >> UNKNOWN : FwkErrorHandler 0 - Exception : Le controller appelé : "AstridController" ne possède pas de méthode qui a pour nom webController in file C:\wamp\www\AstridV1\lib\Core\ControllerManager.php on line 45
24/11/2012 16:15|- >> UNKNOWN : FwkErrorHandler 0 - Exception : Le controller appelé : "AstridAjax" ne possède pas de méthode qui a pour nom typesAnnoncesGestionController in file C:\wamp\www\AstridV1\lib\Core\AjaxManager.php on line 48
24/11/2012 16:16|Florian M. >> UNKNOWN : FwkErrorHandler 0 - Exception : Le controller appelé : "AstridController" ne possède pas de méthode qui a pour nom webController in file C:\wamp\www\AstridV1\lib\Core\ControllerManager.php on line 45
24/11/2012 16:16|Florian M. >> UNKNOWN : FwkErrorHandler 0 - Exception : Le controller appelé : "AstridController" ne possède pas de méthode qui a pour nom webController in file C:\wamp\www\AstridV1\lib\Core\ControllerManager.php on line 45
24/11/2012 16:16|Florian M. >> UNKNOWN : FwkErrorHandler 0 - Exception : Le controller appelé : "AstridController" ne possède pas de méthode qui a pour nom webController in file C:\wamp\www\AstridV1\lib\Core\ControllerManager.php on line 45
24/11/2012 16:16|Florian M. >> UNKNOWN : FwkErrorHandler 0 - Exception : Le controller appelé : "AstridController" ne possède pas de méthode qui a pour nom webController in file C:\wamp\www\AstridV1\lib\Core\ControllerManager.php on line 45
24/11/2012 16:16|Florian M. >> UNKNOWN : FwkErrorHandler 0 - Exception : Le controller appelé : "AstridController" ne possède pas de méthode qui a pour nom webController in file C:\wamp\www\AstridV1\lib\Core\ControllerManager.php on line 45
24/11/2012 16:16|Florian M. >> UNKNOWN : FwkErrorHandler 0 - Exception : Le controller appelé : "AstridController" ne possède pas de méthode qui a pour nom webController in file C:\wamp\www\AstridV1\lib\Core\ControllerManager.php on line 45
24/11/2012 16:16|Florian M. >> UNKNOWN : FwkErrorHandler 0 - Exception : Le controller appelé : "AstridController" ne possède pas de méthode qui a pour nom webController in file C:\wamp\www\AstridV1\lib\Core\ControllerManager.php on line 45
24/11/2012 16:16|Florian M. >> UNKNOWN : FwkErrorHandler 0 - Exception : Le controller appelé : "AstridController" ne possède pas de méthode qui a pour nom webController in file C:\wamp\www\AstridV1\lib\Core\ControllerManager.php on line 45
24/11/2012 16:16|Florian M. >> UNKNOWN : FwkErrorHandler 0 - Exception : Le controller appelé : "AstridController" ne possède pas de méthode qui a pour nom webController in file C:\wamp\www\AstridV1\lib\Core\ControllerManager.php on line 45
24/11/2012 16:16|Florian M. >> UNKNOWN : FwkErrorHandler 0 - Exception : Le controller appelé : "AstridController" ne possède pas de méthode qui a pour nom webController in file C:\wamp\www\AstridV1\lib\Core\ControllerManager.php on line 45
24/11/2012 16:16|Florian M. >> UNKNOWN : FwkErrorHandler 0 - Exception : Le controller appelé : "AstridController" ne possède pas de méthode qui a pour nom webController in file C:\wamp\www\AstridV1\lib\Core\ControllerManager.php on line 45
24/11/2012 16:16|Florian M. >> UNKNOWN : FwkErrorHandler 0 - Exception : Le controller appelé : "AstridController" ne possède pas de méthode qui a pour nom webController in file C:\wamp\www\AstridV1\lib\Core\ControllerManager.php on line 45
24/11/2012 16:16|- >> UNKNOWN : FwkErrorHandler 0 - Exception : Le controller appelé : "AstridAjax" ne possède pas de méthode qui a pour nom typeAnnonceGestionController in file C:\wamp\www\AstridV1\lib\Core\AjaxManager.php on line 48
24/11/2012 16:17|Florian M. >> UNKNOWN : FwkErrorHandler 0 - Exception : Le controller appelé : "AstridController" ne possède pas de méthode qui a pour nom webController in file C:\wamp\www\AstridV1\lib\Core\ControllerManager.php on line 45
24/11/2012 16:17|Florian M. >> UNKNOWN : FwkErrorHandler 0 - Exception : Le controller appelé : "AstridController" ne possède pas de méthode qui a pour nom webController in file C:\wamp\www\AstridV1\lib\Core\ControllerManager.php on line 45
24/11/2012 16:17|Florian M. >> UNKNOWN : FwkErrorHandler 0 - Exception : Le controller appelé : "AstridController" ne possède pas de méthode qui a pour nom webController in file C:\wamp\www\AstridV1\lib\Core\ControllerManager.php on line 45
24/11/2012 16:17|Florian M. >> UNKNOWN : FwkErrorHandler 0 - Exception : Le controller appelé : "AstridController" ne possède pas de méthode qui a pour nom webController in file C:\wamp\www\AstridV1\lib\Core\ControllerManager.php on line 45
24/11/2012 16:17|Florian M. >> UNKNOWN : FwkErrorHandler 0 - Exception : Le controller appelé : "AstridController" ne possède pas de méthode qui a pour nom webController in file C:\wamp\www\AstridV1\lib\Core\ControllerManager.php on line 45
24/11/2012 16:17|Florian M. >> UNKNOWN : FwkErrorHandler 0 - Exception : Le controller appelé : "AstridController" ne possède pas de méthode qui a pour nom webController in file C:\wamp\www\AstridV1\lib\Core\ControllerManager.php on line 45
24/11/2012 16:17|Florian M. >> UNKNOWN : FwkErrorHandler 0 - Exception : Le controller appelé : "AstridController" ne possède pas de méthode qui a pour nom webController in file C:\wamp\www\AstridV1\lib\Core\ControllerManager.php on line 45
24/11/2012 16:17|Florian M. >> UNKNOWN : FwkErrorHandler 0 - Exception : Le controller appelé : "AstridController" ne possède pas de méthode qui a pour nom webController in file C:\wamp\www\AstridV1\lib\Core\ControllerManager.php on line 45
24/11/2012 16:17|Florian M. >> UNKNOWN : FwkErrorHandler 0 - Exception : Le controller appelé : "AstridController" ne possède pas de méthode qui a pour nom webController in file C:\wamp\www\AstridV1\lib\Core\ControllerManager.php on line 45
24/11/2012 16:17|Florian M. >> UNKNOWN : FwkErrorHandler 0 - Exception : Le controller appelé : "AstridController" ne possède pas de méthode qui a pour nom webController in file C:\wamp\www\AstridV1\lib\Core\ControllerManager.php on line 45
24/11/2012 16:17|Florian M. >> UNKNOWN : FwkErrorHandler 0 - Exception : Le controller appelé : "AstridController" ne possède pas de méthode qui a pour nom webController in file C:\wamp\www\AstridV1\lib\Core\ControllerManager.php on line 45
24/11/2012 16:17|Florian M. >> UNKNOWN : FwkErrorHandler 0 - Exception : Le controller appelé : "AstridController" ne possède pas de méthode qui a pour nom webController in file C:\wamp\www\AstridV1\lib\Core\ControllerManager.php on line 45
24/11/2012 16:17|- >> Notice : FwkErrorHandler 8 - Undefined variable: objTypeAnnonce in file C:\wamp\www\AstridV1\gestion\ajax\AstridAjax.php on line 69
24/11/2012 16:17|- >> UNKNOWN : FwkErrorHandler 0 - Undefined variable: objTypeAnnonce in file C:\wamp\www\AstridV1\lib\Core\AjaxManager.php on line 48
24/11/2012 16:18|Florian M. >> UNKNOWN : FwkErrorHandler 0 - Exception : Le controller appelé : "AstridController" ne possède pas de méthode qui a pour nom webController in file C:\wamp\www\AstridV1\lib\Core\ControllerManager.php on line 45
24/11/2012 16:18|Florian M. >> UNKNOWN : FwkErrorHandler 0 - Exception : Le controller appelé : "AstridController" ne possède pas de méthode qui a pour nom webController in file C:\wamp\www\AstridV1\lib\Core\ControllerManager.php on line 45
24/11/2012 16:18|Florian M. >> UNKNOWN : FwkErrorHandler 0 - Exception : Le controller appelé : "AstridController" ne possède pas de méthode qui a pour nom webController in file C:\wamp\www\AstridV1\lib\Core\ControllerManager.php on line 45
24/11/2012 16:18|Florian M. >> UNKNOWN : FwkErrorHandler 0 - Exception : Le controller appelé : "AstridController" ne possède pas de méthode qui a pour nom webController in file C:\wamp\www\AstridV1\lib\Core\ControllerManager.php on line 45
24/11/2012 16:18|Florian M. >> UNKNOWN : FwkErrorHandler 0 - Exception : Le controller appelé : "AstridController" ne possède pas de méthode qui a pour nom webController in file C:\wamp\www\AstridV1\lib\Core\ControllerManager.php on line 45
24/11/2012 16:18|Florian M. >> UNKNOWN : FwkErrorHandler 0 - Exception : Le controller appelé : "AstridController" ne possède pas de méthode qui a pour nom webController in file C:\wamp\www\AstridV1\lib\Core\ControllerManager.php on line 45
24/11/2012 16:18|Florian M. >> UNKNOWN : FwkErrorHandler 0 - Exception : Le controller appelé : "AstridController" ne possède pas de méthode qui a pour nom webController in file C:\wamp\www\AstridV1\lib\Core\ControllerManager.php on line 45
24/11/2012 16:18|Florian M. >> UNKNOWN : FwkErrorHandler 0 - Exception : Le controller appelé : "AstridController" ne possède pas de méthode qui a pour nom webController in file C:\wamp\www\AstridV1\lib\Core\ControllerManager.php on line 45
24/11/2012 16:18|Florian M. >> UNKNOWN : FwkErrorHandler 0 - Exception : Le controller appelé : "AstridController" ne possède pas de méthode qui a pour nom webController in file C:\wamp\www\AstridV1\lib\Core\ControllerManager.php on line 45
24/11/2012 16:18|Florian M. >> UNKNOWN : FwkErrorHandler 0 - Exception : Le controller appelé : "AstridController" ne possède pas de méthode qui a pour nom webController in file C:\wamp\www\AstridV1\lib\Core\ControllerManager.php on line 45
24/11/2012 16:18|Florian M. >> UNKNOWN : FwkErrorHandler 0 - Exception : Le controller appelé : "AstridController" ne possède pas de méthode qui a pour nom webController in file C:\wamp\www\AstridV1\lib\Core\ControllerManager.php on line 45
24/11/2012 16:18|Florian M. >> UNKNOWN : FwkErrorHandler 0 - Exception : Le controller appelé : "AstridController" ne possède pas de méthode qui a pour nom webController in file C:\wamp\www\AstridV1\lib\Core\ControllerManager.php on line 45
24/11/2012 16:18|- >> Notice : FwkErrorHandler 8 - Undefined variable: objTypeAnnonce in file C:\wamp\www\AstridV1\gestion\ajax\AstridAjax.php on line 70
24/11/2012 16:18|- >> UNKNOWN : FwkErrorHandler 0 - Undefined variable: objTypeAnnonce in file C:\wamp\www\AstridV1\lib\Core\AjaxManager.php on line 48
24/11/2012 16:21|Florian M. >> UNKNOWN : FwkErrorHandler 0 - Exception : Le controller appelé : "AstridController" ne possède pas de méthode qui a pour nom webController in file C:\wamp\www\AstridV1\lib\Core\ControllerManager.php on line 45
24/11/2012 16:21|Florian M. >> UNKNOWN : FwkErrorHandler 0 - Exception : Le controller appelé : "AstridController" ne possède pas de méthode qui a pour nom webController in file C:\wamp\www\AstridV1\lib\Core\ControllerManager.php on line 45
24/11/2012 16:21|Florian M. >> UNKNOWN : FwkErrorHandler 0 - Exception : Le controller appelé : "AstridController" ne possède pas de méthode qui a pour nom webController in file C:\wamp\www\AstridV1\lib\Core\ControllerManager.php on line 45
24/11/2012 16:21|Florian M. >> UNKNOWN : FwkErrorHandler 0 - Exception : Le controller appelé : "AstridController" ne possède pas de méthode qui a pour nom webController in file C:\wamp\www\AstridV1\lib\Core\ControllerManager.php on line 45
24/11/2012 16:21|Florian M. >> UNKNOWN : FwkErrorHandler 0 - Exception : Le controller appelé : "AstridController" ne possède pas de méthode qui a pour nom webController in file C:\wamp\www\AstridV1\lib\Core\ControllerManager.php on line 45
24/11/2012 16:21|Florian M. >> UNKNOWN : FwkErrorHandler 0 - Exception : Le controller appelé : "AstridController" ne possède pas de méthode qui a pour nom webController in file C:\wamp\www\AstridV1\lib\Core\ControllerManager.php on line 45
24/11/2012 16:21|Florian M. >> UNKNOWN : FwkErrorHandler 0 - Exception : Le controller appelé : "AstridController" ne possède pas de méthode qui a pour nom webController in file C:\wamp\www\AstridV1\lib\Core\ControllerManager.php on line 45
24/11/2012 16:21|Florian M. >> UNKNOWN : FwkErrorHandler 0 - Exception : Le controller appelé : "AstridController" ne possède pas de méthode qui a pour nom webController in file C:\wamp\www\AstridV1\lib\Core\ControllerManager.php on line 45
24/11/2012 16:21|Florian M. >> UNKNOWN : FwkErrorHandler 0 - Exception : Le controller appelé : "AstridController" ne possède pas de méthode qui a pour nom webController in file C:\wamp\www\AstridV1\lib\Core\ControllerManager.php on line 45
24/11/2012 16:21|Florian M. >> UNKNOWN : FwkErrorHandler 0 - Exception : Le controller appelé : "AstridController" ne possède pas de méthode qui a pour nom webController in file C:\wamp\www\AstridV1\lib\Core\ControllerManager.php on line 45
24/11/2012 16:21|Florian M. >> UNKNOWN : FwkErrorHandler 0 - Exception : Le controller appelé : "AstridController" ne possède pas de méthode qui a pour nom webController in file C:\wamp\www\AstridV1\lib\Core\ControllerManager.php on line 45
24/11/2012 16:21|Florian M. >> UNKNOWN : FwkErrorHandler 0 - Exception : Le controller appelé : "AstridController" ne possède pas de méthode qui a pour nom webController in file C:\wamp\www\AstridV1\lib\Core\ControllerManager.php on line 45
24/11/2012 16:23|Florian M. >> UNKNOWN : FwkErrorHandler 0 - Exception : Le controller appelé : "AstridController" ne possède pas de méthode qui a pour nom webController in file C:\wamp\www\AstridV1\lib\Core\ControllerManager.php on line 45
24/11/2012 16:23|Florian M. >> UNKNOWN : FwkErrorHandler 0 - Exception : Le controller appelé : "AstridController" ne possède pas de méthode qui a pour nom webController in file C:\wamp\www\AstridV1\lib\Core\ControllerManager.php on line 45
24/11/2012 16:23|Florian M. >> UNKNOWN : FwkErrorHandler 0 - Exception : Le controller appelé : "AstridController" ne possède pas de méthode qui a pour nom webController in file C:\wamp\www\AstridV1\lib\Core\ControllerManager.php on line 45
24/11/2012 16:23|Florian M. >> UNKNOWN : FwkErrorHandler 0 - Exception : Le controller appelé : "AstridController" ne possède pas de méthode qui a pour nom webController in file C:\wamp\www\AstridV1\lib\Core\ControllerManager.php on line 45
24/11/2012 16:23|Florian M. >> UNKNOWN : FwkErrorHandler 0 - Exception : Le controller appelé : "AstridController" ne possède pas de méthode qui a pour nom webController in file C:\wamp\www\AstridV1\lib\Core\ControllerManager.php on line 45
24/11/2012 16:23|Florian M. >> UNKNOWN : FwkErrorHandler 0 - Exception : Le controller appelé : "AstridController" ne possède pas de méthode qui a pour nom webController in file C:\wamp\www\AstridV1\lib\Core\ControllerManager.php on line 45
24/11/2012 16:23|Florian M. >> UNKNOWN : FwkErrorHandler 0 - Exception : Le controller appelé : "AstridController" ne possède pas de méthode qui a pour nom webController in file C:\wamp\www\AstridV1\lib\Core\ControllerManager.php on line 45
24/11/2012 16:23|Florian M. >> UNKNOWN : FwkErrorHandler 0 - Exception : Le controller appelé : "AstridController" ne possède pas de méthode qui a pour nom webController in file C:\wamp\www\AstridV1\lib\Core\ControllerManager.php on line 45
24/11/2012 16:23|Florian M. >> UNKNOWN : FwkErrorHandler 0 - Exception : Le controller appelé : "AstridController" ne possède pas de méthode qui a pour nom webController in file C:\wamp\www\AstridV1\lib\Core\ControllerManager.php on line 45
24/11/2012 16:23|Florian M. >> UNKNOWN : FwkErrorHandler 0 - Exception : Le controller appelé : "AstridController" ne possède pas de méthode qui a pour nom webController in file C:\wamp\www\AstridV1\lib\Core\ControllerManager.php on line 45
24/11/2012 16:23|Florian M. >> UNKNOWN : FwkErrorHandler 0 - Exception : Le controller appelé : "AstridController" ne possède pas de méthode qui a pour nom webController in file C:\wamp\www\AstridV1\lib\Core\ControllerManager.php on line 45
24/11/2012 16:23|Florian M. >> UNKNOWN : FwkErrorHandler 0 - Exception : Le controller appelé : "AstridController" ne possède pas de méthode qui a pour nom webController in file C:\wamp\www\AstridV1\lib\Core\ControllerManager.php on line 45
24/11/2012 16:23|Florian M. >> UNKNOWN : FwkErrorHandler 0 - Exception : Le controller appelé : "AstridController" ne possède pas de méthode qui a pour nom webController in file C:\wamp\www\AstridV1\lib\Core\ControllerManager.php on line 45
24/11/2012 16:23|Florian M. >> UNKNOWN : FwkErrorHandler 0 - Exception : Le controller appelé : "AstridController" ne possède pas de méthode qui a pour nom webController in file C:\wamp\www\AstridV1\lib\Core\ControllerManager.php on line 45
24/11/2012 16:23|Florian M. >> UNKNOWN : FwkErrorHandler 0 - Exception : Le controller appelé : "AstridController" ne possède pas de méthode qui a pour nom webController in file C:\wamp\www\AstridV1\lib\Core\ControllerManager.php on line 45
24/11/2012 16:23|Florian M. >> UNKNOWN : FwkErrorHandler 0 - Exception : Le controller appelé : "AstridController" ne possède pas de méthode qui a pour nom webController in file C:\wamp\www\AstridV1\lib\Core\ControllerManager.php on line 45
24/11/2012 16:23|Florian M. >> UNKNOWN : FwkErrorHandler 0 - Exception : Le controller appelé : "AstridController" ne possède pas de méthode qui a pour nom clientsGestionController in file C:\wamp\www\AstridV1\lib\Core\ControllerManager.php on line 45
24/11/2012 16:23|Florian M. >> UNKNOWN : FwkErrorHandler 0 - Exception : Le controller appelé : "AstridController" ne possède pas de méthode qui a pour nom webController in file C:\wamp\www\AstridV1\lib\Core\ControllerManager.php on line 45
24/11/2012 16:23|Florian M. >> UNKNOWN : FwkErrorHandler 0 - Exception : Le controller appelé : "AstridController" ne possède pas de méthode qui a pour nom webController in file C:\wamp\www\AstridV1\lib\Core\ControllerManager.php on line 45
24/11/2012 16:23|Florian M. >> UNKNOWN : FwkErrorHandler 0 - Exception : Le controller appelé : "AstridController" ne possède pas de méthode qui a pour nom webController in file C:\wamp\www\AstridV1\lib\Core\ControllerManager.php on line 45
24/11/2012 16:23|Florian M. >> UNKNOWN : FwkErrorHandler 0 - Exception : Le controller appelé : "AstridController" ne possède pas de méthode qui a pour nom webController in file C:\wamp\www\AstridV1\lib\Core\ControllerManager.php on line 45
24/11/2012 16:23|Florian M. >> UNKNOWN : FwkErrorHandler 0 - Exception : Le controller appelé : "AstridController" ne possède pas de méthode qui a pour nom webController in file C:\wamp\www\AstridV1\lib\Core\ControllerManager.php on line 45
24/11/2012 16:23|Florian M. >> UNKNOWN : FwkErrorHandler 0 - Exception : Le controller appelé : "AstridController" ne possède pas de méthode qui a pour nom webController in file C:\wamp\www\AstridV1\lib\Core\ControllerManager.php on line 45
24/11/2012 16:23|Florian M. >> UNKNOWN : FwkErrorHandler 0 - Exception : Le controller appelé : "AstridController" ne possède pas de méthode qui a pour nom webController in file C:\wamp\www\AstridV1\lib\Core\ControllerManager.php on line 45
24/11/2012 16:23|Florian M. >> UNKNOWN : FwkErrorHandler 0 - Exception : Le controller appelé : "AstridController" ne possède pas de méthode qui a pour nom webController in file C:\wamp\www\AstridV1\lib\Core\ControllerManager.php on line 45
24/11/2012 16:23|Florian M. >> UNKNOWN : FwkErrorHandler 0 - Exception : Le controller appelé : "AstridController" ne possède pas de méthode qui a pour nom webController in file C:\wamp\www\AstridV1\lib\Core\ControllerManager.php on line 45
24/11/2012 16:23|Florian M. >> UNKNOWN : FwkErrorHandler 0 - Exception : Le controller appelé : "AstridController" ne possède pas de méthode qui a pour nom webController in file C:\wamp\www\AstridV1\lib\Core\ControllerManager.php on line 45
24/11/2012 16:23|Florian M. >> UNKNOWN : FwkErrorHandler 0 - Exception : Le controller appelé : "AstridController" ne possède pas de méthode qui a pour nom webController in file C:\wamp\www\AstridV1\lib\Core\ControllerManager.php on line 45
24/11/2012 16:23|Florian M. >> UNKNOWN : FwkErrorHandler 0 - Exception : Le controller appelé : "AstridController" ne possède pas de méthode qui a pour nom webController in file C:\wamp\www\AstridV1\lib\Core\ControllerManager.php on line 45
24/11/2012 16:23|Florian M. >> UNKNOWN : FwkErrorHandler 0 - Exception : Le controller appelé : "AstridController" ne possède pas de méthode qui a pour nom webController in file C:\wamp\www\AstridV1\lib\Core\ControllerManager.php on line 45
24/11/2012 16:23|Florian M. >> UNKNOWN : FwkErrorHandler 0 - Exception : Le controller appelé : "AstridController" ne possède pas de méthode qui a pour nom webController in file C:\wamp\www\AstridV1\lib\Core\ControllerManager.php on line 45
24/11/2012 16:23|Florian M. >> UNKNOWN : FwkErrorHandler 0 - Exception : Le controller appelé : "AstridController" ne possède pas de méthode qui a pour nom webController in file C:\wamp\www\AstridV1\lib\Core\ControllerManager.php on line 45
24/11/2012 16:23|Florian M. >> UNKNOWN : FwkErrorHandler 0 - Exception : Le controller appelé : "AstridController" ne possède pas de méthode qui a pour nom webController in file C:\wamp\www\AstridV1\lib\Core\ControllerManager.php on line 45
24/11/2012 16:23|Florian M. >> UNKNOWN : FwkErrorHandler 0 - Exception : Le controller appelé : "AstridController" ne possède pas de méthode qui a pour nom webController in file C:\wamp\www\AstridV1\lib\Core\ControllerManager.php on line 45
24/11/2012 16:23|Florian M. >> UNKNOWN : FwkErrorHandler 0 - Exception : Le controller appelé : "AstridController" ne possède pas de méthode qui a pour nom webController in file C:\wamp\www\AstridV1\lib\Core\ControllerManager.php on line 45
24/11/2012 16:23|Florian M. >> UNKNOWN : FwkErrorHandler 0 - Exception : Le controller appelé : "AstridController" ne possède pas de méthode qui a pour nom webController in file C:\wamp\www\AstridV1\lib\Core\ControllerManager.php on line 45
24/11/2012 16:23|Florian M. >> UNKNOWN : FwkErrorHandler 0 - Exception : Le controller appelé : "AstridController" ne possède pas de méthode qui a pour nom webController in file C:\wamp\www\AstridV1\lib\Core\ControllerManager.php on line 45
24/11/2012 16:23|Florian M. >> UNKNOWN : FwkErrorHandler 0 - Exception : Le controller appelé : "AstridController" ne possède pas de méthode qui a pour nom webController in file C:\wamp\www\AstridV1\lib\Core\ControllerManager.php on line 45
24/11/2012 16:23|Florian M. >> UNKNOWN : FwkErrorHandler 0 - Exception : Le controller appelé : "AstridController" ne possède pas de méthode qui a pour nom webController in file C:\wamp\www\AstridV1\lib\Core\ControllerManager.php on line 45
24/11/2012 16:23|Florian M. >> UNKNOWN : FwkErrorHandler 0 - Exception : Le controller appelé : "AstridController" ne possède pas de méthode qui a pour nom webController in file C:\wamp\www\AstridV1\lib\Core\ControllerManager.php on line 45
24/11/2012 16:23|Florian M. >> UNKNOWN : FwkErrorHandler 0 - Exception : Le controller appelé : "AstridController" ne possède pas de méthode qui a pour nom webController in file C:\wamp\www\AstridV1\lib\Core\ControllerManager.php on line 45
24/11/2012 16:24|Florian M. >> UNKNOWN : FwkErrorHandler 0 - Exception : Le controller appelé : "AstridController" ne possède pas de méthode qui a pour nom webController in file C:\wamp\www\AstridV1\lib\Core\ControllerManager.php on line 45
24/11/2012 16:24|Florian M. >> UNKNOWN : FwkErrorHandler 0 - Exception : Le controller appelé : "AstridController" ne possède pas de méthode qui a pour nom webController in file C:\wamp\www\AstridV1\lib\Core\ControllerManager.php on line 45
24/11/2012 16:24|Florian M. >> UNKNOWN : FwkErrorHandler 0 - Exception : Le controller appelé : "AstridController" ne possède pas de méthode qui a pour nom webController in file C:\wamp\www\AstridV1\lib\Core\ControllerManager.php on line 45
24/11/2012 16:24|Florian M. >> UNKNOWN : FwkErrorHandler 0 - Exception : Le controller appelé : "AstridController" ne possède pas de méthode qui a pour nom webController in file C:\wamp\www\AstridV1\lib\Core\ControllerManager.php on line 45
24/11/2012 16:24|Florian M. >> UNKNOWN : FwkErrorHandler 0 - Exception : Le controller appelé : "AstridController" ne possède pas de méthode qui a pour nom webController in file C:\wamp\www\AstridV1\lib\Core\ControllerManager.php on line 45
24/11/2012 16:24|Florian M. >> UNKNOWN : FwkErrorHandler 0 - Exception : Le controller appelé : "AstridController" ne possède pas de méthode qui a pour nom webController in file C:\wamp\www\AstridV1\lib\Core\ControllerManager.php on line 45
24/11/2012 16:24|Florian M. >> UNKNOWN : FwkErrorHandler 0 - Exception : Le controller appelé : "AstridController" ne possède pas de méthode qui a pour nom webController in file C:\wamp\www\AstridV1\lib\Core\ControllerManager.php on line 45
24/11/2012 16:24|Florian M. >> UNKNOWN : FwkErrorHandler 0 - Exception : Le controller appelé : "AstridController" ne possède pas de méthode qui a pour nom webController in file C:\wamp\www\AstridV1\lib\Core\ControllerManager.php on line 45
24/11/2012 16:24|Florian M. >> UNKNOWN : FwkErrorHandler 0 - Exception : Le controller appelé : "AstridController" ne possède pas de méthode qui a pour nom webController in file C:\wamp\www\AstridV1\lib\Core\ControllerManager.php on line 45
24/11/2012 16:24|Florian M. >> UNKNOWN : FwkErrorHandler 0 - Exception : Le controller appelé : "AstridController" ne possède pas de méthode qui a pour nom webController in file C:\wamp\www\AstridV1\lib\Core\ControllerManager.php on line 45
24/11/2012 16:24|Florian M. >> UNKNOWN : FwkErrorHandler 0 - Exception : Le controller appelé : "AstridController" ne possède pas de méthode qui a pour nom webController in file C:\wamp\www\AstridV1\lib\Core\ControllerManager.php on line 45
24/11/2012 16:24|Florian M. >> UNKNOWN : FwkErrorHandler 0 - Exception : Le controller appelé : "AstridController" ne possède pas de méthode qui a pour nom webController in file C:\wamp\www\AstridV1\lib\Core\ControllerManager.php on line 45
24/11/2012 16:24|Florian M. >> UNKNOWN : FwkErrorHandler 0 - Exception : Le controller appelé : "AstridController" ne possède pas de méthode qui a pour nom webController in file C:\wamp\www\AstridV1\lib\Core\ControllerManager.php on line 45
24/11/2012 16:24|Florian M. >> UNKNOWN : FwkErrorHandler 0 - Exception : Le controller appelé : "AstridController" ne possède pas de méthode qui a pour nom webController in file C:\wamp\www\AstridV1\lib\Core\ControllerManager.php on line 45
24/11/2012 16:24|Florian M. >> UNKNOWN : FwkErrorHandler 0 - Exception : Le controller appelé : "AstridController" ne possède pas de méthode qui a pour nom webController in file C:\wamp\www\AstridV1\lib\Core\ControllerManager.php on line 45
24/11/2012 16:24|Florian M. >> UNKNOWN : FwkErrorHandler 0 - Exception : Le controller appelé : "AstridController" ne possède pas de méthode qui a pour nom webController in file C:\wamp\www\AstridV1\lib\Core\ControllerManager.php on line 45
24/11/2012 16:24|Florian M. >> UNKNOWN : FwkErrorHandler 0 - Exception : Le controller appelé : "AstridController" ne possède pas de méthode qui a pour nom webController in file C:\wamp\www\AstridV1\lib\Core\ControllerManager.php on line 45
24/11/2012 16:24|Florian M. >> UNKNOWN : FwkErrorHandler 0 - Exception : Le controller appelé : "AstridController" ne possède pas de méthode qui a pour nom webController in file C:\wamp\www\AstridV1\lib\Core\ControllerManager.php on line 45
24/11/2012 16:24|Florian M. >> UNKNOWN : FwkErrorHandler 0 - Exception : Le controller appelé : "AstridController" ne possède pas de méthode qui a pour nom webController in file C:\wamp\www\AstridV1\lib\Core\ControllerManager.php on line 45
24/11/2012 16:24|Florian M. >> UNKNOWN : FwkErrorHandler 0 - Exception : Le controller appelé : "AstridController" ne possède pas de méthode qui a pour nom webController in file C:\wamp\www\AstridV1\lib\Core\ControllerManager.php on line 45
24/11/2012 16:24|Florian M. >> UNKNOWN : FwkErrorHandler 0 - Exception : Le controller appelé : "AstridController" ne possède pas de méthode qui a pour nom webController in file C:\wamp\www\AstridV1\lib\Core\ControllerManager.php on line 45
24/11/2012 16:24|Florian M. >> UNKNOWN : FwkErrorHandler 0 - Exception : Le controller appelé : "AstridController" ne possède pas de méthode qui a pour nom webController in file C:\wamp\www\AstridV1\lib\Core\ControllerManager.php on line 45
24/11/2012 16:24|Florian M. >> UNKNOWN : FwkErrorHandler 0 - Exception : Le controller appelé : "AstridController" ne possède pas de méthode qui a pour nom webController in file C:\wamp\www\AstridV1\lib\Core\ControllerManager.php on line 45
24/11/2012 16:24|Florian M. >> UNKNOWN : FwkErrorHandler 0 - Exception : Le controller appelé : "AstridController" ne possède pas de méthode qui a pour nom webController in file C:\wamp\www\AstridV1\lib\Core\ControllerManager.php on line 45
24/11/2012 16:24|Florian M. >> UNKNOWN : FwkErrorHandler 0 - Exception : Le controller appelé : "AstridController" ne possède pas de méthode qui a pour nom typeAnnonceGestionController in file C:\wamp\www\AstridV1\lib\Core\ControllerManager.php on line 45
24/11/2012 16:25|Florian M. >> UNKNOWN : FwkErrorHandler 0 - Exception : Le controller appelé : "AstridController" ne possède pas de méthode qui a pour nom webController in file C:\wamp\www\AstridV1\lib\Core\ControllerManager.php on line 45
24/11/2012 16:25|Florian M. >> UNKNOWN : FwkErrorHandler 0 - Exception : Le controller appelé : "AstridController" ne possède pas de méthode qui a pour nom webController in file C:\wamp\www\AstridV1\lib\Core\ControllerManager.php on line 45
24/11/2012 16:25|Florian M. >> UNKNOWN : FwkErrorHandler 0 - Exception : Le controller appelé : "AstridController" ne possède pas de méthode qui a pour nom webController in file C:\wamp\www\AstridV1\lib\Core\ControllerManager.php on line 45
24/11/2012 16:25|Florian M. >> UNKNOWN : FwkErrorHandler 0 - Exception : Le controller appelé : "AstridController" ne possède pas de méthode qui a pour nom webController in file C:\wamp\www\AstridV1\lib\Core\ControllerManager.php on line 45
24/11/2012 16:25|Florian M. >> UNKNOWN : FwkErrorHandler 0 - Exception : Le controller appelé : "AstridController" ne possède pas de méthode qui a pour nom webController in file C:\wamp\www\AstridV1\lib\Core\ControllerManager.php on line 45
24/11/2012 16:25|Florian M. >> UNKNOWN : FwkErrorHandler 0 - Exception : Le controller appelé : "AstridController" ne possède pas de méthode qui a pour nom webController in file C:\wamp\www\AstridV1\lib\Core\ControllerManager.php on line 45
24/11/2012 16:25|Florian M. >> UNKNOWN : FwkErrorHandler 0 - Exception : Le controller appelé : "AstridController" ne possède pas de méthode qui a pour nom webController in file C:\wamp\www\AstridV1\lib\Core\ControllerManager.php on line 45
24/11/2012 16:25|Florian M. >> UNKNOWN : FwkErrorHandler 0 - Exception : Le controller appelé : "AstridController" ne possède pas de méthode qui a pour nom webController in file C:\wamp\www\AstridV1\lib\Core\ControllerManager.php on line 45
24/11/2012 16:25|Florian M. >> UNKNOWN : FwkErrorHandler 0 - Exception : Le controller appelé : "AstridController" ne possède pas de méthode qui a pour nom webController in file C:\wamp\www\AstridV1\lib\Core\ControllerManager.php on line 45
24/11/2012 16:25|Florian M. >> UNKNOWN : FwkErrorHandler 0 - Exception : Le controller appelé : "AstridController" ne possède pas de méthode qui a pour nom webController in file C:\wamp\www\AstridV1\lib\Core\ControllerManager.php on line 45
24/11/2012 16:25|Florian M. >> UNKNOWN : FwkErrorHandler 0 - Exception : Le controller appelé : "AstridController" ne possède pas de méthode qui a pour nom webController in file C:\wamp\www\AstridV1\lib\Core\ControllerManager.php on line 45
24/11/2012 16:25|Florian M. >> UNKNOWN : FwkErrorHandler 0 - Exception : Le controller appelé : "AstridController" ne possède pas de méthode qui a pour nom webController in file C:\wamp\www\AstridV1\lib\Core\ControllerManager.php on line 45
24/11/2012 16:25|Florian M. >> UNKNOWN : FwkErrorHandler 0 - Exception : Le controller appelé : "AstridController" ne possède pas de méthode qui a pour nom webController in file C:\wamp\www\AstridV1\lib\Core\ControllerManager.php on line 45
24/11/2012 16:25|Florian M. >> UNKNOWN : FwkErrorHandler 0 - Exception : Le controller appelé : "AstridController" ne possède pas de méthode qui a pour nom webController in file C:\wamp\www\AstridV1\lib\Core\ControllerManager.php on line 45
24/11/2012 16:25|Florian M. >> UNKNOWN : FwkErrorHandler 0 - Exception : Le controller appelé : "AstridController" ne possède pas de méthode qui a pour nom webController in file C:\wamp\www\AstridV1\lib\Core\ControllerManager.php on line 45
24/11/2012 16:25|Florian M. >> UNKNOWN : FwkErrorHandler 0 - Exception : Le controller appelé : "AstridController" ne possède pas de méthode qui a pour nom webController in file C:\wamp\www\AstridV1\lib\Core\ControllerManager.php on line 45
24/11/2012 16:25|Florian M. >> UNKNOWN : FwkErrorHandler 0 - Exception : Le controller appelé : "AstridController" ne possède pas de méthode qui a pour nom webController in file C:\wamp\www\AstridV1\lib\Core\ControllerManager.php on line 45
24/11/2012 16:25|Florian M. >> UNKNOWN : FwkErrorHandler 0 - Exception : Le controller appelé : "AstridController" ne possède pas de méthode qui a pour nom webController in file C:\wamp\www\AstridV1\lib\Core\ControllerManager.php on line 45
24/11/2012 16:25|Florian M. >> UNKNOWN : FwkErrorHandler 0 - Exception : Le controller appelé : "AstridController" ne possède pas de méthode qui a pour nom webController in file C:\wamp\www\AstridV1\lib\Core\ControllerManager.php on line 45
24/11/2012 16:25|Florian M. >> UNKNOWN : FwkErrorHandler 0 - Exception : Le controller appelé : "AstridController" ne possède pas de méthode qui a pour nom webController in file C:\wamp\www\AstridV1\lib\Core\ControllerManager.php on line 45
24/11/2012 16:25|Florian M. >> UNKNOWN : FwkErrorHandler 0 - Exception : Le controller appelé : "AstridController" ne possède pas de méthode qui a pour nom webController in file C:\wamp\www\AstridV1\lib\Core\ControllerManager.php on line 45
24/11/2012 16:25|Florian M. >> UNKNOWN : FwkErrorHandler 0 - Exception : Le controller appelé : "AstridController" ne possède pas de méthode qui a pour nom webController in file C:\wamp\www\AstridV1\lib\Core\ControllerManager.php on line 45
24/11/2012 16:25|Florian M. >> UNKNOWN : FwkErrorHandler 0 - Exception : Le controller appelé : "AstridController" ne possède pas de méthode qui a pour nom webController in file C:\wamp\www\AstridV1\lib\Core\ControllerManager.php on line 45
24/11/2012 16:25|Florian M. >> UNKNOWN : FwkErrorHandler 0 - Exception : Le controller appelé : "AstridController" ne possède pas de méthode qui a pour nom webController in file C:\wamp\www\AstridV1\lib\Core\ControllerManager.php on line 45
24/11/2012 16:25|Florian M. >> UNKNOWN : FwkErrorHandler 0 - Exception : Le controller appelé : "AstridController" ne possède pas de méthode qui a pour nom webController in file C:\wamp\www\AstridV1\lib\Core\ControllerManager.php on line 45
24/11/2012 16:25|Florian M. >> UNKNOWN : FwkErrorHandler 0 - Exception : Le controller appelé : "AstridController" ne possède pas de méthode qui a pour nom webController in file C:\wamp\www\AstridV1\lib\Core\ControllerManager.php on line 45
24/11/2012 16:25|Florian M. >> UNKNOWN : FwkErrorHandler 0 - Exception : Le controller appelé : "AstridController" ne possède pas de méthode qui a pour nom webController in file C:\wamp\www\AstridV1\lib\Core\ControllerManager.php on line 45
24/11/2012 16:25|Florian M. >> UNKNOWN : FwkErrorHandler 0 - Exception : Le controller appelé : "AstridController" ne possède pas de méthode qui a pour nom webController in file C:\wamp\www\AstridV1\lib\Core\ControllerManager.php on line 45
24/11/2012 16:27|Florian M. >> UNKNOWN : FwkErrorHandler 0 - Exception : Le controller appelé : "AstridController" ne possède pas de méthode qui a pour nom webController in file C:\wamp\www\AstridV1\lib\Core\ControllerManager.php on line 45
24/11/2012 16:27|Florian M. >> UNKNOWN : FwkErrorHandler 0 - Exception : Le controller appelé : "AstridController" ne possède pas de méthode qui a pour nom webController in file C:\wamp\www\AstridV1\lib\Core\ControllerManager.php on line 45
24/11/2012 16:27|Florian M. >> UNKNOWN : FwkErrorHandler 0 - Exception : Le controller appelé : "AstridController" ne possède pas de méthode qui a pour nom webController in file C:\wamp\www\AstridV1\lib\Core\ControllerManager.php on line 45
24/11/2012 16:27|Florian M. >> UNKNOWN : FwkErrorHandler 0 - Exception : Le controller appelé : "AstridController" ne possède pas de méthode qui a pour nom webController in file C:\wamp\www\AstridV1\lib\Core\ControllerManager.php on line 45
24/11/2012 16:27|Florian M. >> UNKNOWN : FwkErrorHandler 0 - Exception : Le controller appelé : "AstridController" ne possède pas de méthode qui a pour nom webController in file C:\wamp\www\AstridV1\lib\Core\ControllerManager.php on line 45
24/11/2012 16:27|Florian M. >> UNKNOWN : FwkErrorHandler 0 - Exception : Le controller appelé : "AstridController" ne possède pas de méthode qui a pour nom webController in file C:\wamp\www\AstridV1\lib\Core\ControllerManager.php on line 45
24/11/2012 16:27|Florian M. >> UNKNOWN : FwkErrorHandler 0 - Exception : Le controller appelé : "AstridController" ne possède pas de méthode qui a pour nom webController in file C:\wamp\www\AstridV1\lib\Core\ControllerManager.php on line 45
24/11/2012 16:27|Florian M. >> UNKNOWN : FwkErrorHandler 0 - Exception : Le controller appelé : "AstridController" ne possède pas de méthode qui a pour nom webController in file C:\wamp\www\AstridV1\lib\Core\ControllerManager.php on line 45
24/11/2012 16:27|Florian M. >> UNKNOWN : FwkErrorHandler 0 - Exception : Le controller appelé : "AstridController" ne possède pas de méthode qui a pour nom webController in file C:\wamp\www\AstridV1\lib\Core\ControllerManager.php on line 45
24/11/2012 16:27|Florian M. >> UNKNOWN : FwkErrorHandler 0 - Exception : Le controller appelé : "AstridController" ne possède pas de méthode qui a pour nom webController in file C:\wamp\www\AstridV1\lib\Core\ControllerManager.php on line 45
24/11/2012 16:27|Florian M. >> UNKNOWN : FwkErrorHandler 0 - Exception : Le controller appelé : "AstridController" ne possède pas de méthode qui a pour nom webController in file C:\wamp\www\AstridV1\lib\Core\ControllerManager.php on line 45
24/11/2012 16:27|Florian M. >> UNKNOWN : FwkErrorHandler 0 - Exception : Le controller appelé : "AstridController" ne possède pas de méthode qui a pour nom webController in file C:\wamp\www\AstridV1\lib\Core\ControllerManager.php on line 45
24/11/2012 16:29|Florian M. >> UNKNOWN : FwkErrorHandler 0 - Exception : Le controller appelé : "AstridController" ne possède pas de méthode qui a pour nom webController in file C:\wamp\www\AstridV1\lib\Core\ControllerManager.php on line 45
24/11/2012 16:29|Florian M. >> UNKNOWN : FwkErrorHandler 0 - Exception : Le controller appelé : "AstridController" ne possède pas de méthode qui a pour nom webController in file C:\wamp\www\AstridV1\lib\Core\ControllerManager.php on line 45
24/11/2012 16:29|Florian M. >> UNKNOWN : FwkErrorHandler 0 - Exception : Le controller appelé : "AstridController" ne possède pas de méthode qui a pour nom webController in file C:\wamp\www\AstridV1\lib\Core\ControllerManager.php on line 45
24/11/2012 16:29|Florian M. >> UNKNOWN : FwkErrorHandler 0 - Exception : Le controller appelé : "AstridController" ne possède pas de méthode qui a pour nom webController in file C:\wamp\www\AstridV1\lib\Core\ControllerManager.php on line 45
24/11/2012 16:29|Florian M. >> UNKNOWN : FwkErrorHandler 0 - Exception : Le controller appelé : "AstridController" ne possède pas de méthode qui a pour nom webController in file C:\wamp\www\AstridV1\lib\Core\ControllerManager.php on line 45
24/11/2012 16:29|Florian M. >> UNKNOWN : FwkErrorHandler 0 - Exception : Le controller appelé : "AstridController" ne possède pas de méthode qui a pour nom webController in file C:\wamp\www\AstridV1\lib\Core\ControllerManager.php on line 45
24/11/2012 16:29|Florian M. >> UNKNOWN : FwkErrorHandler 0 - Exception : Le controller appelé : "AstridController" ne possède pas de méthode qui a pour nom webController in file C:\wamp\www\AstridV1\lib\Core\ControllerManager.php on line 45
24/11/2012 16:29|Florian M. >> UNKNOWN : FwkErrorHandler 0 - Exception : Le controller appelé : "AstridController" ne possède pas de méthode qui a pour nom webController in file C:\wamp\www\AstridV1\lib\Core\ControllerManager.php on line 45
24/11/2012 16:29|Florian M. >> UNKNOWN : FwkErrorHandler 0 - Exception : Le controller appelé : "AstridController" ne possède pas de méthode qui a pour nom webController in file C:\wamp\www\AstridV1\lib\Core\ControllerManager.php on line 45
24/11/2012 16:29|Florian M. >> UNKNOWN : FwkErrorHandler 0 - Exception : Le controller appelé : "AstridController" ne possède pas de méthode qui a pour nom webController in file C:\wamp\www\AstridV1\lib\Core\ControllerManager.php on line 45
24/11/2012 16:29|Florian M. >> UNKNOWN : FwkErrorHandler 0 - Exception : Le controller appelé : "AstridController" ne possède pas de méthode qui a pour nom webController in file C:\wamp\www\AstridV1\lib\Core\ControllerManager.php on line 45
24/11/2012 16:29|Florian M. >> UNKNOWN : FwkErrorHandler 0 - Exception : Le controller appelé : "AstridController" ne possède pas de méthode qui a pour nom webController in file C:\wamp\www\AstridV1\lib\Core\ControllerManager.php on line 45
24/11/2012 16:30|Florian M. >> UNKNOWN : FwkErrorHandler 0 - Exception : Le controller appelé : "AstridController" ne possède pas de méthode qui a pour nom webController in file C:\wamp\www\AstridV1\lib\Core\ControllerManager.php on line 45
24/11/2012 16:30|Florian M. >> UNKNOWN : FwkErrorHandler 0 - Exception : Le controller appelé : "AstridController" ne possède pas de méthode qui a pour nom webController in file C:\wamp\www\AstridV1\lib\Core\ControllerManager.php on line 45
24/11/2012 16:30|Florian M. >> UNKNOWN : FwkErrorHandler 0 - Exception : Le controller appelé : "AstridController" ne possède pas de méthode qui a pour nom webController in file C:\wamp\www\AstridV1\lib\Core\ControllerManager.php on line 45
24/11/2012 16:30|Florian M. >> UNKNOWN : FwkErrorHandler 0 - Exception : Le controller appelé : "AstridController" ne possède pas de méthode qui a pour nom webController in file C:\wamp\www\AstridV1\lib\Core\ControllerManager.php on line 45
24/11/2012 16:30|Florian M. >> UNKNOWN : FwkErrorHandler 0 - Exception : Le controller appelé : "AstridController" ne possède pas de méthode qui a pour nom webController in file C:\wamp\www\AstridV1\lib\Core\ControllerManager.php on line 45
24/11/2012 16:30|Florian M. >> UNKNOWN : FwkErrorHandler 0 - Exception : Le controller appelé : "AstridController" ne possède pas de méthode qui a pour nom webController in file C:\wamp\www\AstridV1\lib\Core\ControllerManager.php on line 45
24/11/2012 16:30|Florian M. >> UNKNOWN : FwkErrorHandler 0 - Exception : Le controller appelé : "AstridController" ne possède pas de méthode qui a pour nom webController in file C:\wamp\www\AstridV1\lib\Core\ControllerManager.php on line 45
24/11/2012 16:30|Florian M. >> UNKNOWN : FwkErrorHandler 0 - Exception : Le controller appelé : "AstridController" ne possède pas de méthode qui a pour nom webController in file C:\wamp\www\AstridV1\lib\Core\ControllerManager.php on line 45
24/11/2012 16:30|Florian M. >> UNKNOWN : FwkErrorHandler 0 - Exception : Le controller appelé : "AstridController" ne possède pas de méthode qui a pour nom webController in file C:\wamp\www\AstridV1\lib\Core\ControllerManager.php on line 45
24/11/2012 16:30|Florian M. >> UNKNOWN : FwkErrorHandler 0 - Exception : Le controller appelé : "AstridController" ne possède pas de méthode qui a pour nom webController in file C:\wamp\www\AstridV1\lib\Core\ControllerManager.php on line 45
24/11/2012 16:30|Florian M. >> UNKNOWN : FwkErrorHandler 0 - Exception : Le controller appelé : "AstridController" ne possède pas de méthode qui a pour nom webController in file C:\wamp\www\AstridV1\lib\Core\ControllerManager.php on line 45
24/11/2012 16:30|Florian M. >> UNKNOWN : FwkErrorHandler 0 - Exception : Le controller appelé : "AstridController" ne possède pas de méthode qui a pour nom webController in file C:\wamp\www\AstridV1\lib\Core\ControllerManager.php on line 45
24/11/2012 16:30|Florian M. >> UNKNOWN : FwkErrorHandler 0 - Exception : Le controller appelé : "AstridController" ne possède pas de méthode qui a pour nom webController in file C:\wamp\www\AstridV1\lib\Core\ControllerManager.php on line 45
24/11/2012 16:30|Florian M. >> UNKNOWN : FwkErrorHandler 0 - Exception : Le controller appelé : "AstridController" ne possède pas de méthode qui a pour nom webController in file C:\wamp\www\AstridV1\lib\Core\ControllerManager.php on line 45
24/11/2012 16:30|Florian M. >> UNKNOWN : FwkErrorHandler 0 - Exception : Le controller appelé : "AstridController" ne possède pas de méthode qui a pour nom webController in file C:\wamp\www\AstridV1\lib\Core\ControllerManager.php on line 45
24/11/2012 16:30|Florian M. >> UNKNOWN : FwkErrorHandler 0 - Exception : Le controller appelé : "AstridController" ne possède pas de méthode qui a pour nom webController in file C:\wamp\www\AstridV1\lib\Core\ControllerManager.php on line 45
24/11/2012 16:30|Florian M. >> UNKNOWN : FwkErrorHandler 0 - Exception : Le controller appelé : "AstridController" ne possède pas de méthode qui a pour nom webController in file C:\wamp\www\AstridV1\lib\Core\ControllerManager.php on line 45
24/11/2012 16:30|Florian M. >> UNKNOWN : FwkErrorHandler 0 - Exception : Le controller appelé : "AstridController" ne possède pas de méthode qui a pour nom webController in file C:\wamp\www\AstridV1\lib\Core\ControllerManager.php on line 45
24/11/2012 16:30|Florian M. >> UNKNOWN : FwkErrorHandler 0 - Exception : Le controller appelé : "AstridController" ne possède pas de méthode qui a pour nom webController in file C:\wamp\www\AstridV1\lib\Core\ControllerManager.php on line 45
24/11/2012 16:30|Florian M. >> UNKNOWN : FwkErrorHandler 0 - Exception : Le controller appelé : "AstridController" ne possède pas de méthode qui a pour nom webController in file C:\wamp\www\AstridV1\lib\Core\ControllerManager.php on line 45
24/11/2012 16:30|Florian M. >> UNKNOWN : FwkErrorHandler 0 - Exception : Le controller appelé : "AstridController" ne possède pas de méthode qui a pour nom webController in file C:\wamp\www\AstridV1\lib\Core\ControllerManager.php on line 45
24/11/2012 16:30|Florian M. >> UNKNOWN : FwkErrorHandler 0 - Exception : Le controller appelé : "AstridController" ne possède pas de méthode qui a pour nom webController in file C:\wamp\www\AstridV1\lib\Core\ControllerManager.php on line 45
24/11/2012 16:30|Florian M. >> UNKNOWN : FwkErrorHandler 0 - Exception : Le controller appelé : "AstridController" ne possède pas de méthode qui a pour nom webController in file C:\wamp\www\AstridV1\lib\Core\ControllerManager.php on line 45
24/11/2012 16:30|Florian M. >> UNKNOWN : FwkErrorHandler 0 - Exception : Le controller appelé : "AstridController" ne possède pas de méthode qui a pour nom webController in file C:\wamp\www\AstridV1\lib\Core\ControllerManager.php on line 45
24/11/2012 16:31|Florian M. >> UNKNOWN : FwkErrorHandler 0 - Exception : Le controller appelé : "AstridController" ne possède pas de méthode qui a pour nom webController in file C:\wamp\www\AstridV1\lib\Core\ControllerManager.php on line 45
24/11/2012 16:31|Florian M. >> UNKNOWN : FwkErrorHandler 0 - Exception : Le controller appelé : "AstridController" ne possède pas de méthode qui a pour nom webController in file C:\wamp\www\AstridV1\lib\Core\ControllerManager.php on line 45
24/11/2012 16:31|Florian M. >> UNKNOWN : FwkErrorHandler 0 - Exception : Le controller appelé : "AstridController" ne possède pas de méthode qui a pour nom webController in file C:\wamp\www\AstridV1\lib\Core\ControllerManager.php on line 45
24/11/2012 16:31|Florian M. >> UNKNOWN : FwkErrorHandler 0 - Exception : Le controller appelé : "AstridController" ne possède pas de méthode qui a pour nom webController in file C:\wamp\www\AstridV1\lib\Core\ControllerManager.php on line 45
24/11/2012 16:31|Florian M. >> UNKNOWN : FwkErrorHandler 0 - Exception : Le controller appelé : "AstridController" ne possède pas de méthode qui a pour nom webController in file C:\wamp\www\AstridV1\lib\Core\ControllerManager.php on line 45
24/11/2012 16:31|Florian M. >> UNKNOWN : FwkErrorHandler 0 - Exception : Le controller appelé : "AstridController" ne possède pas de méthode qui a pour nom webController in file C:\wamp\www\AstridV1\lib\Core\ControllerManager.php on line 45
24/11/2012 16:31|Florian M. >> UNKNOWN : FwkErrorHandler 0 - Exception : Le controller appelé : "AstridController" ne possède pas de méthode qui a pour nom webController in file C:\wamp\www\AstridV1\lib\Core\ControllerManager.php on line 45
24/11/2012 16:31|Florian M. >> UNKNOWN : FwkErrorHandler 0 - Exception : Le controller appelé : "AstridController" ne possède pas de méthode qui a pour nom webController in file C:\wamp\www\AstridV1\lib\Core\ControllerManager.php on line 45
24/11/2012 16:31|Florian M. >> UNKNOWN : FwkErrorHandler 0 - Exception : Le controller appelé : "AstridController" ne possède pas de méthode qui a pour nom webController in file C:\wamp\www\AstridV1\lib\Core\ControllerManager.php on line 45
24/11/2012 16:31|Florian M. >> UNKNOWN : FwkErrorHandler 0 - Exception : Le controller appelé : "AstridController" ne possède pas de méthode qui a pour nom webController in file C:\wamp\www\AstridV1\lib\Core\ControllerManager.php on line 45
24/11/2012 16:31|Florian M. >> UNKNOWN : FwkErrorHandler 0 - Exception : Le controller appelé : "AstridController" ne possède pas de méthode qui a pour nom webController in file C:\wamp\www\AstridV1\lib\Core\ControllerManager.php on line 45
24/11/2012 16:31|Florian M. >> UNKNOWN : FwkErrorHandler 0 - Exception : Le controller appelé : "AstridController" ne possède pas de méthode qui a pour nom webController in file C:\wamp\www\AstridV1\lib\Core\ControllerManager.php on line 45
24/11/2012 16:32|Florian M. >> UNKNOWN : FwkErrorHandler 0 - Exception : Le controller appelé : "AstridController" ne possède pas de méthode qui a pour nom webController in file C:\wamp\www\AstridV1\lib\Core\ControllerManager.php on line 45
24/11/2012 16:32|Florian M. >> UNKNOWN : FwkErrorHandler 0 - Exception : Le controller appelé : "AstridController" ne possède pas de méthode qui a pour nom webController in file C:\wamp\www\AstridV1\lib\Core\ControllerManager.php on line 45
24/11/2012 16:32|Florian M. >> UNKNOWN : FwkErrorHandler 0 - Exception : Le controller appelé : "AstridController" ne possède pas de méthode qui a pour nom webController in file C:\wamp\www\AstridV1\lib\Core\ControllerManager.php on line 45
24/11/2012 16:32|Florian M. >> UNKNOWN : FwkErrorHandler 0 - Exception : Le controller appelé : "AstridController" ne possède pas de méthode qui a pour nom webController in file C:\wamp\www\AstridV1\lib\Core\ControllerManager.php on line 45
24/11/2012 16:32|Florian M. >> UNKNOWN : FwkErrorHandler 0 - Exception : Le controller appelé : "AstridController" ne possède pas de méthode qui a pour nom webController in file C:\wamp\www\AstridV1\lib\Core\ControllerManager.php on line 45
24/11/2012 16:32|Florian M. >> UNKNOWN : FwkErrorHandler 0 - Exception : Le controller appelé : "AstridController" ne possède pas de méthode qui a pour nom webController in file C:\wamp\www\AstridV1\lib\Core\ControllerManager.php on line 45
24/11/2012 16:32|Florian M. >> UNKNOWN : FwkErrorHandler 0 - Exception : Le controller appelé : "AstridController" ne possède pas de méthode qui a pour nom webController in file C:\wamp\www\AstridV1\lib\Core\ControllerManager.php on line 45
24/11/2012 16:32|Florian M. >> UNKNOWN : FwkErrorHandler 0 - Exception : Le controller appelé : "AstridController" ne possède pas de méthode qui a pour nom webController in file C:\wamp\www\AstridV1\lib\Core\ControllerManager.php on line 45
24/11/2012 16:32|Florian M. >> UNKNOWN : FwkErrorHandler 0 - Exception : Le controller appelé : "AstridController" ne possède pas de méthode qui a pour nom webController in file C:\wamp\www\AstridV1\lib\Core\ControllerManager.php on line 45
24/11/2012 16:32|Florian M. >> UNKNOWN : FwkErrorHandler 0 - Exception : Le controller appelé : "AstridController" ne possède pas de méthode qui a pour nom webController in file C:\wamp\www\AstridV1\lib\Core\ControllerManager.php on line 45
24/11/2012 16:32|Florian M. >> UNKNOWN : FwkErrorHandler 0 - Exception : Le controller appelé : "AstridController" ne possède pas de méthode qui a pour nom webController in file C:\wamp\www\AstridV1\lib\Core\ControllerManager.php on line 45
24/11/2012 16:32|Florian M. >> UNKNOWN : FwkErrorHandler 0 - Exception : Le controller appelé : "AstridController" ne possède pas de méthode qui a pour nom webController in file C:\wamp\www\AstridV1\lib\Core\ControllerManager.php on line 45
24/11/2012 16:36|Florian M. >> UNKNOWN : FwkErrorHandler 0 - Exception : Le controller appelé : "AstridController" ne possède pas de méthode qui a pour nom webController in file C:\wamp\www\AstridV1\lib\Core\ControllerManager.php on line 45
24/11/2012 16:36|Florian M. >> UNKNOWN : FwkErrorHandler 0 - Exception : Le controller appelé : "AstridController" ne possède pas de méthode qui a pour nom webController in file C:\wamp\www\AstridV1\lib\Core\ControllerManager.php on line 45
24/11/2012 16:36|Florian M. >> UNKNOWN : FwkErrorHandler 0 - Exception : Le controller appelé : "AstridController" ne possède pas de méthode qui a pour nom webController in file C:\wamp\www\AstridV1\lib\Core\ControllerManager.php on line 45
24/11/2012 16:36|Florian M. >> UNKNOWN : FwkErrorHandler 0 - Exception : Le controller appelé : "AstridController" ne possède pas de méthode qui a pour nom webController in file C:\wamp\www\AstridV1\lib\Core\ControllerManager.php on line 45
24/11/2012 16:36|Florian M. >> UNKNOWN : FwkErrorHandler 0 - Exception : Le controller appelé : "AstridController" ne possède pas de méthode qui a pour nom webController in file C:\wamp\www\AstridV1\lib\Core\ControllerManager.php on line 45
24/11/2012 16:36|Florian M. >> UNKNOWN : FwkErrorHandler 0 - Exception : Le controller appelé : "AstridController" ne possède pas de méthode qui a pour nom webController in file C:\wamp\www\AstridV1\lib\Core\ControllerManager.php on line 45
24/11/2012 16:36|Florian M. >> UNKNOWN : FwkErrorHandler 0 - Exception : Le controller appelé : "AstridController" ne possède pas de méthode qui a pour nom webController in file C:\wamp\www\AstridV1\lib\Core\ControllerManager.php on line 45
24/11/2012 16:36|Florian M. >> UNKNOWN : FwkErrorHandler 0 - Exception : Le controller appelé : "AstridController" ne possède pas de méthode qui a pour nom webController in file C:\wamp\www\AstridV1\lib\Core\ControllerManager.php on line 45
24/11/2012 16:36|Florian M. >> UNKNOWN : FwkErrorHandler 0 - Exception : Le controller appelé : "AstridController" ne possède pas de méthode qui a pour nom webController in file C:\wamp\www\AstridV1\lib\Core\ControllerManager.php on line 45
24/11/2012 16:36|Florian M. >> UNKNOWN : FwkErrorHandler 0 - Exception : Le controller appelé : "AstridController" ne possède pas de méthode qui a pour nom webController in file C:\wamp\www\AstridV1\lib\Core\ControllerManager.php on line 45
24/11/2012 16:36|Florian M. >> UNKNOWN : FwkErrorHandler 0 - Exception : Le controller appelé : "AstridController" ne possède pas de méthode qui a pour nom webController in file C:\wamp\www\AstridV1\lib\Core\ControllerManager.php on line 45
24/11/2012 16:36|Florian M. >> UNKNOWN : FwkErrorHandler 0 - Exception : Le controller appelé : "AstridController" ne possède pas de méthode qui a pour nom webController in file C:\wamp\www\AstridV1\lib\Core\ControllerManager.php on line 45
24/11/2012 16:38|Florian M. >> UNKNOWN : FwkErrorHandler 0 - Exception : Le controller appelé : "AstridController" ne possède pas de méthode qui a pour nom webController in file C:\wamp\www\AstridV1\lib\Core\ControllerManager.php on line 45
24/11/2012 16:38|Florian M. >> UNKNOWN : FwkErrorHandler 0 - Exception : Le controller appelé : "AstridController" ne possède pas de méthode qui a pour nom webController in file C:\wamp\www\AstridV1\lib\Core\ControllerManager.php on line 45
24/11/2012 16:38|Florian M. >> UNKNOWN : FwkErrorHandler 0 - Exception : Le controller appelé : "AstridController" ne possède pas de méthode qui a pour nom webController in file C:\wamp\www\AstridV1\lib\Core\ControllerManager.php on line 45
24/11/2012 16:38|Florian M. >> UNKNOWN : FwkErrorHandler 0 - Exception : Le controller appelé : "AstridController" ne possède pas de méthode qui a pour nom webController in file C:\wamp\www\AstridV1\lib\Core\ControllerManager.php on line 45
24/11/2012 16:38|Florian M. >> UNKNOWN : FwkErrorHandler 0 - Exception : Le controller appelé : "AstridController" ne possède pas de méthode qui a pour nom webController in file C:\wamp\www\AstridV1\lib\Core\ControllerManager.php on line 45
24/11/2012 16:38|Florian M. >> UNKNOWN : FwkErrorHandler 0 - Exception : Le controller appelé : "AstridController" ne possède pas de méthode qui a pour nom webController in file C:\wamp\www\AstridV1\lib\Core\ControllerManager.php on line 45
24/11/2012 16:38|Florian M. >> UNKNOWN : FwkErrorHandler 0 - Exception : Le controller appelé : "AstridController" ne possède pas de méthode qui a pour nom webController in file C:\wamp\www\AstridV1\lib\Core\ControllerManager.php on line 45
24/11/2012 16:38|Florian M. >> UNKNOWN : FwkErrorHandler 0 - Exception : Le controller appelé : "AstridController" ne possède pas de méthode qui a pour nom webController in file C:\wamp\www\AstridV1\lib\Core\ControllerManager.php on line 45
24/11/2012 16:38|Florian M. >> UNKNOWN : FwkErrorHandler 0 - Exception : Le controller appelé : "AstridController" ne possède pas de méthode qui a pour nom webController in file C:\wamp\www\AstridV1\lib\Core\ControllerManager.php on line 45
24/11/2012 16:38|Florian M. >> UNKNOWN : FwkErrorHandler 0 - Exception : Le controller appelé : "AstridController" ne possède pas de méthode qui a pour nom webController in file C:\wamp\www\AstridV1\lib\Core\ControllerManager.php on line 45
24/11/2012 16:38|Florian M. >> UNKNOWN : FwkErrorHandler 0 - Exception : Le controller appelé : "AstridController" ne possède pas de méthode qui a pour nom webController in file C:\wamp\www\AstridV1\lib\Core\ControllerManager.php on line 45
24/11/2012 16:38|Florian M. >> UNKNOWN : FwkErrorHandler 0 - Exception : Le controller appelé : "AstridController" ne possède pas de méthode qui a pour nom webController in file C:\wamp\www\AstridV1\lib\Core\ControllerManager.php on line 45
24/11/2012 16:38|Florian M. >> UNKNOWN : FwkErrorHandler 0 - Exception : Le controller appelé : "AstridController" ne possède pas de méthode qui a pour nom webController in file C:\wamp\www\AstridV1\lib\Core\ControllerManager.php on line 45
24/11/2012 16:38|Florian M. >> UNKNOWN : FwkErrorHandler 0 - Exception : Le controller appelé : "AstridController" ne possède pas de méthode qui a pour nom webController in file C:\wamp\www\AstridV1\lib\Core\ControllerManager.php on line 45
24/11/2012 16:38|Florian M. >> UNKNOWN : FwkErrorHandler 0 - Exception : Le controller appelé : "AstridController" ne possède pas de méthode qui a pour nom webController in file C:\wamp\www\AstridV1\lib\Core\ControllerManager.php on line 45
24/11/2012 16:38|Florian M. >> UNKNOWN : FwkErrorHandler 0 - Exception : Le controller appelé : "AstridController" ne possède pas de méthode qui a pour nom webController in file C:\wamp\www\AstridV1\lib\Core\ControllerManager.php on line 45
24/11/2012 16:50|Florian M. >> UNKNOWN : FwkErrorHandler 0 - Exception : Le controller appelé : "AstridController" ne possède pas de méthode qui a pour nom webController in file C:\wamp\www\AstridV1\lib\Core\ControllerManager.php on line 45
24/11/2012 16:50|Florian M. >> UNKNOWN : FwkErrorHandler 0 - Exception : Le controller appelé : "AstridController" ne possède pas de méthode qui a pour nom webController in file C:\wamp\www\AstridV1\lib\Core\ControllerManager.php on line 45
24/11/2012 16:50|Florian M. >> UNKNOWN : FwkErrorHandler 0 - Exception : Le controller appelé : "AstridController" ne possède pas de méthode qui a pour nom webController in file C:\wamp\www\AstridV1\lib\Core\ControllerManager.php on line 45
24/11/2012 16:50|Florian M. >> UNKNOWN : FwkErrorHandler 0 - Exception : Le controller appelé : "AstridController" ne possède pas de méthode qui a pour nom webController in file C:\wamp\www\AstridV1\lib\Core\ControllerManager.php on line 45
24/11/2012 16:50|Florian M. >> UNKNOWN : FwkErrorHandler 0 - Exception : Le controller appelé : "AstridController" ne possède pas de méthode qui a pour nom webController in file C:\wamp\www\AstridV1\lib\Core\ControllerManager.php on line 45
24/11/2012 16:50|Florian M. >> UNKNOWN : FwkErrorHandler 0 - Exception : Le controller appelé : "AstridController" ne possède pas de méthode qui a pour nom webController in file C:\wamp\www\AstridV1\lib\Core\ControllerManager.php on line 45
24/11/2012 16:50|Florian M. >> UNKNOWN : FwkErrorHandler 0 - Exception : Le controller appelé : "AstridController" ne possède pas de méthode qui a pour nom webController in file C:\wamp\www\AstridV1\lib\Core\ControllerManager.php on line 45
24/11/2012 16:50|Florian M. >> UNKNOWN : FwkErrorHandler 0 - Exception : Le controller appelé : "AstridController" ne possède pas de méthode qui a pour nom webController in file C:\wamp\www\AstridV1\lib\Core\ControllerManager.php on line 45
24/11/2012 16:50|Florian M. >> UNKNOWN : FwkErrorHandler 0 - Exception : Le controller appelé : "AstridController" ne possède pas de méthode qui a pour nom webController in file C:\wamp\www\AstridV1\lib\Core\ControllerManager.php on line 45
24/11/2012 16:50|Florian M. >> UNKNOWN : FwkErrorHandler 0 - Exception : Le controller appelé : "AstridController" ne possède pas de méthode qui a pour nom webController in file C:\wamp\www\AstridV1\lib\Core\ControllerManager.php on line 45
24/11/2012 16:50|Florian M. >> UNKNOWN : FwkErrorHandler 0 - Exception : Le controller appelé : "AstridController" ne possède pas de méthode qui a pour nom webController in file C:\wamp\www\AstridV1\lib\Core\ControllerManager.php on line 45
24/11/2012 16:50|Florian M. >> UNKNOWN : FwkErrorHandler 0 - Exception : Le controller appelé : "AstridController" ne possède pas de méthode qui a pour nom webController in file C:\wamp\www\AstridV1\lib\Core\ControllerManager.php on line 45
24/11/2012 16:51|Florian M. >> Warning : FwkErrorHandler 2 - require(../lib\Entities\Clients.php) [<a href='function.require'>function.require</a>]: failed to open stream: No such file or directory in file C:\wamp\www\AstridV1\lib\Doctrine\Doctrine\Common\ClassLoader.php on line 163
24/11/2012 16:52|Florian M. >> Recoverable Error : FwkErrorHandler 4096 - Object of class DateTime could not be converted to string in file C:\wamp\www\AstridV1\lib\Core\FwkTable.php on line 324
24/11/2012 16:52|Florian M. >> UNKNOWN : FwkErrorHandler 0 - Object of class DateTime could not be converted to string in file C:\wamp\www\AstridV1\lib\Core\FwkTable.php on line 324
24/11/2012 16:53|Florian M. >> UNKNOWN : FwkErrorHandler 0 - Exception : Le controller appelé : "AstridController" ne possède pas de méthode qui a pour nom webController in file C:\wamp\www\AstridV1\lib\Core\ControllerManager.php on line 45
24/11/2012 16:53|Florian M. >> UNKNOWN : FwkErrorHandler 0 - Exception : Le controller appelé : "AstridController" ne possède pas de méthode qui a pour nom webController in file C:\wamp\www\AstridV1\lib\Core\ControllerManager.php on line 45
24/11/2012 16:53|Florian M. >> UNKNOWN : FwkErrorHandler 0 - Exception : Le controller appelé : "AstridController" ne possède pas de méthode qui a pour nom webController in file C:\wamp\www\AstridV1\lib\Core\ControllerManager.php on line 45
24/11/2012 16:53|Florian M. >> UNKNOWN : FwkErrorHandler 0 - Exception : Le controller appelé : "AstridController" ne possède pas de méthode qui a pour nom webController in file C:\wamp\www\AstridV1\lib\Core\ControllerManager.php on line 45
24/11/2012 16:53|Florian M. >> UNKNOWN : FwkErrorHandler 0 - Exception : Le controller appelé : "AstridController" ne possède pas de méthode qui a pour nom webController in file C:\wamp\www\AstridV1\lib\Core\ControllerManager.php on line 45
24/11/2012 16:53|Florian M. >> UNKNOWN : FwkErrorHandler 0 - Exception : Le controller appelé : "AstridController" ne possède pas de méthode qui a pour nom webController in file C:\wamp\www\AstridV1\lib\Core\ControllerManager.php on line 45
24/11/2012 16:53|Florian M. >> UNKNOWN : FwkErrorHandler 0 - Exception : Le controller appelé : "AstridController" ne possède pas de méthode qui a pour nom webController in file C:\wamp\www\AstridV1\lib\Core\ControllerManager.php on line 45
24/11/2012 16:53|Florian M. >> UNKNOWN : FwkErrorHandler 0 - Exception : Le controller appelé : "AstridController" ne possède pas de méthode qui a pour nom webController in file C:\wamp\www\AstridV1\lib\Core\ControllerManager.php on line 45
24/11/2012 16:53|Florian M. >> UNKNOWN : FwkErrorHandler 0 - Exception : Le controller appelé : "AstridController" ne possède pas de méthode qui a pour nom webController in file C:\wamp\www\AstridV1\lib\Core\ControllerManager.php on line 45
24/11/2012 16:53|Florian M. >> UNKNOWN : FwkErrorHandler 0 - Exception : Le controller appelé : "AstridController" ne possède pas de méthode qui a pour nom webController in file C:\wamp\www\AstridV1\lib\Core\ControllerManager.php on line 45
24/11/2012 16:53|Florian M. >> UNKNOWN : FwkErrorHandler 0 - Exception : Le controller appelé : "AstridController" ne possède pas de méthode qui a pour nom webController in file C:\wamp\www\AstridV1\lib\Core\ControllerManager.php on line 45
24/11/2012 16:53|Florian M. >> UNKNOWN : FwkErrorHandler 0 - Exception : Le controller appelé : "AstridController" ne possède pas de méthode qui a pour nom webController in file C:\wamp\www\AstridV1\lib\Core\ControllerManager.php on line 45
24/11/2012 16:54|Florian M. >> UNKNOWN : FwkErrorHandler 0 - Exception : Le controller appelé : "AstridController" ne possède pas de méthode qui a pour nom webController in file C:\wamp\www\AstridV1\lib\Core\ControllerManager.php on line 45
24/11/2012 16:54|Florian M. >> UNKNOWN : FwkErrorHandler 0 - Exception : Le controller appelé : "AstridController" ne possède pas de méthode qui a pour nom webController in file C:\wamp\www\AstridV1\lib\Core\ControllerManager.php on line 45
24/11/2012 16:54|Florian M. >> UNKNOWN : FwkErrorHandler 0 - Exception : Le controller appelé : "AstridController" ne possède pas de méthode qui a pour nom webController in file C:\wamp\www\AstridV1\lib\Core\ControllerManager.php on line 45
24/11/2012 16:54|Florian M. >> UNKNOWN : FwkErrorHandler 0 - Exception : Le controller appelé : "AstridController" ne possède pas de méthode qui a pour nom webController in file C:\wamp\www\AstridV1\lib\Core\ControllerManager.php on line 45
24/11/2012 16:54|Florian M. >> UNKNOWN : FwkErrorHandler 0 - Exception : Le controller appelé : "AstridController" ne possède pas de méthode qui a pour nom webController in file C:\wamp\www\AstridV1\lib\Core\ControllerManager.php on line 45
24/11/2012 16:54|Florian M. >> UNKNOWN : FwkErrorHandler 0 - Exception : Le controller appelé : "AstridController" ne possède pas de méthode qui a pour nom webController in file C:\wamp\www\AstridV1\lib\Core\ControllerManager.php on line 45
24/11/2012 16:54|Florian M. >> UNKNOWN : FwkErrorHandler 0 - Exception : Le controller appelé : "AstridController" ne possède pas de méthode qui a pour nom webController in file C:\wamp\www\AstridV1\lib\Core\ControllerManager.php on line 45
24/11/2012 16:54|Florian M. >> UNKNOWN : FwkErrorHandler 0 - Exception : Le controller appelé : "AstridController" ne possède pas de méthode qui a pour nom webController in file C:\wamp\www\AstridV1\lib\Core\ControllerManager.php on line 45
24/11/2012 16:54|Florian M. >> UNKNOWN : FwkErrorHandler 0 - Exception : Le controller appelé : "AstridController" ne possède pas de méthode qui a pour nom webController in file C:\wamp\www\AstridV1\lib\Core\ControllerManager.php on line 45
24/11/2012 16:54|Florian M. >> UNKNOWN : FwkErrorHandler 0 - Exception : Le controller appelé : "AstridController" ne possède pas de méthode qui a pour nom webController in file C:\wamp\www\AstridV1\lib\Core\ControllerManager.php on line 45
24/11/2012 16:54|Florian M. >> UNKNOWN : FwkErrorHandler 0 - Exception : Le controller appelé : "AstridController" ne possède pas de méthode qui a pour nom webController in file C:\wamp\www\AstridV1\lib\Core\ControllerManager.php on line 45
24/11/2012 16:54|Florian M. >> UNKNOWN : FwkErrorHandler 0 - Exception : Le controller appelé : "AstridController" ne possède pas de méthode qui a pour nom webController in file C:\wamp\www\AstridV1\lib\Core\ControllerManager.php on line 45
24/11/2012 16:54|- >> UNKNOWN : FwkErrorHandler 0 - Exception : Le controller appelé : "AstridAjax" ne possède pas de méthode qui a pour nom annonceGestionController in file C:\wamp\www\AstridV1\lib\Core\AjaxManager.php on line 48
24/11/2012 16:54|Florian M. >> UNKNOWN : FwkErrorHandler 0 - Exception : Le controller appelé : "AstridController" ne possède pas de méthode qui a pour nom webController in file C:\wamp\www\AstridV1\lib\Core\ControllerManager.php on line 45
24/11/2012 16:54|Florian M. >> UNKNOWN : FwkErrorHandler 0 - Exception : Le controller appelé : "AstridController" ne possède pas de méthode qui a pour nom webController in file C:\wamp\www\AstridV1\lib\Core\ControllerManager.php on line 45
24/11/2012 16:54|Florian M. >> UNKNOWN : FwkErrorHandler 0 - Exception : Le controller appelé : "AstridController" ne possède pas de méthode qui a pour nom webController in file C:\wamp\www\AstridV1\lib\Core\ControllerManager.php on line 45
24/11/2012 16:54|Florian M. >> UNKNOWN : FwkErrorHandler 0 - Exception : Le controller appelé : "AstridController" ne possède pas de méthode qui a pour nom webController in file C:\wamp\www\AstridV1\lib\Core\ControllerManager.php on line 45
24/11/2012 16:54|Florian M. >> UNKNOWN : FwkErrorHandler 0 - Exception : Le controller appelé : "AstridController" ne possède pas de méthode qui a pour nom webController in file C:\wamp\www\AstridV1\lib\Core\ControllerManager.php on line 45
24/11/2012 16:54|Florian M. >> UNKNOWN : FwkErrorHandler 0 - Exception : Le controller appelé : "AstridController" ne possède pas de méthode qui a pour nom webController in file C:\wamp\www\AstridV1\lib\Core\ControllerManager.php on line 45
24/11/2012 16:54|Florian M. >> UNKNOWN : FwkErrorHandler 0 - Exception : Le controller appelé : "AstridController" ne possède pas de méthode qui a pour nom webController in file C:\wamp\www\AstridV1\lib\Core\ControllerManager.php on line 45
24/11/2012 16:54|Florian M. >> UNKNOWN : FwkErrorHandler 0 - Exception : Le controller appelé : "AstridController" ne possède pas de méthode qui a pour nom webController in file C:\wamp\www\AstridV1\lib\Core\ControllerManager.php on line 45
24/11/2012 16:54|Florian M. >> UNKNOWN : FwkErrorHandler 0 - Exception : Le controller appelé : "AstridController" ne possède pas de méthode qui a pour nom webController in file C:\wamp\www\AstridV1\lib\Core\ControllerManager.php on line 45
24/11/2012 16:54|Florian M. >> UNKNOWN : FwkErrorHandler 0 - Exception : Le controller appelé : "AstridController" ne possède pas de méthode qui a pour nom webController in file C:\wamp\www\AstridV1\lib\Core\ControllerManager.php on line 45
24/11/2012 16:54|Florian M. >> UNKNOWN : FwkErrorHandler 0 - Exception : Le controller appelé : "AstridController" ne possède pas de méthode qui a pour nom webController in file C:\wamp\www\AstridV1\lib\Core\ControllerManager.php on line 45
24/11/2012 16:54|Florian M. >> UNKNOWN : FwkErrorHandler 0 - Exception : Le controller appelé : "AstridController" ne possède pas de méthode qui a pour nom webController in file C:\wamp\www\AstridV1\lib\Core\ControllerManager.php on line 45
24/11/2012 16:54|Florian M. >> UNKNOWN : FwkErrorHandler 0 - Exception : Le controller appelé : "AstridController" ne possède pas de méthode qui a pour nom webController in file C:\wamp\www\AstridV1\lib\Core\ControllerManager.php on line 45
24/11/2012 16:54|Florian M. >> UNKNOWN : FwkErrorHandler 0 - Exception : Le controller appelé : "AstridController" ne possède pas de méthode qui a pour nom webController in file C:\wamp\www\AstridV1\lib\Core\ControllerManager.php on line 45
24/11/2012 16:54|Florian M. >> UNKNOWN : FwkErrorHandler 0 - Exception : Le controller appelé : "AstridController" ne possède pas de méthode qui a pour nom webController in file C:\wamp\www\AstridV1\lib\Core\ControllerManager.php on line 45
24/11/2012 16:54|Florian M. >> UNKNOWN : FwkErrorHandler 0 - Exception : Le controller appelé : "AstridController" ne possède pas de méthode qui a pour nom webController in file C:\wamp\www\AstridV1\lib\Core\ControllerManager.php on line 45
24/11/2012 16:54|Florian M. >> UNKNOWN : FwkErrorHandler 0 - Exception : Le controller appelé : "AstridController" ne possède pas de méthode qui a pour nom webController in file C:\wamp\www\AstridV1\lib\Core\ControllerManager.php on line 45
24/11/2012 16:54|Florian M. >> UNKNOWN : FwkErrorHandler 0 - Exception : Le controller appelé : "AstridController" ne possède pas de méthode qui a pour nom webController in file C:\wamp\www\AstridV1\lib\Core\ControllerManager.php on line 45
24/11/2012 16:54|Florian M. >> UNKNOWN : FwkErrorHandler 0 - Exception : Le controller appelé : "AstridController" ne possède pas de méthode qui a pour nom webController in file C:\wamp\www\AstridV1\lib\Core\ControllerManager.php on line 45
24/11/2012 16:54|Florian M. >> UNKNOWN : FwkErrorHandler 0 - Exception : Le controller appelé : "AstridController" ne possède pas de méthode qui a pour nom webController in file C:\wamp\www\AstridV1\lib\Core\ControllerManager.php on line 45
24/11/2012 16:54|Florian M. >> UNKNOWN : FwkErrorHandler 0 - Exception : Le controller appelé : "AstridController" ne possède pas de méthode qui a pour nom webController in file C:\wamp\www\AstridV1\lib\Core\ControllerManager.php on line 45
24/11/2012 16:54|Florian M. >> UNKNOWN : FwkErrorHandler 0 - Exception : Le controller appelé : "AstridController" ne possède pas de méthode qui a pour nom webController in file C:\wamp\www\AstridV1\lib\Core\ControllerManager.php on line 45
24/11/2012 16:54|Florian M. >> UNKNOWN : FwkErrorHandler 0 - Exception : Le controller appelé : "AstridController" ne possède pas de méthode qui a pour nom webController in file C:\wamp\www\AstridV1\lib\Core\ControllerManager.php on line 45
24/11/2012 16:54|Florian M. >> UNKNOWN : FwkErrorHandler 0 - Exception : Le controller appelé : "AstridController" ne possède pas de méthode qui a pour nom webController in file C:\wamp\www\AstridV1\lib\Core\ControllerManager.php on line 45
24/11/2012 16:54|Florian M. >> UNKNOWN : FwkErrorHandler 0 - Exception : Le controller appelé : "AstridController" ne possède pas de méthode qui a pour nom webController in file C:\wamp\www\AstridV1\lib\Core\ControllerManager.php on line 45
24/11/2012 16:54|Florian M. >> UNKNOWN : FwkErrorHandler 0 - Exception : Le controller appelé : "AstridController" ne possède pas de méthode qui a pour nom webController in file C:\wamp\www\AstridV1\lib\Core\ControllerManager.php on line 45
24/11/2012 16:54|Florian M. >> UNKNOWN : FwkErrorHandler 0 - Exception : Le controller appelé : "AstridController" ne possède pas de méthode qui a pour nom webController in file C:\wamp\www\AstridV1\lib\Core\ControllerManager.php on line 45
24/11/2012 16:54|Florian M. >> UNKNOWN : FwkErrorHandler 0 - Exception : Le controller appelé : "AstridController" ne possède pas de méthode qui a pour nom webController in file C:\wamp\www\AstridV1\lib\Core\ControllerManager.php on line 45
24/11/2012 16:54|- >> UNKNOWN : FwkErrorHandler 0 - SQLSTATE[23000]: Integrity constraint violation: 1451 Cannot delete or update a parent row: a foreign key constraint fails (`astrid`.`db_annonce`, CONSTRAINT `FK_AE2CC8AFDE74FC10` FOREIGN KEY (`type_annonce`) REFERENCES `db_type_annonce` (`id`)) in file C:\wamp\www\AstridV1\lib\Core\AjaxManager.php on line 48
24/11/2012 16:54|Florian M. >> UNKNOWN : FwkErrorHandler 0 - Exception : Le controller appelé : "AstridController" ne possède pas de méthode qui a pour nom webController in file C:\wamp\www\AstridV1\lib\Core\ControllerManager.php on line 45
24/11/2012 16:54|Florian M. >> UNKNOWN : FwkErrorHandler 0 - Exception : Le controller appelé : "AstridController" ne possède pas de méthode qui a pour nom webController in file C:\wamp\www\AstridV1\lib\Core\ControllerManager.php on line 45
24/11/2012 16:54|Florian M. >> UNKNOWN : FwkErrorHandler 0 - Exception : Le controller appelé : "AstridController" ne possède pas de méthode qui a pour nom webController in file C:\wamp\www\AstridV1\lib\Core\ControllerManager.php on line 45
24/11/2012 16:54|Florian M. >> UNKNOWN : FwkErrorHandler 0 - Exception : Le controller appelé : "AstridController" ne possède pas de méthode qui a pour nom webController in file C:\wamp\www\AstridV1\lib\Core\ControllerManager.php on line 45
24/11/2012 16:54|Florian M. >> UNKNOWN : FwkErrorHandler 0 - Exception : Le controller appelé : "AstridController" ne possède pas de méthode qui a pour nom webController in file C:\wamp\www\AstridV1\lib\Core\ControllerManager.php on line 45
24/11/2012 16:54|Florian M. >> UNKNOWN : FwkErrorHandler 0 - Exception : Le controller appelé : "AstridController" ne possède pas de méthode qui a pour nom webController in file C:\wamp\www\AstridV1\lib\Core\ControllerManager.php on line 45
24/11/2012 16:54|Florian M. >> UNKNOWN : FwkErrorHandler 0 - Exception : Le controller appelé : "AstridController" ne possède pas de méthode qui a pour nom webController in file C:\wamp\www\AstridV1\lib\Core\ControllerManager.php on line 45
24/11/2012 16:54|Florian M. >> UNKNOWN : FwkErrorHandler 0 - Exception : Le controller appelé : "AstridController" ne possède pas de méthode qui a pour nom webController in file C:\wamp\www\AstridV1\lib\Core\ControllerManager.php on line 45
24/11/2012 16:54|Florian M. >> UNKNOWN : FwkErrorHandler 0 - Exception : Le controller appelé : "AstridController" ne possède pas de méthode qui a pour nom webController in file C:\wamp\www\AstridV1\lib\Core\ControllerManager.php on line 45
24/11/2012 16:54|Florian M. >> UNKNOWN : FwkErrorHandler 0 - Exception : Le controller appelé : "AstridController" ne possède pas de méthode qui a pour nom webController in file C:\wamp\www\AstridV1\lib\Core\ControllerManager.php on line 45
24/11/2012 16:54|Florian M. >> UNKNOWN : FwkErrorHandler 0 - Exception : Le controller appelé : "AstridController" ne possède pas de méthode qui a pour nom webController in file C:\wamp\www\AstridV1\lib\Core\ControllerManager.php on line 45
24/11/2012 16:54|Florian M. >> UNKNOWN : FwkErrorHandler 0 - Exception : Le controller appelé : "AstridController" ne possède pas de méthode qui a pour nom webController in file C:\wamp\www\AstridV1\lib\Core\ControllerManager.php on line 45
