05/11/2012 10:13|- >> UNKNOWN : FwkErrorHandler 0 - Exception : Le controller appelé : "AuthController" ne possède pas de méthode qui a pour nom webController in file C:\wamp\www\AstridV1\lib\Core\ControllerManager.php on line 45
05/11/2012 10:13|- >> UNKNOWN : FwkErrorHandler 0 - Exception : Le controller appelé : "AuthController" ne possède pas de méthode qui a pour nom webController in file C:\wamp\www\AstridV1\lib\Core\ControllerManager.php on line 45
05/11/2012 10:13|- >> UNKNOWN : FwkErrorHandler 0 - Exception : Le controller appelé : "AuthController" ne possède pas de méthode qui a pour nom webController in file C:\wamp\www\AstridV1\lib\Core\ControllerManager.php on line 45
05/11/2012 10:13|- >> UNKNOWN : FwkErrorHandler 0 - Exception : Le controller appelé : "AuthController" ne possède pas de méthode qui a pour nom webController in file C:\wamp\www\AstridV1\lib\Core\ControllerManager.php on line 45
05/11/2012 10:13|- >> UNKNOWN : FwkErrorHandler 0 - Exception : Le controller appelé : "AuthController" ne possède pas de méthode qui a pour nom webController in file C:\wamp\www\AstridV1\lib\Core\ControllerManager.php on line 45
05/11/2012 10:13|- >> UNKNOWN : FwkErrorHandler 0 - SQLSTATE[42000] [1049] Unknown database 'astrid' in file C:\wamp\www\AstridV1\lib\Core\AjaxManager.php on line 38
05/11/2012 10:13|- >> UNKNOWN : FwkErrorHandler 0 - SQLSTATE[42000] [1049] Unknown database 'astrid' in file C:\wamp\www\AstridV1\lib\Core\AjaxManager.php on line 38
05/11/2012 10:15|- >> UNKNOWN : FwkErrorHandler 0 - Exception : Le controller appelé : "AuthController" ne possède pas de méthode qui a pour nom webController in file C:\wamp\www\AstridV1\lib\Core\ControllerManager.php on line 45
05/11/2012 10:15|- >> UNKNOWN : FwkErrorHandler 0 - Exception : Le controller appelé : "AuthController" ne possède pas de méthode qui a pour nom webController in file C:\wamp\www\AstridV1\lib\Core\ControllerManager.php on line 45
05/11/2012 10:15|- >> UNKNOWN : FwkErrorHandler 0 - Exception : Le controller appelé : "AuthController" ne possède pas de méthode qui a pour nom webController in file C:\wamp\www\AstridV1\lib\Core\ControllerManager.php on line 45
05/11/2012 10:15|- >> UNKNOWN : FwkErrorHandler 0 - Exception : Le controller appelé : "AuthController" ne possède pas de méthode qui a pour nom webController in file C:\wamp\www\AstridV1\lib\Core\ControllerManager.php on line 45
05/11/2012 10:15|- >> UNKNOWN : FwkErrorHandler 0 - Exception : Le controller appelé : "AuthController" ne possède pas de méthode qui a pour nom webController in file C:\wamp\www\AstridV1\lib\Core\ControllerManager.php on line 45
05/11/2012 10:21|Florian M. >> UNKNOWN : FwkErrorHandler 0 - Exception : Le controller appelé : "PrivateController" ne possède pas de méthode qui a pour nom webController in file C:\wamp\www\AstridV1\lib\Core\ControllerManager.php on line 45
05/11/2012 10:21|Florian M. >> UNKNOWN : FwkErrorHandler 0 - Exception : Le controller appelé : "PrivateController" ne possède pas de méthode qui a pour nom webController in file C:\wamp\www\AstridV1\lib\Core\ControllerManager.php on line 45
05/11/2012 10:21|Florian M. >> UNKNOWN : FwkErrorHandler 0 - Exception : Le controller appelé : "PrivateController" ne possède pas de méthode qui a pour nom webController in file C:\wamp\www\AstridV1\lib\Core\ControllerManager.php on line 45
05/11/2012 10:21|Florian M. >> UNKNOWN : FwkErrorHandler 0 - Exception : Le controller appelé : "PrivateController" ne possède pas de méthode qui a pour nom webController in file C:\wamp\www\AstridV1\lib\Core\ControllerManager.php on line 45
05/11/2012 10:21|Florian M. >> UNKNOWN : FwkErrorHandler 0 - Exception : Le controller appelé : "PrivateController" ne possède pas de méthode qui a pour nom webController in file C:\wamp\www\AstridV1\lib\Core\ControllerManager.php on line 45
05/11/2012 10:21|Florian M. >> UNKNOWN : FwkErrorHandler 0 - Exception : Le controller appelé : "PrivateController" ne possède pas de méthode qui a pour nom webController in file C:\wamp\www\AstridV1\lib\Core\ControllerManager.php on line 45
05/11/2012 10:21|Florian M. >> UNKNOWN : FwkErrorHandler 0 - Exception : Le controller appelé : "PrivateController" ne possède pas de méthode qui a pour nom webController in file C:\wamp\www\AstridV1\lib\Core\ControllerManager.php on line 45
05/11/2012 10:21|Florian M. >> UNKNOWN : FwkErrorHandler 0 - Exception : Le controller appelé : "PrivateController" ne possède pas de méthode qui a pour nom webController in file C:\wamp\www\AstridV1\lib\Core\ControllerManager.php on line 45
05/11/2012 10:21|Florian M. >> UNKNOWN : FwkErrorHandler 0 - Exception : Le controller appelé : "PrivateController" ne possède pas de méthode qui a pour nom webController in file C:\wamp\www\AstridV1\lib\Core\ControllerManager.php on line 45
05/11/2012 10:21|Florian M. >> UNKNOWN : FwkErrorHandler 0 - Exception : Le controller appelé : "PrivateController" ne possède pas de méthode qui a pour nom webController in file C:\wamp\www\AstridV1\lib\Core\ControllerManager.php on line 45
05/11/2012 10:48|Florian M. >> Notice : FwkErrorHandler 8 - Undefined variable: objAdmin in file C:\wamp\www\AstridV1\gestion\controllers\PrivateController.php on line 53
05/11/2012 10:48|Florian M. >> UNKNOWN : FwkErrorHandler 0 - Undefined variable: objAdmin in file C:\wamp\www\AstridV1\gestion\controllers\PrivateController.php on line 53
05/11/2012 10:48|Florian M. >> Notice : FwkErrorHandler 8 - Undefined variable: objAdmin in file C:\wamp\www\AstridV1\gestion\controllers\PrivateController.php on line 53
05/11/2012 10:48|Florian M. >> UNKNOWN : FwkErrorHandler 0 - Undefined variable: objAdmin in file C:\wamp\www\AstridV1\gestion\controllers\PrivateController.php on line 53
05/11/2012 10:48|Florian M. >> Notice : FwkErrorHandler 8 - Undefined variable: objAdmin in file C:\wamp\www\AstridV1\gestion\controllers\PrivateController.php on line 53
05/11/2012 10:48|Florian M. >> UNKNOWN : FwkErrorHandler 0 - Undefined variable: objAdmin in file C:\wamp\www\AstridV1\gestion\controllers\PrivateController.php on line 53
05/11/2012 10:48|Florian M. >> Notice : FwkErrorHandler 8 - Undefined variable: objAdmin in file C:\wamp\www\AstridV1\gestion\controllers\PrivateController.php on line 53
05/11/2012 10:48|Florian M. >> UNKNOWN : FwkErrorHandler 0 - Undefined variable: objAdmin in file C:\wamp\www\AstridV1\gestion\controllers\PrivateController.php on line 53
05/11/2012 10:48|Florian M. >> Notice : FwkErrorHandler 8 - Undefined variable: objAdmin in file C:\wamp\www\AstridV1\gestion\controllers\PrivateController.php on line 53
05/11/2012 10:48|Florian M. >> UNKNOWN : FwkErrorHandler 0 - Undefined variable: objAdmin in file C:\wamp\www\AstridV1\gestion\controllers\PrivateController.php on line 53
05/11/2012 10:48|Florian M. >> Notice : FwkErrorHandler 8 - Undefined variable: objAdmin in file C:\wamp\www\AstridV1\gestion\controllers\PrivateController.php on line 53
05/11/2012 10:48|Florian M. >> UNKNOWN : FwkErrorHandler 0 - Undefined variable: objAdmin in file C:\wamp\www\AstridV1\gestion\controllers\PrivateController.php on line 53
05/11/2012 10:48|Florian M. >> Notice : FwkErrorHandler 8 - Undefined variable: objAdmin in file C:\wamp\www\AstridV1\gestion\controllers\PrivateController.php on line 53
05/11/2012 10:48|Florian M. >> UNKNOWN : FwkErrorHandler 0 - Undefined variable: objAdmin in file C:\wamp\www\AstridV1\gestion\controllers\PrivateController.php on line 53
05/11/2012 10:48|Florian M. >> Notice : FwkErrorHandler 8 - Undefined variable: objAdmin in file C:\wamp\www\AstridV1\gestion\controllers\PrivateController.php on line 53
05/11/2012 10:48|Florian M. >> UNKNOWN : FwkErrorHandler 0 - Undefined variable: objAdmin in file C:\wamp\www\AstridV1\gestion\controllers\PrivateController.php on line 53
05/11/2012 10:48|Florian M. >> Notice : FwkErrorHandler 8 - Undefined variable: objAdmin in file C:\wamp\www\AstridV1\gestion\controllers\PrivateController.php on line 53
05/11/2012 10:48|Florian M. >> UNKNOWN : FwkErrorHandler 0 - Undefined variable: objAdmin in file C:\wamp\www\AstridV1\gestion\controllers\PrivateController.php on line 53
05/11/2012 10:49|Florian M. >> UNKNOWN : FwkErrorHandler 0 - Exception : Le controller appelé : "PrivateController" ne possède pas de méthode qui a pour nom webController in file C:\wamp\www\AstridV1\lib\Core\ControllerManager.php on line 45
05/11/2012 10:49|Florian M. >> UNKNOWN : FwkErrorHandler 0 - Exception : Le controller appelé : "PrivateController" ne possède pas de méthode qui a pour nom webController in file C:\wamp\www\AstridV1\lib\Core\ControllerManager.php on line 45
05/11/2012 10:49|Florian M. >> UNKNOWN : FwkErrorHandler 0 - Exception : Le controller appelé : "PrivateController" ne possède pas de méthode qui a pour nom webController in file C:\wamp\www\AstridV1\lib\Core\ControllerManager.php on line 45
05/11/2012 10:49|Florian M. >> UNKNOWN : FwkErrorHandler 0 - Exception : Le controller appelé : "PrivateController" ne possède pas de méthode qui a pour nom webController in file C:\wamp\www\AstridV1\lib\Core\ControllerManager.php on line 45
05/11/2012 10:49|Florian M. >> UNKNOWN : FwkErrorHandler 0 - Exception : Le controller appelé : "PrivateController" ne possède pas de méthode qui a pour nom webController in file C:\wamp\www\AstridV1\lib\Core\ControllerManager.php on line 45
05/11/2012 10:49|Florian M. >> UNKNOWN : FwkErrorHandler 0 - Exception : Le controller appelé : "PrivateController" ne possède pas de méthode qui a pour nom webController in file C:\wamp\www\AstridV1\lib\Core\ControllerManager.php on line 45
05/11/2012 10:49|Florian M. >> UNKNOWN : FwkErrorHandler 0 - Exception : Le controller appelé : "PrivateController" ne possède pas de méthode qui a pour nom webController in file C:\wamp\www\AstridV1\lib\Core\ControllerManager.php on line 45
05/11/2012 10:49|Florian M. >> UNKNOWN : FwkErrorHandler 0 - Exception : Le controller appelé : "PrivateController" ne possède pas de méthode qui a pour nom webController in file C:\wamp\www\AstridV1\lib\Core\ControllerManager.php on line 45
05/11/2012 10:51|Florian M. >> UNKNOWN : FwkErrorHandler 0 - Exception : Le controller appelé : "PrivateController" ne possède pas de méthode qui a pour nom webController in file C:\wamp\www\AstridV1\lib\Core\ControllerManager.php on line 45
05/11/2012 10:51|Florian M. >> UNKNOWN : FwkErrorHandler 0 - Exception : Le controller appelé : "PrivateController" ne possède pas de méthode qui a pour nom webController in file C:\wamp\www\AstridV1\lib\Core\ControllerManager.php on line 45
05/11/2012 10:51|Florian M. >> UNKNOWN : FwkErrorHandler 0 - Exception : Le controller appelé : "PrivateController" ne possède pas de méthode qui a pour nom webController in file C:\wamp\www\AstridV1\lib\Core\ControllerManager.php on line 45
05/11/2012 10:51|Florian M. >> UNKNOWN : FwkErrorHandler 0 - Exception : Le controller appelé : "PrivateController" ne possède pas de méthode qui a pour nom webController in file C:\wamp\www\AstridV1\lib\Core\ControllerManager.php on line 45
05/11/2012 10:51|Florian M. >> UNKNOWN : FwkErrorHandler 0 - Exception : Le controller appelé : "PrivateController" ne possède pas de méthode qui a pour nom webController in file C:\wamp\www\AstridV1\lib\Core\ControllerManager.php on line 45
05/11/2012 10:51|Florian M. >> UNKNOWN : FwkErrorHandler 0 - Exception : Le controller appelé : "PrivateController" ne possède pas de méthode qui a pour nom webController in file C:\wamp\www\AstridV1\lib\Core\ControllerManager.php on line 45
05/11/2012 10:51|Florian M. >> UNKNOWN : FwkErrorHandler 0 - Exception : Le controller appelé : "PrivateController" ne possède pas de méthode qui a pour nom webController in file C:\wamp\www\AstridV1\lib\Core\ControllerManager.php on line 45
05/11/2012 10:51|Florian M. >> UNKNOWN : FwkErrorHandler 0 - Exception : Le controller appelé : "PrivateController" ne possède pas de méthode qui a pour nom webController in file C:\wamp\www\AstridV1\lib\Core\ControllerManager.php on line 45
05/11/2012 11:03|Florian M. >> UNKNOWN : FwkErrorHandler 0 - Exception : Le controller appelé : "PrivateController" ne possède pas de méthode qui a pour nom webController in file C:\wamp\www\AstridV1\lib\Core\ControllerManager.php on line 45
05/11/2012 11:03|Florian M. >> UNKNOWN : FwkErrorHandler 0 - Exception : Le controller appelé : "PrivateController" ne possède pas de méthode qui a pour nom webController in file C:\wamp\www\AstridV1\lib\Core\ControllerManager.php on line 45
05/11/2012 11:03|Florian M. >> UNKNOWN : FwkErrorHandler 0 - Exception : Le controller appelé : "PrivateController" ne possède pas de méthode qui a pour nom webController in file C:\wamp\www\AstridV1\lib\Core\ControllerManager.php on line 45
05/11/2012 11:03|Florian M. >> UNKNOWN : FwkErrorHandler 0 - Exception : Le controller appelé : "PrivateController" ne possède pas de méthode qui a pour nom webController in file C:\wamp\www\AstridV1\lib\Core\ControllerManager.php on line 45
05/11/2012 11:03|Florian M. >> UNKNOWN : FwkErrorHandler 0 - Exception : Le controller appelé : "PrivateController" ne possède pas de méthode qui a pour nom webController in file C:\wamp\www\AstridV1\lib\Core\ControllerManager.php on line 45
05/11/2012 11:03|Florian M. >> UNKNOWN : FwkErrorHandler 0 - Exception : Le controller appelé : "PrivateController" ne possède pas de méthode qui a pour nom webController in file C:\wamp\www\AstridV1\lib\Core\ControllerManager.php on line 45
05/11/2012 11:03|Florian M. >> UNKNOWN : FwkErrorHandler 0 - Exception : Le controller appelé : "PrivateController" ne possède pas de méthode qui a pour nom webController in file C:\wamp\www\AstridV1\lib\Core\ControllerManager.php on line 45
05/11/2012 11:03|Florian M. >> UNKNOWN : FwkErrorHandler 0 - Exception : Le controller appelé : "PrivateController" ne possède pas de méthode qui a pour nom webController in file C:\wamp\www\AstridV1\lib\Core\ControllerManager.php on line 45
05/11/2012 11:03|Florian M. >> UNKNOWN : FwkErrorHandler 0 - Exception : Le controller appelé : "PrivateController" ne possède pas de méthode qui a pour nom webController in file C:\wamp\www\AstridV1\lib\Core\ControllerManager.php on line 45
05/11/2012 11:03|Florian M. >> UNKNOWN : FwkErrorHandler 0 - Exception : Le controller appelé : "PrivateController" ne possède pas de méthode qui a pour nom webController in file C:\wamp\www\AstridV1\lib\Core\ControllerManager.php on line 45
05/11/2012 11:04|Florian M. >> UNKNOWN : FwkErrorHandler 0 - Exception : Le controller appelé : "PrivateController" ne possède pas de méthode qui a pour nom webController in file C:\wamp\www\AstridV1\lib\Core\ControllerManager.php on line 45
05/11/2012 11:04|Florian M. >> UNKNOWN : FwkErrorHandler 0 - Exception : Le controller appelé : "PrivateController" ne possède pas de méthode qui a pour nom webController in file C:\wamp\www\AstridV1\lib\Core\ControllerManager.php on line 45
05/11/2012 11:04|Florian M. >> UNKNOWN : FwkErrorHandler 0 - Exception : Le controller appelé : "PrivateController" ne possède pas de méthode qui a pour nom webController in file C:\wamp\www\AstridV1\lib\Core\ControllerManager.php on line 45
05/11/2012 11:04|Florian M. >> UNKNOWN : FwkErrorHandler 0 - Exception : Le controller appelé : "PrivateController" ne possède pas de méthode qui a pour nom webController in file C:\wamp\www\AstridV1\lib\Core\ControllerManager.php on line 45
05/11/2012 11:04|Florian M. >> UNKNOWN : FwkErrorHandler 0 - Exception : Le controller appelé : "PrivateController" ne possède pas de méthode qui a pour nom webController in file C:\wamp\www\AstridV1\lib\Core\ControllerManager.php on line 45
05/11/2012 11:04|Florian M. >> UNKNOWN : FwkErrorHandler 0 - Exception : Le controller appelé : "PrivateController" ne possède pas de méthode qui a pour nom webController in file C:\wamp\www\AstridV1\lib\Core\ControllerManager.php on line 45
05/11/2012 11:04|Florian M. >> UNKNOWN : FwkErrorHandler 0 - Exception : Le controller appelé : "PrivateController" ne possède pas de méthode qui a pour nom webController in file C:\wamp\www\AstridV1\lib\Core\ControllerManager.php on line 45
05/11/2012 11:04|Florian M. >> UNKNOWN : FwkErrorHandler 0 - Exception : Le controller appelé : "PrivateController" ne possède pas de méthode qui a pour nom webController in file C:\wamp\www\AstridV1\lib\Core\ControllerManager.php on line 45
05/11/2012 11:04|Florian M. >> UNKNOWN : FwkErrorHandler 0 - Exception : Le controller appelé : "PrivateController" ne possède pas de méthode qui a pour nom webController in file C:\wamp\www\AstridV1\lib\Core\ControllerManager.php on line 45
05/11/2012 11:04|Florian M. >> UNKNOWN : FwkErrorHandler 0 - Exception : Le controller appelé : "PrivateController" ne possède pas de méthode qui a pour nom webController in file C:\wamp\www\AstridV1\lib\Core\ControllerManager.php on line 45
05/11/2012 11:04|Florian M. >> UNKNOWN : FwkErrorHandler 0 - Exception : Le controller appelé : "PrivateController" ne possède pas de méthode qui a pour nom webController in file C:\wamp\www\AstridV1\lib\Core\ControllerManager.php on line 45
05/11/2012 11:04|Florian M. >> UNKNOWN : FwkErrorHandler 0 - Exception : Le controller appelé : "PrivateController" ne possède pas de méthode qui a pour nom webController in file C:\wamp\www\AstridV1\lib\Core\ControllerManager.php on line 45
05/11/2012 11:04|Florian M. >> UNKNOWN : FwkErrorHandler 0 - Exception : Le controller appelé : "PrivateController" ne possède pas de méthode qui a pour nom webController in file C:\wamp\www\AstridV1\lib\Core\ControllerManager.php on line 45
05/11/2012 11:04|Florian M. >> UNKNOWN : FwkErrorHandler 0 - Exception : Le controller appelé : "PrivateController" ne possède pas de méthode qui a pour nom webController in file C:\wamp\www\AstridV1\lib\Core\ControllerManager.php on line 45
05/11/2012 11:04|Florian M. >> UNKNOWN : FwkErrorHandler 0 - Exception : Le controller appelé : "PrivateController" ne possède pas de méthode qui a pour nom webController in file C:\wamp\www\AstridV1\lib\Core\ControllerManager.php on line 45
05/11/2012 11:04|Florian M. >> UNKNOWN : FwkErrorHandler 0 - Exception : Le controller appelé : "PrivateController" ne possède pas de méthode qui a pour nom webController in file C:\wamp\www\AstridV1\lib\Core\ControllerManager.php on line 45
05/11/2012 11:05|Florian M. >> UNKNOWN : FwkErrorHandler 0 - Exception : Le controller appelé : "PrivateController" ne possède pas de méthode qui a pour nom webController in file C:\wamp\www\AstridV1\lib\Core\ControllerManager.php on line 45
05/11/2012 11:05|Florian M. >> UNKNOWN : FwkErrorHandler 0 - Exception : Le controller appelé : "PrivateController" ne possède pas de méthode qui a pour nom webController in file C:\wamp\www\AstridV1\lib\Core\ControllerManager.php on line 45
05/11/2012 11:05|Florian M. >> UNKNOWN : FwkErrorHandler 0 - Exception : Le controller appelé : "PrivateController" ne possède pas de méthode qui a pour nom webController in file C:\wamp\www\AstridV1\lib\Core\ControllerManager.php on line 45
05/11/2012 11:05|Florian M. >> UNKNOWN : FwkErrorHandler 0 - Exception : Le controller appelé : "PrivateController" ne possède pas de méthode qui a pour nom webController in file C:\wamp\www\AstridV1\lib\Core\ControllerManager.php on line 45
05/11/2012 11:05|Florian M. >> UNKNOWN : FwkErrorHandler 0 - Exception : Le controller appelé : "PrivateController" ne possède pas de méthode qui a pour nom webController in file C:\wamp\www\AstridV1\lib\Core\ControllerManager.php on line 45
05/11/2012 11:05|Florian M. >> UNKNOWN : FwkErrorHandler 0 - Exception : Le controller appelé : "PrivateController" ne possède pas de méthode qui a pour nom webController in file C:\wamp\www\AstridV1\lib\Core\ControllerManager.php on line 45
05/11/2012 11:05|Florian M. >> UNKNOWN : FwkErrorHandler 0 - Exception : Le controller appelé : "PrivateController" ne possède pas de méthode qui a pour nom webController in file C:\wamp\www\AstridV1\lib\Core\ControllerManager.php on line 45
05/11/2012 11:05|Florian M. >> UNKNOWN : FwkErrorHandler 0 - Exception : Le controller appelé : "PrivateController" ne possède pas de méthode qui a pour nom webController in file C:\wamp\www\AstridV1\lib\Core\ControllerManager.php on line 45
05/11/2012 11:08|Florian M. >> UNKNOWN : FwkErrorHandler 0 - Exception : Le controller appelé : "PrivateController" ne possède pas de méthode qui a pour nom webController in file C:\wamp\www\AstridV1\lib\Core\ControllerManager.php on line 45
05/11/2012 11:08|Florian M. >> UNKNOWN : FwkErrorHandler 0 - Exception : Le controller appelé : "PrivateController" ne possède pas de méthode qui a pour nom webController in file C:\wamp\www\AstridV1\lib\Core\ControllerManager.php on line 45
05/11/2012 11:08|Florian M. >> UNKNOWN : FwkErrorHandler 0 - Exception : Le controller appelé : "PrivateController" ne possède pas de méthode qui a pour nom webController in file C:\wamp\www\AstridV1\lib\Core\ControllerManager.php on line 45
05/11/2012 11:08|Florian M. >> UNKNOWN : FwkErrorHandler 0 - Exception : Le controller appelé : "PrivateController" ne possède pas de méthode qui a pour nom webController in file C:\wamp\www\AstridV1\lib\Core\ControllerManager.php on line 45
05/11/2012 11:08|Florian M. >> UNKNOWN : FwkErrorHandler 0 - Exception : Le controller appelé : "PrivateController" ne possède pas de méthode qui a pour nom webController in file C:\wamp\www\AstridV1\lib\Core\ControllerManager.php on line 45
05/11/2012 11:08|Florian M. >> UNKNOWN : FwkErrorHandler 0 - Exception : Le controller appelé : "PrivateController" ne possède pas de méthode qui a pour nom webController in file C:\wamp\www\AstridV1\lib\Core\ControllerManager.php on line 45
05/11/2012 11:08|Florian M. >> UNKNOWN : FwkErrorHandler 0 - Exception : Le controller appelé : "PrivateController" ne possède pas de méthode qui a pour nom webController in file C:\wamp\www\AstridV1\lib\Core\ControllerManager.php on line 45
05/11/2012 11:08|Florian M. >> UNKNOWN : FwkErrorHandler 0 - Exception : Le controller appelé : "PrivateController" ne possède pas de méthode qui a pour nom webController in file C:\wamp\www\AstridV1\lib\Core\ControllerManager.php on line 45
05/11/2012 11:11|Florian M. >> UNKNOWN : FwkErrorHandler 0 - Exception : Le controller appelé : "PrivateController" ne possède pas de méthode qui a pour nom webController in file C:\wamp\www\AstridV1\lib\Core\ControllerManager.php on line 45
05/11/2012 11:11|Florian M. >> UNKNOWN : FwkErrorHandler 0 - Exception : Le controller appelé : "PrivateController" ne possède pas de méthode qui a pour nom webController in file C:\wamp\www\AstridV1\lib\Core\ControllerManager.php on line 45
05/11/2012 11:11|Florian M. >> UNKNOWN : FwkErrorHandler 0 - Exception : Le controller appelé : "PrivateController" ne possède pas de méthode qui a pour nom webController in file C:\wamp\www\AstridV1\lib\Core\ControllerManager.php on line 45
05/11/2012 11:11|Florian M. >> UNKNOWN : FwkErrorHandler 0 - Exception : Le controller appelé : "PrivateController" ne possède pas de méthode qui a pour nom webController in file C:\wamp\www\AstridV1\lib\Core\ControllerManager.php on line 45
05/11/2012 11:11|Florian M. >> UNKNOWN : FwkErrorHandler 0 - Exception : Le controller appelé : "PrivateController" ne possède pas de méthode qui a pour nom webController in file C:\wamp\www\AstridV1\lib\Core\ControllerManager.php on line 45
05/11/2012 11:11|Florian M. >> UNKNOWN : FwkErrorHandler 0 - Exception : Le controller appelé : "PrivateController" ne possède pas de méthode qui a pour nom webController in file C:\wamp\www\AstridV1\lib\Core\ControllerManager.php on line 45
05/11/2012 11:11|Florian M. >> UNKNOWN : FwkErrorHandler 0 - Exception : Le controller appelé : "PrivateController" ne possède pas de méthode qui a pour nom webController in file C:\wamp\www\AstridV1\lib\Core\ControllerManager.php on line 45
05/11/2012 11:11|Florian M. >> UNKNOWN : FwkErrorHandler 0 - Exception : Le controller appelé : "PrivateController" ne possède pas de méthode qui a pour nom webController in file C:\wamp\www\AstridV1\lib\Core\ControllerManager.php on line 45
05/11/2012 11:16|Florian M. >> UNKNOWN : FwkErrorHandler 0 - Exception : Le controller appelé : "PrivateController" ne possède pas de méthode qui a pour nom webController in file C:\wamp\www\AstridV1\lib\Core\ControllerManager.php on line 45
05/11/2012 11:16|Florian M. >> UNKNOWN : FwkErrorHandler 0 - Exception : Le controller appelé : "PrivateController" ne possède pas de méthode qui a pour nom webController in file C:\wamp\www\AstridV1\lib\Core\ControllerManager.php on line 45
05/11/2012 11:16|Florian M. >> UNKNOWN : FwkErrorHandler 0 - Exception : Le controller appelé : "PrivateController" ne possède pas de méthode qui a pour nom webController in file C:\wamp\www\AstridV1\lib\Core\ControllerManager.php on line 45
05/11/2012 11:16|Florian M. >> UNKNOWN : FwkErrorHandler 0 - Exception : Le controller appelé : "PrivateController" ne possède pas de méthode qui a pour nom webController in file C:\wamp\www\AstridV1\lib\Core\ControllerManager.php on line 45
05/11/2012 11:16|Florian M. >> UNKNOWN : FwkErrorHandler 0 - Exception : Le controller appelé : "PrivateController" ne possède pas de méthode qui a pour nom webController in file C:\wamp\www\AstridV1\lib\Core\ControllerManager.php on line 45
05/11/2012 11:16|Florian M. >> UNKNOWN : FwkErrorHandler 0 - Exception : Le controller appelé : "PrivateController" ne possède pas de méthode qui a pour nom webController in file C:\wamp\www\AstridV1\lib\Core\ControllerManager.php on line 45
05/11/2012 11:16|Florian M. >> UNKNOWN : FwkErrorHandler 0 - Exception : Le controller appelé : "PrivateController" ne possède pas de méthode qui a pour nom webController in file C:\wamp\www\AstridV1\lib\Core\ControllerManager.php on line 45
05/11/2012 11:16|Florian M. >> UNKNOWN : FwkErrorHandler 0 - Exception : Le controller appelé : "PrivateController" ne possède pas de méthode qui a pour nom webController in file C:\wamp\www\AstridV1\lib\Core\ControllerManager.php on line 45
05/11/2012 11:16|Florian M. >> UNKNOWN : FwkErrorHandler 0 - Exception : Le controller appelé : "PrivateController" ne possède pas de méthode qui a pour nom webController in file C:\wamp\www\AstridV1\lib\Core\ControllerManager.php on line 45
05/11/2012 11:16|Florian M. >> UNKNOWN : FwkErrorHandler 0 - Exception : Le controller appelé : "PrivateController" ne possède pas de méthode qui a pour nom webController in file C:\wamp\www\AstridV1\lib\Core\ControllerManager.php on line 45
05/11/2012 11:16|Florian M. >> UNKNOWN : FwkErrorHandler 0 - Exception : Le controller appelé : "PrivateController" ne possède pas de méthode qui a pour nom adminsDeleteController in file C:\wamp\www\AstridV1\lib\Core\ControllerManager.php on line 45
05/11/2012 11:16|Florian M. >> UNKNOWN : FwkErrorHandler 0 - Exception : Le controller appelé : "PrivateController" ne possède pas de méthode qui a pour nom webController in file C:\wamp\www\AstridV1\lib\Core\ControllerManager.php on line 45
05/11/2012 11:16|Florian M. >> UNKNOWN : FwkErrorHandler 0 - Exception : Le controller appelé : "PrivateController" ne possède pas de méthode qui a pour nom webController in file C:\wamp\www\AstridV1\lib\Core\ControllerManager.php on line 45
05/11/2012 11:16|Florian M. >> UNKNOWN : FwkErrorHandler 0 - Exception : Le controller appelé : "PrivateController" ne possède pas de méthode qui a pour nom webController in file C:\wamp\www\AstridV1\lib\Core\ControllerManager.php on line 45
05/11/2012 11:16|Florian M. >> UNKNOWN : FwkErrorHandler 0 - Exception : Le controller appelé : "PrivateController" ne possède pas de méthode qui a pour nom webController in file C:\wamp\www\AstridV1\lib\Core\ControllerManager.php on line 45
05/11/2012 11:16|Florian M. >> UNKNOWN : FwkErrorHandler 0 - Exception : Le controller appelé : "PrivateController" ne possède pas de méthode qui a pour nom webController in file C:\wamp\www\AstridV1\lib\Core\ControllerManager.php on line 45
05/11/2012 11:16|Florian M. >> UNKNOWN : FwkErrorHandler 0 - Exception : Le controller appelé : "PrivateController" ne possède pas de méthode qui a pour nom webController in file C:\wamp\www\AstridV1\lib\Core\ControllerManager.php on line 45
05/11/2012 11:16|Florian M. >> UNKNOWN : FwkErrorHandler 0 - Exception : Le controller appelé : "PrivateController" ne possède pas de méthode qui a pour nom webController in file C:\wamp\www\AstridV1\lib\Core\ControllerManager.php on line 45
05/11/2012 11:17|Florian M. >> Notice : FwkErrorHandler 8 - Undefined variable: em in file C:\wamp\www\AstridV1\gestion\controllers\PrivateController.php on line 86
05/11/2012 11:17|Florian M. >> Notice : FwkErrorHandler 8 - Undefined variable: em in file C:\wamp\www\AstridV1\gestion\controllers\PrivateController.php on line 86
05/11/2012 11:17|Florian M. >> Notice : FwkErrorHandler 8 - Undefined variable: em in file C:\wamp\www\AstridV1\gestion\controllers\PrivateController.php on line 86
05/11/2012 11:18|Florian M. >> UNKNOWN : FwkErrorHandler 0 - Exception : Le controller appelé : "PrivateController" ne possède pas de méthode qui a pour nom webController in file C:\wamp\www\AstridV1\lib\Core\ControllerManager.php on line 45
05/11/2012 11:18|Florian M. >> UNKNOWN : FwkErrorHandler 0 - Exception : Le controller appelé : "PrivateController" ne possède pas de méthode qui a pour nom webController in file C:\wamp\www\AstridV1\lib\Core\ControllerManager.php on line 45
05/11/2012 11:18|Florian M. >> UNKNOWN : FwkErrorHandler 0 - Exception : Le controller appelé : "PrivateController" ne possède pas de méthode qui a pour nom webController in file C:\wamp\www\AstridV1\lib\Core\ControllerManager.php on line 45
05/11/2012 11:18|Florian M. >> UNKNOWN : FwkErrorHandler 0 - Exception : Le controller appelé : "PrivateController" ne possède pas de méthode qui a pour nom webController in file C:\wamp\www\AstridV1\lib\Core\ControllerManager.php on line 45
05/11/2012 11:18|Florian M. >> UNKNOWN : FwkErrorHandler 0 - Exception : Le controller appelé : "PrivateController" ne possède pas de méthode qui a pour nom webController in file C:\wamp\www\AstridV1\lib\Core\ControllerManager.php on line 45
05/11/2012 11:18|Florian M. >> UNKNOWN : FwkErrorHandler 0 - Exception : Le controller appelé : "PrivateController" ne possède pas de méthode qui a pour nom webController in file C:\wamp\www\AstridV1\lib\Core\ControllerManager.php on line 45
05/11/2012 11:18|Florian M. >> UNKNOWN : FwkErrorHandler 0 - Exception : Le controller appelé : "PrivateController" ne possède pas de méthode qui a pour nom webController in file C:\wamp\www\AstridV1\lib\Core\ControllerManager.php on line 45
05/11/2012 11:30|Florian M. >> UNKNOWN : FwkErrorHandler 0 - Exception : Le controller appelé : "PrivateController" ne possède pas de méthode qui a pour nom webController in file C:\wamp\www\AstridV1\lib\Core\ControllerManager.php on line 45
05/11/2012 11:30|Florian M. >> UNKNOWN : FwkErrorHandler 0 - Exception : Le controller appelé : "PrivateController" ne possède pas de méthode qui a pour nom webController in file C:\wamp\www\AstridV1\lib\Core\ControllerManager.php on line 45
05/11/2012 11:30|Florian M. >> UNKNOWN : FwkErrorHandler 0 - Exception : Le controller appelé : "PrivateController" ne possède pas de méthode qui a pour nom webController in file C:\wamp\www\AstridV1\lib\Core\ControllerManager.php on line 45
05/11/2012 11:30|Florian M. >> UNKNOWN : FwkErrorHandler 0 - Exception : Le controller appelé : "PrivateController" ne possède pas de méthode qui a pour nom webController in file C:\wamp\www\AstridV1\lib\Core\ControllerManager.php on line 45
05/11/2012 11:30|Florian M. >> UNKNOWN : FwkErrorHandler 0 - Exception : Le controller appelé : "PrivateController" ne possède pas de méthode qui a pour nom webController in file C:\wamp\www\AstridV1\lib\Core\ControllerManager.php on line 45
05/11/2012 11:30|Florian M. >> UNKNOWN : FwkErrorHandler 0 - Exception : Le controller appelé : "PrivateController" ne possède pas de méthode qui a pour nom webController in file C:\wamp\www\AstridV1\lib\Core\ControllerManager.php on line 45
05/11/2012 11:30|Florian M. >> UNKNOWN : FwkErrorHandler 0 - Exception : Le controller appelé : "PrivateController" ne possède pas de méthode qui a pour nom webController in file C:\wamp\www\AstridV1\lib\Core\ControllerManager.php on line 45
05/11/2012 11:30|Florian M. >> UNKNOWN : FwkErrorHandler 0 - Exception : Le controller appelé : "PrivateController" ne possède pas de méthode qui a pour nom webController in file C:\wamp\www\AstridV1\lib\Core\ControllerManager.php on line 45
05/11/2012 11:30|Florian M. >> UNKNOWN : FwkErrorHandler 0 - Exception : Le controller appelé : "PrivateController" ne possède pas de méthode qui a pour nom webController in file C:\wamp\www\AstridV1\lib\Core\ControllerManager.php on line 45
05/11/2012 11:30|Florian M. >> UNKNOWN : FwkErrorHandler 0 - Exception : Le controller appelé : "PrivateController" ne possède pas de méthode qui a pour nom webController in file C:\wamp\www\AstridV1\lib\Core\ControllerManager.php on line 45
05/11/2012 12:02|Florian M. >> UNKNOWN : FwkErrorHandler 0 - Exception : Le controller appelé : "PrivateController" ne possède pas de méthode qui a pour nom webController in file C:\wamp\www\AstridV1\lib\Core\ControllerManager.php on line 45
05/11/2012 12:02|Florian M. >> UNKNOWN : FwkErrorHandler 0 - Exception : Le controller appelé : "PrivateController" ne possède pas de méthode qui a pour nom webController in file C:\wamp\www\AstridV1\lib\Core\ControllerManager.php on line 45
05/11/2012 12:02|Florian M. >> UNKNOWN : FwkErrorHandler 0 - Exception : Le controller appelé : "PrivateController" ne possède pas de méthode qui a pour nom webController in file C:\wamp\www\AstridV1\lib\Core\ControllerManager.php on line 45
05/11/2012 12:02|Florian M. >> UNKNOWN : FwkErrorHandler 0 - Exception : Le controller appelé : "PrivateController" ne possède pas de méthode qui a pour nom webController in file C:\wamp\www\AstridV1\lib\Core\ControllerManager.php on line 45
05/11/2012 12:02|Florian M. >> UNKNOWN : FwkErrorHandler 0 - Exception : Le controller appelé : "PrivateController" ne possède pas de méthode qui a pour nom webController in file C:\wamp\www\AstridV1\lib\Core\ControllerManager.php on line 45
05/11/2012 12:02|Florian M. >> UNKNOWN : FwkErrorHandler 0 - Exception : Le controller appelé : "PrivateController" ne possède pas de méthode qui a pour nom webController in file C:\wamp\www\AstridV1\lib\Core\ControllerManager.php on line 45
05/11/2012 12:02|Florian M. >> UNKNOWN : FwkErrorHandler 0 - Exception : Le controller appelé : "PrivateController" ne possède pas de méthode qui a pour nom webController in file C:\wamp\www\AstridV1\lib\Core\ControllerManager.php on line 45
05/11/2012 12:02|Florian M. >> UNKNOWN : FwkErrorHandler 0 - Exception : Le controller appelé : "PrivateController" ne possède pas de méthode qui a pour nom webController in file C:\wamp\www\AstridV1\lib\Core\ControllerManager.php on line 45
05/11/2012 12:02|Florian M. >> UNKNOWN : FwkErrorHandler 0 - Exception : Le controller appelé : "PrivateController" ne possède pas de méthode qui a pour nom webController in file C:\wamp\www\AstridV1\lib\Core\ControllerManager.php on line 45
05/11/2012 12:02|Florian M. >> UNKNOWN : FwkErrorHandler 0 - Exception : Le controller appelé : "PrivateController" ne possède pas de méthode qui a pour nom webController in file C:\wamp\www\AstridV1\lib\Core\ControllerManager.php on line 45
05/11/2012 12:09|Florian M. >> UNKNOWN : FwkErrorHandler 0 - Exception : Le controller appelé : "DefaultController" ne possède pas de méthode qui a pour nom webController in file C:\wamp\www\AstridV1\lib\Core\ControllerManager.php on line 45
05/11/2012 12:09|Florian M. >> UNKNOWN : FwkErrorHandler 0 - Exception : Le controller appelé : "DefaultController" ne possède pas de méthode qui a pour nom webController in file C:\wamp\www\AstridV1\lib\Core\ControllerManager.php on line 45
05/11/2012 12:09|Florian M. >> UNKNOWN : FwkErrorHandler 0 - Exception : Le controller appelé : "DefaultController" ne possède pas de méthode qui a pour nom webController in file C:\wamp\www\AstridV1\lib\Core\ControllerManager.php on line 45
05/11/2012 12:09|Florian M. >> UNKNOWN : FwkErrorHandler 0 - Exception : Le controller appelé : "DefaultController" ne possède pas de méthode qui a pour nom webController in file C:\wamp\www\AstridV1\lib\Core\ControllerManager.php on line 45
05/11/2012 12:09|Florian M. >> UNKNOWN : FwkErrorHandler 0 - Exception : Le controller appelé : "DefaultController" ne possède pas de méthode qui a pour nom webController in file C:\wamp\www\AstridV1\lib\Core\ControllerManager.php on line 45
05/11/2012 12:09|Florian M. >> UNKNOWN : FwkErrorHandler 0 - Exception : Le controller appelé : "DefaultController" ne possède pas de méthode qui a pour nom webController in file C:\wamp\www\AstridV1\lib\Core\ControllerManager.php on line 45
05/11/2012 12:09|Florian M. >> UNKNOWN : FwkErrorHandler 0 - Exception : Le controller appelé : "DefaultController" ne possède pas de méthode qui a pour nom webController in file C:\wamp\www\AstridV1\lib\Core\ControllerManager.php on line 45
05/11/2012 12:09|Florian M. >> UNKNOWN : FwkErrorHandler 0 - Exception : Le controller appelé : "DefaultController" ne possède pas de méthode qui a pour nom webController in file C:\wamp\www\AstridV1\lib\Core\ControllerManager.php on line 45
05/11/2012 12:10|Florian M. >> UNKNOWN : FwkErrorHandler 0 - Exception : Le controller appelé : "DefaultController" ne possède pas de méthode qui a pour nom webController in file C:\wamp\www\AstridV1\lib\Core\ControllerManager.php on line 45
05/11/2012 12:10|Florian M. >> UNKNOWN : FwkErrorHandler 0 - Exception : Le controller appelé : "DefaultController" ne possède pas de méthode qui a pour nom webController in file C:\wamp\www\AstridV1\lib\Core\ControllerManager.php on line 45
05/11/2012 12:10|Florian M. >> UNKNOWN : FwkErrorHandler 0 - Exception : Le controller appelé : "DefaultController" ne possède pas de méthode qui a pour nom webController in file C:\wamp\www\AstridV1\lib\Core\ControllerManager.php on line 45
05/11/2012 12:10|Florian M. >> UNKNOWN : FwkErrorHandler 0 - Exception : Le controller appelé : "DefaultController" ne possède pas de méthode qui a pour nom webController in file C:\wamp\www\AstridV1\lib\Core\ControllerManager.php on line 45
05/11/2012 12:10|Florian M. >> UNKNOWN : FwkErrorHandler 0 - Exception : Le controller appelé : "DefaultController" ne possède pas de méthode qui a pour nom webController in file C:\wamp\www\AstridV1\lib\Core\ControllerManager.php on line 45
05/11/2012 12:10|Florian M. >> UNKNOWN : FwkErrorHandler 0 - Exception : Le controller appelé : "DefaultController" ne possède pas de méthode qui a pour nom webController in file C:\wamp\www\AstridV1\lib\Core\ControllerManager.php on line 45
05/11/2012 12:10|Florian M. >> UNKNOWN : FwkErrorHandler 0 - Exception : Le controller appelé : "DefaultController" ne possède pas de méthode qui a pour nom webController in file C:\wamp\www\AstridV1\lib\Core\ControllerManager.php on line 45
05/11/2012 12:10|Florian M. >> UNKNOWN : FwkErrorHandler 0 - Exception : Le controller appelé : "DefaultController" ne possède pas de méthode qui a pour nom webController in file C:\wamp\www\AstridV1\lib\Core\ControllerManager.php on line 45
05/11/2012 12:10|Florian M. >> UNKNOWN : FwkErrorHandler 0 - Exception : Le controller appelé : "DefaultController" ne possède pas de méthode qui a pour nom webController in file C:\wamp\www\AstridV1\lib\Core\ControllerManager.php on line 45
05/11/2012 12:10|Florian M. >> UNKNOWN : FwkErrorHandler 0 - Exception : Le controller appelé : "DefaultController" ne possède pas de méthode qui a pour nom webController in file C:\wamp\www\AstridV1\lib\Core\ControllerManager.php on line 45
05/11/2012 12:10|Florian M. >> UNKNOWN : FwkErrorHandler 0 - Exception : Le controller appelé : "DefaultController" ne possède pas de méthode qui a pour nom webController in file C:\wamp\www\AstridV1\lib\Core\ControllerManager.php on line 45
05/11/2012 12:10|Florian M. >> UNKNOWN : FwkErrorHandler 0 - Exception : Le controller appelé : "DefaultController" ne possède pas de méthode qui a pour nom webController in file C:\wamp\www\AstridV1\lib\Core\ControllerManager.php on line 45
05/11/2012 12:10|Florian M. >> UNKNOWN : FwkErrorHandler 0 - Exception : Le controller appelé : "DefaultController" ne possède pas de méthode qui a pour nom webController in file C:\wamp\www\AstridV1\lib\Core\ControllerManager.php on line 45
05/11/2012 12:10|Florian M. >> UNKNOWN : FwkErrorHandler 0 - Exception : Le controller appelé : "DefaultController" ne possède pas de méthode qui a pour nom webController in file C:\wamp\www\AstridV1\lib\Core\ControllerManager.php on line 45
05/11/2012 12:10|Florian M. >> UNKNOWN : FwkErrorHandler 0 - Exception : Le controller appelé : "DefaultController" ne possède pas de méthode qui a pour nom webController in file C:\wamp\www\AstridV1\lib\Core\ControllerManager.php on line 45
05/11/2012 12:10|Florian M. >> UNKNOWN : FwkErrorHandler 0 - Exception : Le controller appelé : "DefaultController" ne possède pas de méthode qui a pour nom webController in file C:\wamp\www\AstridV1\lib\Core\ControllerManager.php on line 45
05/11/2012 12:11|Florian M. >> UNKNOWN : FwkErrorHandler 0 - Exception : Le controller appelé : "DefaultController" ne possède pas de méthode qui a pour nom webController in file C:\wamp\www\AstridV1\lib\Core\ControllerManager.php on line 45
05/11/2012 12:11|Florian M. >> UNKNOWN : FwkErrorHandler 0 - Exception : Le controller appelé : "DefaultController" ne possède pas de méthode qui a pour nom webController in file C:\wamp\www\AstridV1\lib\Core\ControllerManager.php on line 45
05/11/2012 12:11|Florian M. >> UNKNOWN : FwkErrorHandler 0 - Exception : Le controller appelé : "DefaultController" ne possède pas de méthode qui a pour nom webController in file C:\wamp\www\AstridV1\lib\Core\ControllerManager.php on line 45
05/11/2012 12:11|Florian M. >> UNKNOWN : FwkErrorHandler 0 - Exception : Le controller appelé : "DefaultController" ne possède pas de méthode qui a pour nom webController in file C:\wamp\www\AstridV1\lib\Core\ControllerManager.php on line 45
05/11/2012 12:11|Florian M. >> UNKNOWN : FwkErrorHandler 0 - Exception : Le controller appelé : "DefaultController" ne possède pas de méthode qui a pour nom webController in file C:\wamp\www\AstridV1\lib\Core\ControllerManager.php on line 45
05/11/2012 12:11|Florian M. >> UNKNOWN : FwkErrorHandler 0 - Exception : Le controller appelé : "DefaultController" ne possède pas de méthode qui a pour nom webController in file C:\wamp\www\AstridV1\lib\Core\ControllerManager.php on line 45
05/11/2012 12:11|Florian M. >> UNKNOWN : FwkErrorHandler 0 - Exception : Le controller appelé : "DefaultController" ne possède pas de méthode qui a pour nom webController in file C:\wamp\www\AstridV1\lib\Core\ControllerManager.php on line 45
05/11/2012 12:11|Florian M. >> UNKNOWN : FwkErrorHandler 0 - Exception : Le controller appelé : "DefaultController" ne possède pas de méthode qui a pour nom webController in file C:\wamp\www\AstridV1\lib\Core\ControllerManager.php on line 45
05/11/2012 12:13|Florian M. >> UNKNOWN : FwkErrorHandler 0 - Exception : Le controller appelé : "DefaultController" ne possède pas de méthode qui a pour nom webController in file C:\wamp\www\AstridV1\lib\Core\ControllerManager.php on line 45
05/11/2012 12:13|Florian M. >> UNKNOWN : FwkErrorHandler 0 - Exception : Le controller appelé : "DefaultController" ne possède pas de méthode qui a pour nom webController in file C:\wamp\www\AstridV1\lib\Core\ControllerManager.php on line 45
05/11/2012 12:13|Florian M. >> UNKNOWN : FwkErrorHandler 0 - Exception : Le controller appelé : "DefaultController" ne possède pas de méthode qui a pour nom webController in file C:\wamp\www\AstridV1\lib\Core\ControllerManager.php on line 45
05/11/2012 12:13|Florian M. >> UNKNOWN : FwkErrorHandler 0 - Exception : Le controller appelé : "DefaultController" ne possède pas de méthode qui a pour nom webController in file C:\wamp\www\AstridV1\lib\Core\ControllerManager.php on line 45
05/11/2012 12:13|Florian M. >> UNKNOWN : FwkErrorHandler 0 - Exception : Le controller appelé : "DefaultController" ne possède pas de méthode qui a pour nom webController in file C:\wamp\www\AstridV1\lib\Core\ControllerManager.php on line 45
05/11/2012 12:13|Florian M. >> UNKNOWN : FwkErrorHandler 0 - Exception : Le controller appelé : "DefaultController" ne possède pas de méthode qui a pour nom webController in file C:\wamp\www\AstridV1\lib\Core\ControllerManager.php on line 45
05/11/2012 12:13|Florian M. >> UNKNOWN : FwkErrorHandler 0 - Exception : Le controller appelé : "DefaultController" ne possède pas de méthode qui a pour nom webController in file C:\wamp\www\AstridV1\lib\Core\ControllerManager.php on line 45
05/11/2012 12:13|Florian M. >> UNKNOWN : FwkErrorHandler 0 - Exception : Le controller appelé : "DefaultController" ne possède pas de méthode qui a pour nom webController in file C:\wamp\www\AstridV1\lib\Core\ControllerManager.php on line 45
05/11/2012 13:42|Florian M. >> UNKNOWN : FwkErrorHandler 0 - Exception : Le controller appelé : "DefaultController" ne possède pas de méthode qui a pour nom webController in file C:\wamp\www\AstridV1\lib\Core\ControllerManager.php on line 45
05/11/2012 13:42|Florian M. >> UNKNOWN : FwkErrorHandler 0 - Exception : Le controller appelé : "DefaultController" ne possède pas de méthode qui a pour nom webController in file C:\wamp\www\AstridV1\lib\Core\ControllerManager.php on line 45
05/11/2012 13:42|Florian M. >> UNKNOWN : FwkErrorHandler 0 - Exception : Le controller appelé : "DefaultController" ne possède pas de méthode qui a pour nom webController in file C:\wamp\www\AstridV1\lib\Core\ControllerManager.php on line 45
05/11/2012 13:42|Florian M. >> UNKNOWN : FwkErrorHandler 0 - Exception : Le controller appelé : "DefaultController" ne possède pas de méthode qui a pour nom webController in file C:\wamp\www\AstridV1\lib\Core\ControllerManager.php on line 45
05/11/2012 13:42|Florian M. >> UNKNOWN : FwkErrorHandler 0 - Exception : Le controller appelé : "DefaultController" ne possède pas de méthode qui a pour nom webController in file C:\wamp\www\AstridV1\lib\Core\ControllerManager.php on line 45
05/11/2012 13:42|Florian M. >> UNKNOWN : FwkErrorHandler 0 - Exception : Le controller appelé : "DefaultController" ne possède pas de méthode qui a pour nom webController in file C:\wamp\www\AstridV1\lib\Core\ControllerManager.php on line 45
05/11/2012 13:42|Florian M. >> UNKNOWN : FwkErrorHandler 0 - Exception : Le controller appelé : "DefaultController" ne possède pas de méthode qui a pour nom webController in file C:\wamp\www\AstridV1\lib\Core\ControllerManager.php on line 45
05/11/2012 13:42|Florian M. >> UNKNOWN : FwkErrorHandler 0 - Exception : Le controller appelé : "DefaultController" ne possède pas de méthode qui a pour nom webController in file C:\wamp\www\AstridV1\lib\Core\ControllerManager.php on line 45
05/11/2012 14:04|Florian M. >> Notice : FwkErrorHandler 8 - Undefined index: HTTP_REFERER in file C:\wamp\www\AstridV1\lib\Core\ControllerManager.php on line 95
05/11/2012 14:04|Florian M. >> UNKNOWN : FwkErrorHandler 0 - Undefined index: HTTP_REFERER in file C:\wamp\www\AstridV1\lib\Core\ControllerManager.php on line 95
05/11/2012 14:23|Florian M. >> UNKNOWN : FwkErrorHandler 0 - Exception : Le controller appelé : "AstridController" ne possède pas de méthode qui a pour nom webController in file C:\wamp\www\AstridV1\lib\Core\ControllerManager.php on line 45
05/11/2012 14:23|Florian M. >> UNKNOWN : FwkErrorHandler 0 - Exception : Le controller appelé : "AstridController" ne possède pas de méthode qui a pour nom webController in file C:\wamp\www\AstridV1\lib\Core\ControllerManager.php on line 45
05/11/2012 14:23|Florian M. >> UNKNOWN : FwkErrorHandler 0 - Exception : Le controller appelé : "AstridController" ne possède pas de méthode qui a pour nom webController in file C:\wamp\www\AstridV1\lib\Core\ControllerManager.php on line 45
05/11/2012 14:23|Florian M. >> UNKNOWN : FwkErrorHandler 0 - Exception : Le controller appelé : "AstridController" ne possède pas de méthode qui a pour nom webController in file C:\wamp\www\AstridV1\lib\Core\ControllerManager.php on line 45
05/11/2012 14:23|Florian M. >> UNKNOWN : FwkErrorHandler 0 - Exception : Le controller appelé : "AstridController" ne possède pas de méthode qui a pour nom webController in file C:\wamp\www\AstridV1\lib\Core\ControllerManager.php on line 45
05/11/2012 14:23|Florian M. >> UNKNOWN : FwkErrorHandler 0 - Exception : Le controller appelé : "AstridController" ne possède pas de méthode qui a pour nom webController in file C:\wamp\www\AstridV1\lib\Core\ControllerManager.php on line 45
05/11/2012 14:23|Florian M. >> UNKNOWN : FwkErrorHandler 0 - Exception : Le controller appelé : "AstridController" ne possède pas de méthode qui a pour nom webController in file C:\wamp\www\AstridV1\lib\Core\ControllerManager.php on line 45
05/11/2012 14:23|Florian M. >> UNKNOWN : FwkErrorHandler 0 - Exception : Le controller appelé : "AstridController" ne possède pas de méthode qui a pour nom webController in file C:\wamp\www\AstridV1\lib\Core\ControllerManager.php on line 45
05/11/2012 14:33|Florian M. >> UNKNOWN : FwkErrorHandler 0 - Exception : Le controller appelé : "AstridController" ne possède pas de méthode qui a pour nom webController in file C:\wamp\www\AstridV1\lib\Core\ControllerManager.php on line 45
05/11/2012 14:33|Florian M. >> UNKNOWN : FwkErrorHandler 0 - Exception : Le controller appelé : "AstridController" ne possède pas de méthode qui a pour nom webController in file C:\wamp\www\AstridV1\lib\Core\ControllerManager.php on line 45
05/11/2012 14:33|Florian M. >> UNKNOWN : FwkErrorHandler 0 - Exception : Le controller appelé : "AstridController" ne possède pas de méthode qui a pour nom webController in file C:\wamp\www\AstridV1\lib\Core\ControllerManager.php on line 45
05/11/2012 14:33|Florian M. >> UNKNOWN : FwkErrorHandler 0 - Exception : Le controller appelé : "AstridController" ne possède pas de méthode qui a pour nom webController in file C:\wamp\www\AstridV1\lib\Core\ControllerManager.php on line 45
05/11/2012 14:33|Florian M. >> UNKNOWN : FwkErrorHandler 0 - Exception : Le controller appelé : "AstridController" ne possède pas de méthode qui a pour nom webController in file C:\wamp\www\AstridV1\lib\Core\ControllerManager.php on line 45
05/11/2012 14:33|Florian M. >> UNKNOWN : FwkErrorHandler 0 - Exception : Le controller appelé : "AstridController" ne possède pas de méthode qui a pour nom webController in file C:\wamp\www\AstridV1\lib\Core\ControllerManager.php on line 45
05/11/2012 14:33|Florian M. >> UNKNOWN : FwkErrorHandler 0 - Exception : Le controller appelé : "AstridController" ne possède pas de méthode qui a pour nom webController in file C:\wamp\www\AstridV1\lib\Core\ControllerManager.php on line 45
05/11/2012 14:33|Florian M. >> UNKNOWN : FwkErrorHandler 0 - Exception : Le controller appelé : "AstridController" ne possède pas de méthode qui a pour nom webController in file C:\wamp\www\AstridV1\lib\Core\ControllerManager.php on line 45
05/11/2012 14:34|Florian M. >> UNKNOWN : FwkErrorHandler 0 - Exception : Le controller appelé : "AstridController" ne possède pas de méthode qui a pour nom webController in file C:\wamp\www\AstridV1\lib\Core\ControllerManager.php on line 45
05/11/2012 14:34|Florian M. >> UNKNOWN : FwkErrorHandler 0 - Exception : Le controller appelé : "AstridController" ne possède pas de méthode qui a pour nom webController in file C:\wamp\www\AstridV1\lib\Core\ControllerManager.php on line 45
05/11/2012 14:34|Florian M. >> UNKNOWN : FwkErrorHandler 0 - Exception : Le controller appelé : "AstridController" ne possède pas de méthode qui a pour nom webController in file C:\wamp\www\AstridV1\lib\Core\ControllerManager.php on line 45
05/11/2012 14:34|Florian M. >> UNKNOWN : FwkErrorHandler 0 - Exception : Le controller appelé : "AstridController" ne possède pas de méthode qui a pour nom webController in file C:\wamp\www\AstridV1\lib\Core\ControllerManager.php on line 45
05/11/2012 14:34|Florian M. >> UNKNOWN : FwkErrorHandler 0 - Exception : Le controller appelé : "AstridController" ne possède pas de méthode qui a pour nom webController in file C:\wamp\www\AstridV1\lib\Core\ControllerManager.php on line 45
05/11/2012 14:34|Florian M. >> UNKNOWN : FwkErrorHandler 0 - Exception : Le controller appelé : "AstridController" ne possède pas de méthode qui a pour nom webController in file C:\wamp\www\AstridV1\lib\Core\ControllerManager.php on line 45
05/11/2012 14:34|Florian M. >> UNKNOWN : FwkErrorHandler 0 - Exception : Le controller appelé : "AstridController" ne possède pas de méthode qui a pour nom webController in file C:\wamp\www\AstridV1\lib\Core\ControllerManager.php on line 45
05/11/2012 14:34|Florian M. >> UNKNOWN : FwkErrorHandler 0 - Exception : Le controller appelé : "AstridController" ne possède pas de méthode qui a pour nom webController in file C:\wamp\www\AstridV1\lib\Core\ControllerManager.php on line 45
05/11/2012 14:34|Florian M. >> UNKNOWN : FwkErrorHandler 0 - Exception : Le controller appelé : "AstridController" ne possède pas de méthode qui a pour nom webController in file C:\wamp\www\AstridV1\lib\Core\ControllerManager.php on line 45
05/11/2012 14:34|Florian M. >> UNKNOWN : FwkErrorHandler 0 - Exception : Le controller appelé : "AstridController" ne possède pas de méthode qui a pour nom webController in file C:\wamp\www\AstridV1\lib\Core\ControllerManager.php on line 45
05/11/2012 14:34|Florian M. >> UNKNOWN : FwkErrorHandler 0 - Exception : Le controller appelé : "AstridController" ne possède pas de méthode qui a pour nom webController in file C:\wamp\www\AstridV1\lib\Core\ControllerManager.php on line 45
05/11/2012 14:34|Florian M. >> UNKNOWN : FwkErrorHandler 0 - Exception : Le controller appelé : "AstridController" ne possède pas de méthode qui a pour nom webController in file C:\wamp\www\AstridV1\lib\Core\ControllerManager.php on line 45
05/11/2012 14:34|Florian M. >> UNKNOWN : FwkErrorHandler 0 - Exception : Le controller appelé : "AstridController" ne possède pas de méthode qui a pour nom webController in file C:\wamp\www\AstridV1\lib\Core\ControllerManager.php on line 45
05/11/2012 14:34|Florian M. >> UNKNOWN : FwkErrorHandler 0 - Exception : Le controller appelé : "AstridController" ne possède pas de méthode qui a pour nom webController in file C:\wamp\www\AstridV1\lib\Core\ControllerManager.php on line 45
05/11/2012 14:34|Florian M. >> UNKNOWN : FwkErrorHandler 0 - Exception : Le controller appelé : "AstridController" ne possède pas de méthode qui a pour nom webController in file C:\wamp\www\AstridV1\lib\Core\ControllerManager.php on line 45
05/11/2012 14:34|Florian M. >> UNKNOWN : FwkErrorHandler 0 - Exception : Le controller appelé : "AstridController" ne possède pas de méthode qui a pour nom webController in file C:\wamp\www\AstridV1\lib\Core\ControllerManager.php on line 45
05/11/2012 14:46|Florian M. >> UNKNOWN : FwkErrorHandler 0 - Exception : Le controller appelé : "AstridController" ne possède pas de méthode qui a pour nom webController in file C:\wamp\www\AstridV1\lib\Core\ControllerManager.php on line 45
05/11/2012 14:46|Florian M. >> UNKNOWN : FwkErrorHandler 0 - Exception : Le controller appelé : "AstridController" ne possède pas de méthode qui a pour nom webController in file C:\wamp\www\AstridV1\lib\Core\ControllerManager.php on line 45
05/11/2012 14:46|Florian M. >> UNKNOWN : FwkErrorHandler 0 - Exception : Le controller appelé : "AstridController" ne possède pas de méthode qui a pour nom webController in file C:\wamp\www\AstridV1\lib\Core\ControllerManager.php on line 45
05/11/2012 14:46|Florian M. >> UNKNOWN : FwkErrorHandler 0 - Exception : Le controller appelé : "AstridController" ne possède pas de méthode qui a pour nom webController in file C:\wamp\www\AstridV1\lib\Core\ControllerManager.php on line 45
05/11/2012 14:46|Florian M. >> UNKNOWN : FwkErrorHandler 0 - Exception : Le controller appelé : "AstridController" ne possède pas de méthode qui a pour nom webController in file C:\wamp\www\AstridV1\lib\Core\ControllerManager.php on line 45
05/11/2012 14:46|Florian M. >> UNKNOWN : FwkErrorHandler 0 - Exception : Le controller appelé : "AstridController" ne possède pas de méthode qui a pour nom webController in file C:\wamp\www\AstridV1\lib\Core\ControllerManager.php on line 45
05/11/2012 14:46|Florian M. >> UNKNOWN : FwkErrorHandler 0 - Exception : Le controller appelé : "AstridController" ne possède pas de méthode qui a pour nom webController in file C:\wamp\www\AstridV1\lib\Core\ControllerManager.php on line 45
05/11/2012 14:46|Florian M. >> UNKNOWN : FwkErrorHandler 0 - Exception : Le controller appelé : "AstridController" ne possède pas de méthode qui a pour nom webController in file C:\wamp\www\AstridV1\lib\Core\ControllerManager.php on line 45
05/11/2012 14:50|Florian M. >> UNKNOWN : FwkErrorHandler 0 - Exception : Le controller appelé : "AstridController" ne possède pas de méthode qui a pour nom webController in file C:\wamp\www\AstridV1\lib\Core\ControllerManager.php on line 45
05/11/2012 14:50|Florian M. >> UNKNOWN : FwkErrorHandler 0 - Exception : Le controller appelé : "AstridController" ne possède pas de méthode qui a pour nom webController in file C:\wamp\www\AstridV1\lib\Core\ControllerManager.php on line 45
05/11/2012 14:50|Florian M. >> UNKNOWN : FwkErrorHandler 0 - Exception : Le controller appelé : "AstridController" ne possède pas de méthode qui a pour nom webController in file C:\wamp\www\AstridV1\lib\Core\ControllerManager.php on line 45
05/11/2012 14:50|Florian M. >> UNKNOWN : FwkErrorHandler 0 - Exception : Le controller appelé : "AstridController" ne possède pas de méthode qui a pour nom webController in file C:\wamp\www\AstridV1\lib\Core\ControllerManager.php on line 45
05/11/2012 14:50|Florian M. >> UNKNOWN : FwkErrorHandler 0 - Exception : Le controller appelé : "AstridController" ne possède pas de méthode qui a pour nom webController in file C:\wamp\www\AstridV1\lib\Core\ControllerManager.php on line 45
05/11/2012 14:50|Florian M. >> UNKNOWN : FwkErrorHandler 0 - Exception : Le controller appelé : "AstridController" ne possède pas de méthode qui a pour nom webController in file C:\wamp\www\AstridV1\lib\Core\ControllerManager.php on line 45
05/11/2012 14:50|Florian M. >> UNKNOWN : FwkErrorHandler 0 - Exception : Le controller appelé : "AstridController" ne possède pas de méthode qui a pour nom webController in file C:\wamp\www\AstridV1\lib\Core\ControllerManager.php on line 45
05/11/2012 14:50|Florian M. >> UNKNOWN : FwkErrorHandler 0 - Exception : Le controller appelé : "AstridController" ne possède pas de méthode qui a pour nom webController in file C:\wamp\www\AstridV1\lib\Core\ControllerManager.php on line 45
05/11/2012 14:50|Florian M. >> UNKNOWN : FwkErrorHandler 0 - Exception : Le controller appelé : "PrivateController" ne possède pas de méthode qui a pour nom universGestionController in file C:\wamp\www\AstridV1\lib\Core\ControllerManager.php on line 45
05/11/2012 14:50|Florian M. >> UNKNOWN : FwkErrorHandler 0 - Exception : Le controller appelé : "AstridController" ne possède pas de méthode qui a pour nom webController in file C:\wamp\www\AstridV1\lib\Core\ControllerManager.php on line 45
05/11/2012 14:50|Florian M. >> UNKNOWN : FwkErrorHandler 0 - Exception : Le controller appelé : "AstridController" ne possède pas de méthode qui a pour nom webController in file C:\wamp\www\AstridV1\lib\Core\ControllerManager.php on line 45
05/11/2012 14:50|Florian M. >> UNKNOWN : FwkErrorHandler 0 - Exception : Le controller appelé : "AstridController" ne possède pas de méthode qui a pour nom webController in file C:\wamp\www\AstridV1\lib\Core\ControllerManager.php on line 45
05/11/2012 14:50|Florian M. >> UNKNOWN : FwkErrorHandler 0 - Exception : Le controller appelé : "AstridController" ne possède pas de méthode qui a pour nom webController in file C:\wamp\www\AstridV1\lib\Core\ControllerManager.php on line 45
05/11/2012 14:50|Florian M. >> UNKNOWN : FwkErrorHandler 0 - Exception : Le controller appelé : "AstridController" ne possède pas de méthode qui a pour nom webController in file C:\wamp\www\AstridV1\lib\Core\ControllerManager.php on line 45
05/11/2012 14:50|Florian M. >> UNKNOWN : FwkErrorHandler 0 - Exception : Le controller appelé : "AstridController" ne possède pas de méthode qui a pour nom webController in file C:\wamp\www\AstridV1\lib\Core\ControllerManager.php on line 45
05/11/2012 14:50|Florian M. >> UNKNOWN : FwkErrorHandler 0 - Exception : Le controller appelé : "AstridController" ne possède pas de méthode qui a pour nom webController in file C:\wamp\www\AstridV1\lib\Core\ControllerManager.php on line 45
05/11/2012 14:50|Florian M. >> UNKNOWN : FwkErrorHandler 0 - Exception : Le controller appelé : "AstridController" ne possède pas de méthode qui a pour nom webController in file C:\wamp\www\AstridV1\lib\Core\ControllerManager.php on line 45
05/11/2012 14:51|Florian M. >> Notice : FwkErrorHandler 8 - Undefined variable: objAdmin in file C:\wamp\www\AstridV1\gestion\controllers\AstridController.php on line 58
05/11/2012 14:51|Florian M. >> UNKNOWN : FwkErrorHandler 0 - Exception : Le controller appelé : "AstridController" ne possède pas de méthode qui a pour nom webController in file C:\wamp\www\AstridV1\lib\Core\ControllerManager.php on line 45
05/11/2012 14:51|Florian M. >> UNKNOWN : FwkErrorHandler 0 - Exception : Le controller appelé : "AstridController" ne possède pas de méthode qui a pour nom webController in file C:\wamp\www\AstridV1\lib\Core\ControllerManager.php on line 45
05/11/2012 14:51|Florian M. >> UNKNOWN : FwkErrorHandler 0 - Exception : Le controller appelé : "AstridController" ne possède pas de méthode qui a pour nom webController in file C:\wamp\www\AstridV1\lib\Core\ControllerManager.php on line 45
05/11/2012 14:51|Florian M. >> UNKNOWN : FwkErrorHandler 0 - Exception : Le controller appelé : "AstridController" ne possède pas de méthode qui a pour nom webController in file C:\wamp\www\AstridV1\lib\Core\ControllerManager.php on line 45
05/11/2012 14:51|Florian M. >> UNKNOWN : FwkErrorHandler 0 - Exception : Le controller appelé : "AstridController" ne possède pas de méthode qui a pour nom webController in file C:\wamp\www\AstridV1\lib\Core\ControllerManager.php on line 45
05/11/2012 14:51|Florian M. >> UNKNOWN : FwkErrorHandler 0 - Exception : Le controller appelé : "AstridController" ne possède pas de méthode qui a pour nom webController in file C:\wamp\www\AstridV1\lib\Core\ControllerManager.php on line 45
05/11/2012 14:51|Florian M. >> UNKNOWN : FwkErrorHandler 0 - Exception : Le controller appelé : "AstridController" ne possède pas de méthode qui a pour nom webController in file C:\wamp\www\AstridV1\lib\Core\ControllerManager.php on line 45
05/11/2012 15:00|Florian M. >> UNKNOWN : FwkErrorHandler 0 - Exception : Le controller appelé : "AstridController" ne possède pas de méthode qui a pour nom webController in file C:\wamp\www\AstridV1\lib\Core\ControllerManager.php on line 45
05/11/2012 15:00|Florian M. >> UNKNOWN : FwkErrorHandler 0 - Exception : Le controller appelé : "AstridController" ne possède pas de méthode qui a pour nom webController in file C:\wamp\www\AstridV1\lib\Core\ControllerManager.php on line 45
05/11/2012 15:00|Florian M. >> UNKNOWN : FwkErrorHandler 0 - Exception : Le controller appelé : "AstridController" ne possède pas de méthode qui a pour nom webController in file C:\wamp\www\AstridV1\lib\Core\ControllerManager.php on line 45
05/11/2012 15:00|Florian M. >> UNKNOWN : FwkErrorHandler 0 - Exception : Le controller appelé : "AstridController" ne possède pas de méthode qui a pour nom webController in file C:\wamp\www\AstridV1\lib\Core\ControllerManager.php on line 45
05/11/2012 15:00|Florian M. >> UNKNOWN : FwkErrorHandler 0 - Exception : Le controller appelé : "AstridController" ne possède pas de méthode qui a pour nom webController in file C:\wamp\www\AstridV1\lib\Core\ControllerManager.php on line 45
05/11/2012 15:00|Florian M. >> UNKNOWN : FwkErrorHandler 0 - Exception : Le controller appelé : "AstridController" ne possède pas de méthode qui a pour nom webController in file C:\wamp\www\AstridV1\lib\Core\ControllerManager.php on line 45
05/11/2012 15:00|Florian M. >> UNKNOWN : FwkErrorHandler 0 - Exception : Le controller appelé : "AstridController" ne possède pas de méthode qui a pour nom webController in file C:\wamp\www\AstridV1\lib\Core\ControllerManager.php on line 45
05/11/2012 15:00|Florian M. >> UNKNOWN : FwkErrorHandler 0 - Exception : Le controller appelé : "AstridController" ne possède pas de méthode qui a pour nom webController in file C:\wamp\www\AstridV1\lib\Core\ControllerManager.php on line 45
05/11/2012 15:00|Florian M. >> UNKNOWN : FwkErrorHandler 0 - Exception : Le controller appelé : "AstridController" ne possède pas de méthode qui a pour nom webController in file C:\wamp\www\AstridV1\lib\Core\ControllerManager.php on line 45
05/11/2012 15:00|Florian M. >> UNKNOWN : FwkErrorHandler 0 - Exception : Le controller appelé : "AstridController" ne possède pas de méthode qui a pour nom webController in file C:\wamp\www\AstridV1\lib\Core\ControllerManager.php on line 45
05/11/2012 15:42|Florian M. >> UNKNOWN : FwkErrorHandler 0 - Exception : Le controller appelé : "AstridController" ne possède pas de méthode qui a pour nom webController in file C:\wamp\www\AstridV1\lib\Core\ControllerManager.php on line 45
05/11/2012 15:42|Florian M. >> UNKNOWN : FwkErrorHandler 0 - Exception : Le controller appelé : "AstridController" ne possède pas de méthode qui a pour nom webController in file C:\wamp\www\AstridV1\lib\Core\ControllerManager.php on line 45
05/11/2012 15:42|Florian M. >> UNKNOWN : FwkErrorHandler 0 - Exception : Le controller appelé : "AstridController" ne possède pas de méthode qui a pour nom webController in file C:\wamp\www\AstridV1\lib\Core\ControllerManager.php on line 45
05/11/2012 15:42|Florian M. >> UNKNOWN : FwkErrorHandler 0 - Exception : Le controller appelé : "AstridController" ne possède pas de méthode qui a pour nom webController in file C:\wamp\www\AstridV1\lib\Core\ControllerManager.php on line 45
05/11/2012 15:42|Florian M. >> UNKNOWN : FwkErrorHandler 0 - Exception : Le controller appelé : "AstridController" ne possède pas de méthode qui a pour nom webController in file C:\wamp\www\AstridV1\lib\Core\ControllerManager.php on line 45
05/11/2012 15:42|Florian M. >> UNKNOWN : FwkErrorHandler 0 - Exception : Le controller appelé : "AstridController" ne possède pas de méthode qui a pour nom webController in file C:\wamp\www\AstridV1\lib\Core\ControllerManager.php on line 45
05/11/2012 15:42|Florian M. >> UNKNOWN : FwkErrorHandler 0 - Exception : Le controller appelé : "AstridController" ne possède pas de méthode qui a pour nom webController in file C:\wamp\www\AstridV1\lib\Core\ControllerManager.php on line 45
05/11/2012 15:42|Florian M. >> UNKNOWN : FwkErrorHandler 0 - Exception : Le controller appelé : "AstridController" ne possède pas de méthode qui a pour nom webController in file C:\wamp\www\AstridV1\lib\Core\ControllerManager.php on line 45
05/11/2012 15:42|Florian M. >> UNKNOWN : FwkErrorHandler 0 - Exception : Le controller appelé : "AstridController" ne possède pas de méthode qui a pour nom webController in file C:\wamp\www\AstridV1\lib\Core\ControllerManager.php on line 45
05/11/2012 15:42|Florian M. >> UNKNOWN : FwkErrorHandler 0 - Exception : Le controller appelé : "AstridController" ne possède pas de méthode qui a pour nom webController in file C:\wamp\www\AstridV1\lib\Core\ControllerManager.php on line 45
