26/11/2012 09:23|Florian M. >> UNKNOWN : FwkErrorHandler 42S02 - SQLSTATE[42S02]: Base table or view not found: 1146 Table 'astrid.db_type_annonce' doesn't exist in file C:\wamp\www\AstridV1\lib\Doctrine\Doctrine\DBAL\Connection.php on line 633
26/11/2012 09:24|Florian M. >> UNKNOWN : FwkErrorHandler 0 - Exception : Le controller appelé : "AstridController" ne possède pas de méthode qui a pour nom clientsGestionController in file C:\wamp\www\AstridV1\lib\Core\ControllerManager.php on line 45
26/11/2012 09:42|- >> UNKNOWN : FwkErrorHandler 0 - [Semantical Error] line 0, col 56 near 'q ORDER BY q.nom': Error: Class Entities\Annonce has no association named dateDepot in file C:\wamp\www\AstridV1\lib\Core\AjaxManager.php on line 48
26/11/2012 09:42|- >> UNKNOWN : FwkErrorHandler 0 - [Semantical Error] line 0, col 56 near 'q ORDER BY q.nom': Error: Class Entities\Annonce has no association named dateDepot in file C:\wamp\www\AstridV1\lib\Core\AjaxManager.php on line 48
26/11/2012 09:42|- >> UNKNOWN : FwkErrorHandler 0 - [Semantical Error] line 0, col 52 near 'q ORDER BY q.nom': Error: Class Entities\Annonce has no association named titre in file C:\wamp\www\AstridV1\lib\Core\AjaxManager.php on line 48
26/11/2012 09:42|- >> UNKNOWN : FwkErrorHandler 0 - [Semantical Error] line 0, col 56 near 'q ORDER BY q.nom': Error: Class Entities\Annonce has no association named dateDepot in file C:\wamp\www\AstridV1\lib\Core\AjaxManager.php on line 48
26/11/2012 10:24|- >> Notice : FwkErrorHandler 8 - Undefined index: orderBy in file C:\wamp\www\AstridV1\lib\Core\FwkTable.php on line 284
26/11/2012 10:24|- >> UNKNOWN : FwkErrorHandler 0 - Undefined index: orderBy in file C:\wamp\www\AstridV1\lib\Core\AjaxManager.php on line 48
26/11/2012 10:24|Florian M. >> Notice : FwkErrorHandler 8 - Undefined index: orderBy in file C:\wamp\www\AstridV1\lib\Core\FwkTable.php on line 284
26/11/2012 10:24|Florian M. >> UNKNOWN : FwkErrorHandler 0 - Undefined index: orderBy in file C:\wamp\www\AstridV1\lib\Core\FwkTable.php on line 284
26/11/2012 10:24|Florian M. >> Notice : FwkErrorHandler 8 - Undefined index: orderBy in file C:\wamp\www\AstridV1\lib\Core\FwkTable.php on line 284
26/11/2012 10:24|Florian M. >> UNKNOWN : FwkErrorHandler 0 - Undefined index: orderBy in file C:\wamp\www\AstridV1\lib\Core\FwkTable.php on line 284
26/11/2012 10:24|Florian M. >> Notice : FwkErrorHandler 8 - Undefined index: orderBy in file C:\wamp\www\AstridV1\lib\Core\FwkTable.php on line 284
26/11/2012 10:24|Florian M. >> UNKNOWN : FwkErrorHandler 0 - Undefined index: orderBy in file C:\wamp\www\AstridV1\lib\Core\FwkTable.php on line 284
26/11/2012 14:00|- >> Warning : FwkErrorHandler 2 - fopen(web/files/2012-11-26_export_annonce.csv) [<a href='function.fopen'>function.fopen</a>]: failed to open stream: No such file or directory in file C:\wamp\www\AstridV1\gestion\ajax\DefaultAjax.php on line 189
26/11/2012 14:00|- >> UNKNOWN : FwkErrorHandler 0 - fopen(web/files/2012-11-26_export_annonce.csv) [<a href='function.fopen'>function.fopen</a>]: failed to open stream: No such file or directory in file C:\wamp\www\AstridV1\lib\Core\AjaxManager.php on line 48
26/11/2012 14:00|- >> Warning : FwkErrorHandler 2 - fopen(web/files/2012-11-26_export_annonce.csv) [<a href='function.fopen'>function.fopen</a>]: failed to open stream: No such file or directory in file C:\wamp\www\AstridV1\gestion\ajax\DefaultAjax.php on line 189
26/11/2012 14:00|- >> UNKNOWN : FwkErrorHandler 0 - fopen(web/files/2012-11-26_export_annonce.csv) [<a href='function.fopen'>function.fopen</a>]: failed to open stream: No such file or directory in file C:\wamp\www\AstridV1\lib\Core\AjaxManager.php on line 48
26/11/2012 14:00|- >> Warning : FwkErrorHandler 2 - fopen(web/files/2012-11-26_export_annonce.csv) [<a href='function.fopen'>function.fopen</a>]: failed to open stream: No such file or directory in file C:\wamp\www\AstridV1\gestion\ajax\DefaultAjax.php on line 189
26/11/2012 14:00|- >> UNKNOWN : FwkErrorHandler 0 - fopen(web/files/2012-11-26_export_annonce.csv) [<a href='function.fopen'>function.fopen</a>]: failed to open stream: No such file or directory in file C:\wamp\www\AstridV1\lib\Core\AjaxManager.php on line 48
26/11/2012 14:00|- >> Warning : FwkErrorHandler 2 - fopen(web/files/2012-11-26_export_annonce.csv) [<a href='function.fopen'>function.fopen</a>]: failed to open stream: No such file or directory in file C:\wamp\www\AstridV1\gestion\ajax\DefaultAjax.php on line 189
26/11/2012 14:00|- >> UNKNOWN : FwkErrorHandler 0 - fopen(web/files/2012-11-26_export_annonce.csv) [<a href='function.fopen'>function.fopen</a>]: failed to open stream: No such file or directory in file C:\wamp\www\AstridV1\lib\Core\AjaxManager.php on line 48
26/11/2012 14:37|- >> Notice : FwkErrorHandler 8 - Undefined variable: class in file C:\wamp\www\AstridV1\lib\Core\FwkTable.php on line 535
26/11/2012 14:37|- >> UNKNOWN : FwkErrorHandler 0 - Undefined variable: class in file C:\wamp\www\AstridV1\lib\Core\AjaxManager.php on line 48
26/11/2012 14:38|- >> Notice : FwkErrorHandler 8 - Undefined variable: class in file C:\wamp\www\AstridV1\lib\Core\FwkTable.php on line 535
26/11/2012 14:38|- >> UNKNOWN : FwkErrorHandler 0 - Undefined variable: class in file C:\wamp\www\AstridV1\lib\Core\AjaxManager.php on line 48
26/11/2012 14:41|- >> Notice : FwkErrorHandler 8 - Undefined index: sort in file C:\wamp\www\AstridV1\lib\Core\FwkTable.php on line 591
26/11/2012 14:41|- >> UNKNOWN : FwkErrorHandler 0 - Undefined index: sort in file C:\wamp\www\AstridV1\lib\Core\AjaxManager.php on line 48
26/11/2012 17:54|- >> UNKNOWN : FwkErrorHandler 0 - SQLSTATE[23000]: Integrity constraint violation: 1062 Duplicate entry 'florian.mithieux@gmail.com' for key 'UNIQ_9E5E6CADE7927C74' in file C:\wamp\www\AstridV1\lib\Core\AjaxManager.php on line 48
26/11/2012 17:55|- >> UNKNOWN : FwkErrorHandler 0 - SQLSTATE[23000]: Integrity constraint violation: 1062 Duplicate entry 'florian.mithieux@gmail.com' for key 'UNIQ_9E5E6CADE7927C74' in file C:\wamp\www\AstridV1\lib\Core\AjaxManager.php on line 48
26/11/2012 17:55|- >> UNKNOWN : FwkErrorHandler 0 - SQLSTATE[23000]: Integrity constraint violation: 1062 Duplicate entry 'florian.mithieux@gmail.com' for key 'UNIQ_9E5E6CADE7927C74' in file C:\wamp\www\AstridV1\lib\Core\AjaxManager.php on line 48
26/11/2012 18:00|- >> UNKNOWN : FwkErrorHandler 0 - SQLSTATE[23000]: Integrity constraint violation: 1062 Duplicate entry 'florian.mithieux@gmail.com' for key 'UNIQ_9E5E6CADE7927C74' in file C:\wamp\www\AstridV1\lib\Core\AjaxManager.php on line 48
26/11/2012 18:02|- >> UNKNOWN : FwkErrorHandler 0 - SQLSTATE[23000]: Integrity constraint violation: 1062 Duplicate entry 'florian.mithieux@gmail.com' for key 'UNIQ_9E5E6CADE7927C74' in file C:\wamp\www\AstridV1\lib\Core\AjaxManager.php on line 48
26/11/2012 18:03|- >> UNKNOWN : FwkErrorHandler 0 - SQLSTATE[23000]: Integrity constraint violation: 1062 Duplicate entry 'florian.mithieux@gmail.com' for key 'UNIQ_9E5E6CADE7927C74' in file C:\wamp\www\AstridV1\lib\Core\AjaxManager.php on line 48
26/11/2012 18:03|- >> UNKNOWN : FwkErrorHandler 0 - SQLSTATE[23000]: Integrity constraint violation: 1062 Duplicate entry 'florian.mithieux@gmail.com' for key 'UNIQ_9E5E6CADE7927C74' in file C:\wamp\www\AstridV1\lib\Core\AjaxManager.php on line 48
26/11/2012 18:07|- >> UNKNOWN : FwkErrorHandler 0 - SQLSTATE[23000]: Integrity constraint violation: 1062 Duplicate entry 'florian.mithieux@gmail.com' for key 'UNIQ_9E5E6CADE7927C74' in file C:\wamp\www\AstridV1\lib\Core\AjaxManager.php on line 48
26/11/2012 18:07|- >> UNKNOWN : FwkErrorHandler 0 - SQLSTATE[23000]: Integrity constraint violation: 1062 Duplicate entry 'florian.mithieux@gmail.com' for key 'UNIQ_9E5E6CADE7927C74' in file C:\wamp\www\AstridV1\lib\Core\AjaxManager.php on line 48
26/11/2012 18:10|- >> Notice : FwkErrorHandler 8 - Undefined variable: client in file C:\wamp\www\AstridV1\gestion\ajax\AstridAjax.php on line 98
26/11/2012 18:10|- >> UNKNOWN : FwkErrorHandler 0 - Undefined variable: client in file C:\wamp\www\AstridV1\lib\Core\AjaxManager.php on line 48
26/11/2012 18:11|- >> UNKNOWN : FwkErrorHandler 0 - SQLSTATE[23000]: Integrity constraint violation: 1062 Duplicate entry 'florian.mithieux@gmail.com' for key 'UNIQ_9E5E6CADE7927C74' in file C:\wamp\www\AstridV1\lib\Core\AjaxManager.php on line 48
26/11/2012 18:14|- >> UNKNOWN : FwkErrorHandler 0 - SQLSTATE[23000]: Integrity constraint violation: 1062 Duplicate entry 'florian.mithieux@gmail.com' for key 'UNIQ_9E5E6CADE7927C74' in file C:\wamp\www\AstridV1\lib\Core\AjaxManager.php on line 48
26/11/2012 18:14|- >> UNKNOWN : FwkErrorHandler 0 - SQLSTATE[23000]: Integrity constraint violation: 1062 Duplicate entry 'florian.mithieux@gmail.com' for key 'UNIQ_9E5E6CADE7927C74' in file C:\wamp\www\AstridV1\lib\Core\AjaxManager.php on line 48
26/11/2012 18:14|- >> Notice : FwkErrorHandler 8 - Undefined variable: client in file C:\wamp\www\AstridV1\gestion\ajax\AstridAjax.php on line 98
26/11/2012 18:14|- >> UNKNOWN : FwkErrorHandler 0 - Undefined variable: client in file C:\wamp\www\AstridV1\lib\Core\AjaxManager.php on line 48
26/11/2012 18:15|- >> UNKNOWN : FwkErrorHandler 0 - SQLSTATE[23000]: Integrity constraint violation: 1062 Duplicate entry 'florian.mithieux@gmail.com' for key 'UNIQ_9E5E6CADE7927C74' in file C:\wamp\www\AstridV1\lib\Core\AjaxManager.php on line 48
26/11/2012 18:21|- >> UNKNOWN : FwkErrorHandler 0 - SQLSTATE[23000]: Integrity constraint violation: 1062 Duplicate entry 'florian.mithieux@gmail.com' for key 'UNIQ_9E5E6CADE7927C74' in file C:\wamp\www\AstridV1\lib\Core\AjaxManager.php on line 48
26/11/2012 18:21|- >> UNKNOWN : FwkErrorHandler 0 - SQLSTATE[23000]: Integrity constraint violation: 1062 Duplicate entry 'florian.mithieux@gmail.com' for key 'UNIQ_9E5E6CADE7927C74' in file C:\wamp\www\AstridV1\lib\Core\AjaxManager.php on line 48
26/11/2012 18:21|- >> UNKNOWN : FwkErrorHandler 0 - SQLSTATE[23000]: Integrity constraint violation: 1062 Duplicate entry 'florian.mithieux@gmail.com' for key 'UNIQ_9E5E6CADE7927C74' in file C:\wamp\www\AstridV1\lib\Core\AjaxManager.php on line 48
26/11/2012 18:21|- >> UNKNOWN : FwkErrorHandler 0 - SQLSTATE[23000]: Integrity constraint violation: 1062 Duplicate entry 'florian.mithieux@gmail.com' for key 'UNIQ_9E5E6CADE7927C74' in file C:\wamp\www\AstridV1\lib\Core\AjaxManager.php on line 48
26/11/2012 18:21|- >> UNKNOWN : FwkErrorHandler 0 - SQLSTATE[23000]: Integrity constraint violation: 1062 Duplicate entry 'florian.mithieux@gmail.com' for key 'UNIQ_9E5E6CADE7927C74' in file C:\wamp\www\AstridV1\lib\Core\AjaxManager.php on line 48
26/11/2012 18:21|- >> UNKNOWN : FwkErrorHandler 0 - SQLSTATE[23000]: Integrity constraint violation: 1062 Duplicate entry 'florian.mithieux@gmail.com' for key 'UNIQ_9E5E6CADE7927C74' in file C:\wamp\www\AstridV1\lib\Core\AjaxManager.php on line 48
26/11/2012 18:22|- >> UNKNOWN : FwkErrorHandler 0 - SQLSTATE[23000]: Integrity constraint violation: 1062 Duplicate entry 'florian.mithieux@gmail.com' for key 'UNIQ_9E5E6CADE7927C74' in file C:\wamp\www\AstridV1\lib\Core\AjaxManager.php on line 48
26/11/2012 18:23|- >> UNKNOWN : FwkErrorHandler 0 - SQLSTATE[23000]: Integrity constraint violation: 1062 Duplicate entry 'florian.mithieux@gmail.com' for key 'UNIQ_9E5E6CADE7927C74' in file C:\wamp\www\AstridV1\lib\Core\AjaxManager.php on line 48
26/11/2012 18:23|- >> UNKNOWN : FwkErrorHandler 0 - SQLSTATE[23000]: Integrity constraint violation: 1062 Duplicate entry 'florian.mithieux@gmail.com' for key 'UNIQ_9E5E6CADE7927C74' in file C:\wamp\www\AstridV1\lib\Core\AjaxManager.php on line 48
26/11/2012 18:24|- >> UNKNOWN : FwkErrorHandler 0 - SQLSTATE[23000]: Integrity constraint violation: 1062 Duplicate entry 'florian.mithieux@gmail.com' for key 'UNIQ_9E5E6CADE7927C74' in file C:\wamp\www\AstridV1\lib\Core\AjaxManager.php on line 48
26/11/2012 18:24|- >> UNKNOWN : FwkErrorHandler 0 - SQLSTATE[23000]: Integrity constraint violation: 1062 Duplicate entry 'florian.mithieux@gmail.com' for key 'UNIQ_9E5E6CADE7927C74' in file C:\wamp\www\AstridV1\lib\Core\AjaxManager.php on line 48
26/11/2012 18:26|- >> UNKNOWN : FwkErrorHandler 0 - SQLSTATE[23000]: Integrity constraint violation: 1062 Duplicate entry 'florian.mithieux@gmail.com' for key 'UNIQ_9E5E6CADE7927C74' in file C:\wamp\www\AstridV1\lib\Core\AjaxManager.php on line 48
26/11/2012 18:26|- >> UNKNOWN : FwkErrorHandler 0 - SQLSTATE[23000]: Integrity constraint violation: 1062 Duplicate entry 'florian.mithieux@gmail.com' for key 'UNIQ_9E5E6CADE7927C74' in file C:\wamp\www\AstridV1\lib\Core\AjaxManager.php on line 48
26/11/2012 18:26|- >> Notice : FwkErrorHandler 8 - Undefined variable: client in file C:\wamp\www\AstridV1\gestion\ajax\AstridAjax.php on line 98
26/11/2012 18:26|- >> UNKNOWN : FwkErrorHandler 0 - Undefined variable: client in file C:\wamp\www\AstridV1\lib\Core\AjaxManager.php on line 48
26/11/2012 18:27|- >> UNKNOWN : FwkErrorHandler 0 - SQLSTATE[23000]: Integrity constraint violation: 1062 Duplicate entry 'florian.mithieux@gmail.com' for key 'UNIQ_9E5E6CADE7927C74' in file C:\wamp\www\AstridV1\lib\Core\AjaxManager.php on line 48
26/11/2012 18:28|- >> UNKNOWN : FwkErrorHandler 0 - SQLSTATE[23000]: Integrity constraint violation: 1062 Duplicate entry 'florian.mithieux@gmail.com' for key 'UNIQ_9E5E6CADE7927C74' in file C:\wamp\www\AstridV1\lib\Core\AjaxManager.php on line 48
26/11/2012 18:28|- >> UNKNOWN : FwkErrorHandler 0 - SQLSTATE[23000]: Integrity constraint violation: 1062 Duplicate entry 'florian.mithieux@gmail.com' for key 'UNIQ_9E5E6CADE7927C74' in file C:\wamp\www\AstridV1\lib\Core\AjaxManager.php on line 48
26/11/2012 18:29|- >> UNKNOWN : FwkErrorHandler 0 - SQLSTATE[23000]: Integrity constraint violation: 1062 Duplicate entry 'florian.mithieux@gmail.com' for key 'UNIQ_9E5E6CADE7927C74' in file C:\wamp\www\AstridV1\lib\Core\AjaxManager.php on line 48
