25/11/2012 10:30|Florian M. >> UNKNOWN : FwkErrorHandler 0 - Exception : Le controller appelé : "AstridController" ne possède pas de méthode qui a pour nom webController in file C:\wamp\www\AstridV1\lib\Core\ControllerManager.php on line 45
25/11/2012 10:30|Florian M. >> UNKNOWN : FwkErrorHandler 0 - Exception : Le controller appelé : "AstridController" ne possède pas de méthode qui a pour nom webController in file C:\wamp\www\AstridV1\lib\Core\ControllerManager.php on line 45
25/11/2012 10:30|Florian M. >> UNKNOWN : FwkErrorHandler 0 - Exception : Le controller appelé : "AstridController" ne possède pas de méthode qui a pour nom webController in file C:\wamp\www\AstridV1\lib\Core\ControllerManager.php on line 45
25/11/2012 10:30|Florian M. >> UNKNOWN : FwkErrorHandler 0 - Exception : Le controller appelé : "AstridController" ne possède pas de méthode qui a pour nom webController in file C:\wamp\www\AstridV1\lib\Core\ControllerManager.php on line 45
25/11/2012 10:30|Florian M. >> UNKNOWN : FwkErrorHandler 0 - Exception : Le controller appelé : "AstridController" ne possède pas de méthode qui a pour nom webController in file C:\wamp\www\AstridV1\lib\Core\ControllerManager.php on line 45
25/11/2012 10:30|Florian M. >> UNKNOWN : FwkErrorHandler 0 - Exception : Le controller appelé : "AstridController" ne possède pas de méthode qui a pour nom webController in file C:\wamp\www\AstridV1\lib\Core\ControllerManager.php on line 45
25/11/2012 10:30|Florian M. >> UNKNOWN : FwkErrorHandler 0 - Exception : Le controller appelé : "AstridController" ne possède pas de méthode qui a pour nom webController in file C:\wamp\www\AstridV1\lib\Core\ControllerManager.php on line 45
25/11/2012 10:30|Florian M. >> UNKNOWN : FwkErrorHandler 0 - Exception : Le controller appelé : "AstridController" ne possède pas de méthode qui a pour nom webController in file C:\wamp\www\AstridV1\lib\Core\ControllerManager.php on line 45
25/11/2012 10:30|Florian M. >> UNKNOWN : FwkErrorHandler 0 - Exception : Le controller appelé : "AstridController" ne possède pas de méthode qui a pour nom webController in file C:\wamp\www\AstridV1\lib\Core\ControllerManager.php on line 45
25/11/2012 10:30|Florian M. >> UNKNOWN : FwkErrorHandler 0 - Exception : Le controller appelé : "AstridController" ne possède pas de méthode qui a pour nom webController in file C:\wamp\www\AstridV1\lib\Core\ControllerManager.php on line 45
25/11/2012 10:30|Florian M. >> UNKNOWN : FwkErrorHandler 0 - Exception : Le controller appelé : "AstridController" ne possède pas de méthode qui a pour nom webController in file C:\wamp\www\AstridV1\lib\Core\ControllerManager.php on line 45
25/11/2012 10:30|Florian M. >> UNKNOWN : FwkErrorHandler 0 - Exception : Le controller appelé : "AstridController" ne possède pas de méthode qui a pour nom webController in file C:\wamp\www\AstridV1\lib\Core\ControllerManager.php on line 45
25/11/2012 11:03|- >> Warning : FwkErrorHandler 2 - spl_object_hash() expects parameter 1 to be object, string given in file C:\wamp\www\AstridV1\lib\Doctrine\Doctrine\ORM\UnitOfWork.php on line 1318
25/11/2012 11:03|- >> UNKNOWN : FwkErrorHandler 0 - spl_object_hash() expects parameter 1 to be object, string given in file C:\wamp\www\AstridV1\lib\Core\AjaxManager.php on line 48
25/11/2012 11:04|- >> Warning : FwkErrorHandler 2 - spl_object_hash() expects parameter 1 to be object, string given in file C:\wamp\www\AstridV1\lib\Doctrine\Doctrine\ORM\UnitOfWork.php on line 1318
25/11/2012 11:04|- >> UNKNOWN : FwkErrorHandler 0 - spl_object_hash() expects parameter 1 to be object, string given in file C:\wamp\www\AstridV1\lib\Core\AjaxManager.php on line 48
25/11/2012 11:12|- >> UNKNOWN : FwkErrorHandler 0 - [Semantical Error] line 0, col 56 near 'q ORDER BY q.nom': Error: Class Entities\Annonce has no association named dateDepot in file C:\wamp\www\AstridV1\lib\Core\AjaxManager.php on line 48
25/11/2012 15:29|Florian M. >> UNKNOWN : FwkErrorHandler 42S02 - SQLSTATE[42S02]: Base table or view not found: 1146 Table 'astrid.db_livre_or' doesn't exist in file C:\wamp\www\AstridV1\lib\Doctrine\Doctrine\DBAL\Connection.php on line 633
25/11/2012 15:31|- >> UNKNOWN : FwkErrorHandler 0 - Exception : Le controller appelé : "AstridAjax" ne possède pas de méthode qui a pour nom livreOrGestionController in file C:\wamp\www\AstridV1\lib\Core\AjaxManager.php on line 48
25/11/2012 15:51|Florian M. >> Recoverable Error : FwkErrorHandler 4096 - Argument 1 passed to Entities\LivreOrRepository::getTexteCutted() must be an instance of Entities\LivreOr, string given, called in C:\wamp\www\AstridV1\lib\Core\FwkTable.php on line 328 and defined in file C:\wamp\www\AstridV1\lib\Entities\LivreOrRepository.php on line 15
25/11/2012 15:51|Florian M. >> UNKNOWN : FwkErrorHandler 0 - Argument 1 passed to Entities\LivreOrRepository::getTexteCutted() must be an instance of Entities\LivreOr, string given, called in C:\wamp\www\AstridV1\lib\Core\FwkTable.php on line 328 and defined in file C:\wamp\www\AstridV1\lib\Entities\LivreOrRepository.php on line 15
25/11/2012 15:58|Florian M. >> Warning : FwkErrorHandler 2 - Missing argument 2 for FwkUtils::couperTexte(), called in C:\wamp\www\AstridV1\lib\Entities\LivreOrRepository.php on line 19 and defined in file C:\wamp\www\AstridV1\lib\Utils\FwkUtils.php on line 631
25/11/2012 15:58|Florian M. >> UNKNOWN : FwkErrorHandler 0 - Missing argument 2 for FwkUtils::couperTexte(), called in C:\wamp\www\AstridV1\lib\Entities\LivreOrRepository.php on line 19 and defined in file C:\wamp\www\AstridV1\lib\Utils\FwkUtils.php on line 631
25/11/2012 15:58|Florian M. >> Warning : FwkErrorHandler 2 - wordwrap() expects parameter 2 to be long, string given in file C:\wamp\www\AstridV1\lib\Utils\FwkUtils.php on line 637
25/11/2012 15:58|Florian M. >> UNKNOWN : FwkErrorHandler 0 - wordwrap() expects parameter 2 to be long, string given in file C:\wamp\www\AstridV1\lib\Utils\FwkUtils.php on line 637
25/11/2012 15:59|- >> UNKNOWN : FwkErrorHandler 0 - [Semantical Error] line 0, col 52 near 'q ORDER BY q.texte': Error: Class Entities\LivreOr has no association named texte in file C:\wamp\www\AstridV1\lib\Core\AjaxManager.php on line 48
25/11/2012 15:59|- >> UNKNOWN : FwkErrorHandler 0 - [Semantical Error] line 0, col 52 near 'q ORDER BY q.texte': Error: Class Entities\LivreOr has no association named texte in file C:\wamp\www\AstridV1\lib\Core\AjaxManager.php on line 48
25/11/2012 16:04|Florian M. >> Notice : FwkErrorHandler 8 - Undefined variable: getter in file C:\wamp\www\AstridV1\lib\Core\FwkTable.php on line 327
25/11/2012 16:05|Florian M. >> Warning : FwkErrorHandler 2 - method_exists() expects exactly 2 parameters, 1 given in file C:\wamp\www\AstridV1\lib\Core\FwkTable.php on line 328
25/11/2012 16:05|Florian M. >> UNKNOWN : FwkErrorHandler 0 - method_exists() expects exactly 2 parameters, 1 given in file C:\wamp\www\AstridV1\lib\Core\FwkTable.php on line 328
25/11/2012 16:06|Florian M. >> Recoverable Error : FwkErrorHandler 4096 - Argument 1 passed to Entities\ClientRepository::getTableNameFirstName() must be an instance of Entities\Client, instance of Entities\LivreOr given, called in C:\wamp\www\AstridV1\lib\Core\FwkTable.php on line 329 and defined in file C:\wamp\www\AstridV1\lib\Entities\ClientRepository.php on line 15
25/11/2012 16:06|Florian M. >> UNKNOWN : FwkErrorHandler 0 - Argument 1 passed to Entities\ClientRepository::getTableNameFirstName() must be an instance of Entities\Client, instance of Entities\LivreOr given, called in C:\wamp\www\AstridV1\lib\Core\FwkTable.php on line 329 and defined in file C:\wamp\www\AstridV1\lib\Entities\ClientRepository.php on line 15
25/11/2012 16:10|- >> UNKNOWN : FwkErrorHandler 0 - [Semantical Error] line 0, col 54 near 'q ORDER BY q.texte': Error: Class Entities\LivreOr has no association named livreOr in file C:\wamp\www\AstridV1\lib\Core\AjaxManager.php on line 48
25/11/2012 16:10|- >> UNKNOWN : FwkErrorHandler 0 - [Semantical Error] line 0, col 54 near 'q ORDER BY q.texte': Error: Class Entities\LivreOr has no association named livreOr in file C:\wamp\www\AstridV1\lib\Core\AjaxManager.php on line 48
25/11/2012 16:11|- >> UNKNOWN : FwkErrorHandler 0 - [Semantical Error] line 0, col 54 near 'q ORDER BY q.texte': Error: Class Entities\LivreOr has no association named livreOr in file C:\wamp\www\AstridV1\lib\Core\AjaxManager.php on line 48
25/11/2012 16:12|- >> UNKNOWN : FwkErrorHandler 0 - [Semantical Error] line 0, col 54 near 'q ORDER BY q.texte': Error: Class Entities\LivreOr has no association named livreOr in file C:\wamp\www\AstridV1\lib\Core\AjaxManager.php on line 48
25/11/2012 16:13|- >> UNKNOWN : FwkErrorHandler 0 - [Semantical Error] line 0, col 44 near 'livreOr ASC': Error: Class Entities\LivreOr has no field or association named livreOr in file C:\wamp\www\AstridV1\lib\Core\AjaxManager.php on line 48
25/11/2012 16:15|Florian M. >> Notice : FwkErrorHandler 8 - Undefined variable: oneMethod in file C:\wamp\www\AstridV1\lib\Core\FwkTable.php on line 251
25/11/2012 16:15|Florian M. >> UNKNOWN : FwkErrorHandler 0 - Undefined variable: oneMethod in file C:\wamp\www\AstridV1\lib\Core\FwkTable.php on line 251
25/11/2012 16:16|Florian M. >> Notice : FwkErrorHandler 8 - Undefined variable: class in file C:\wamp\www\AstridV1\lib\Core\FwkTable.php on line 251
25/11/2012 16:16|Florian M. >> UNKNOWN : FwkErrorHandler 0 - Undefined variable: class in file C:\wamp\www\AstridV1\lib\Core\FwkTable.php on line 251
25/11/2012 16:18|Florian M. >> Notice : FwkErrorHandler 8 - Undefined offset: 0 in file C:\wamp\www\AstridV1\lib\Core\FwkTable.php on line 249
25/11/2012 16:18|Florian M. >> UNKNOWN : FwkErrorHandler 0 - Undefined offset: 0 in file C:\wamp\www\AstridV1\lib\Core\FwkTable.php on line 249
25/11/2012 16:18|Florian M. >> Notice : FwkErrorHandler 8 - Undefined index: class in file C:\wamp\www\AstridV1\lib\Core\FwkTable.php on line 249
25/11/2012 16:18|Florian M. >> UNKNOWN : FwkErrorHandler 0 - Undefined index: class in file C:\wamp\www\AstridV1\lib\Core\FwkTable.php on line 249
25/11/2012 16:22|Florian M. >> Notice : FwkErrorHandler 8 - Undefined variable: firstValue in file C:\wamp\www\AstridV1\lib\Core\FwkTable.php on line 237
25/11/2012 16:22|Florian M. >> UNKNOWN : FwkErrorHandler 0 - Undefined variable: firstValue in file C:\wamp\www\AstridV1\lib\Core\FwkTable.php on line 237
