11:25:00 | 8 mb | Florian M. >> Le fichier : /AstridV1/web/lib/css/default.css n'existe pas.
11:25:00 | 8 mb | Florian M. >> Le fichier : /AstridV1/web/lib/css/pascal.css n'existe pas.
11:25:00 | 8 mb | Florian M. >> Le fichier : /AstridV1/web/lib/css/orman.css n'existe pas.
11:25:24 | 8 mb | Florian M. >> Le fichier : /AstridV1/mode-pret-a-porter/web/lib/js/jquery.js n'existe pas.
11:25:24 | 8 mb | Florian M. >> Le fichier : /AstridV1/mode-pret-a-porter/web/lib/js/jquery-ui.js n'existe pas.
11:25:24 | 8 mb | Florian M. >> Le fichier : /AstridV1/mode-pret-a-porter/web/lib/js/jquery.ad-gallery.js n'existe pas.
11:25:24 | 8 mb | Florian M. >> Le fichier : /AstridV1/mode-pret-a-porter/web/lib/js/jquery.nivo.slider.js n'existe pas.
11:25:24 | 8 mb | Florian M. >> Le fichier : /AstridV1/mode-pret-a-porter/web/images/logo_01.png n'existe pas.
11:25:24 | 8 mb | Florian M. >> Le fichier : /AstridV1/mode-pret-a-porter/web/images/contact_03.png n'existe pas.
11:25:24 | 8 mb | Florian M. >> Le fichier : /AstridV1/mode-pret-a-porter/web/images/telephone_03.png n'existe pas.
11:25:24 | 8 mb | Florian M. >> Le fichier : /AstridV1/mode-pret-a-porter/web/images/wordpress_03.png n'existe pas.
11:25:25 | 8 mb | Florian M. >> Le fichier : /AstridV1/mode-pret-a-porter/web/images/twitter_03.png n'existe pas.
11:25:25 | 8 mb | Florian M. >> Le fichier : /AstridV1/mode-pret-a-porter/web/images/fb_03.png n'existe pas.
11:25:25 | 8 mb | Florian M. >> Le fichier : /AstridV1/mode-pret-a-porter/web/images/marques_09.png n'existe pas.
11:25:25 | 8 mb | Florian M. >> Le fichier : /AstridV1/mode-pret-a-porter/web/images/produits_12.png n'existe pas.
11:25:25 | 8 mb | Florian M. >> Le fichier : /AstridV1/mode-pret-a-porter/web/images/exclus_14.png n'existe pas.
11:25:25 | 8 mb | Florian M. >> Le fichier : /AstridV1/mode-pret-a-porter/web/images/nouveaute1_24.png n'existe pas.
11:25:25 | 8 mb | Florian M. >> Le fichier : /AstridV1/mode-pret-a-porter/web/images/actus_20.png n'existe pas.
11:25:25 | 8 mb | Florian M. >> Le fichier : /AstridV1/mode-pret-a-porter/web/images/contact_20.png n'existe pas.
11:25:25 | 8 mb | Florian M. >> Le fichier : /AstridV1/mode-pret-a-porter/web/images/historique_01_30.jpg n'existe pas.
11:25:25 | 8 mb | Florian M. >> Le fichier : /AstridV1/mode-pret-a-porter/web/images/historique_02_36.jpg n'existe pas.
11:25:25 | 8 mb | Florian M. >> Le fichier : /AstridV1/mode-pret-a-porter/web/images/historique_03_32.jpg n'existe pas.
11:25:25 | 8 mb | Florian M. >> Le fichier : /AstridV1/mode-pret-a-porter/web/images/retour_03.jpg n'existe pas.
11:25:25 | 8 mb | Florian M. >> Le fichier : /AstridV1/mode-pret-a-porter/web/images/logo_07.jpg n'existe pas.
11:25:25 | 8 mb | Florian M. >> Le fichier : /AstridV1/mode-pret-a-porter/web/images/visuel_produit_07.jpg n'existe pas.
11:25:26 | 8 mb | Florian M. >> Le fichier : /AstridV1/mode-pret-a-porter/web/images/info_produit_03.jpg n'existe pas.
11:25:26 | 8 mb | Florian M. >> Le fichier : /AstridV1/mode-pret-a-porter/web/images/calendrier.png n'existe pas.
11:25:26 | 8 mb | Florian M. >> Le fichier : /AstridV1/mode-pret-a-porter/web/images/bulles_log_23.png n'existe pas.
11:25:26 | 8 mb | Florian M. >> Le fichier : /AstridV1/mode-pret-a-porter/web/images/megaphone.png n'existe pas.
11:25:26 | 8 mb | Florian M. >> Le fichier : /AstridV1/mode-pret-a-porter/web/images/cle_29.png n'existe pas.
11:25:26 | 8 mb | Florian M. >> Le fichier : /AstridV1/mode-pret-a-porter/web/images/blocnote.png n'existe pas.
11:25:26 | 8 mb | Florian M. >> Le fichier : /AstridV1/mode-pret-a-porter/web/images/lien.png n'existe pas.
11:25:28 | 8 mb | Florian M. >> Le fichier : /AstridV1/mode-pret-a-porter/web/css/style.css n'existe pas.
11:25:28 | 8 mb | Florian M. >> Le fichier : /AstridV1/mode-pret-a-porter/web/lib/css/jquery.ad-gallery.css n'existe pas.
11:25:28 | 8 mb | Florian M. >> Le fichier : /AstridV1/mode-pret-a-porter/web/lib/css/flora.accordion.css n'existe pas.
11:25:28 | 8 mb | Florian M. >> Le fichier : /AstridV1/mode-pret-a-porter/web/lib/css/smoothness/jquery-ui-1.8.16.custom.css n'existe pas.
11:25:29 | 8 mb | Florian M. >> Le fichier : /AstridV1/mode-pret-a-porter/web/images/logo_01.png n'existe pas.
11:25:29 | 8 mb | Florian M. >> Le fichier : /AstridV1/mode-pret-a-porter/web/images/contact_03.png n'existe pas.
11:25:29 | 8 mb | Florian M. >> Le fichier : /AstridV1/mode-pret-a-porter/web/images/telephone_03.png n'existe pas.
11:25:29 | 8 mb | Florian M. >> Le fichier : /AstridV1/mode-pret-a-porter/web/images/wordpress_03.png n'existe pas.
11:25:29 | 8 mb | Florian M. >> Le fichier : /AstridV1/mode-pret-a-porter/web/images/twitter_03.png n'existe pas.
11:25:29 | 8 mb | Florian M. >> Le fichier : /AstridV1/mode-pret-a-porter/web/images/fb_03.png n'existe pas.
11:25:29 | 8 mb | Florian M. >> Le fichier : /AstridV1/mode-pret-a-porter/web/images/marques_09.png n'existe pas.
11:25:29 | 8 mb | Florian M. >> Le fichier : /AstridV1/mode-pret-a-porter/web/images/produits_12.png n'existe pas.
11:25:29 | 8 mb | Florian M. >> Le fichier : /AstridV1/mode-pret-a-porter/web/images/exclus_14.png n'existe pas.
11:25:29 | 8 mb | Florian M. >> Le fichier : /AstridV1/mode-pret-a-porter/web/images/nouveaute1_24.png n'existe pas.
11:25:29 | 8 mb | Florian M. >> Le fichier : /AstridV1/mode-pret-a-porter/web/images/actus_20.png n'existe pas.
11:25:29 | 8 mb | Florian M. >> Le fichier : /AstridV1/mode-pret-a-porter/web/images/contact_20.png n'existe pas.
11:25:29 | 8 mb | Florian M. >> Le fichier : /AstridV1/mode-pret-a-porter/web/images/contact_seri_03.jpg n'existe pas.
11:25:29 | 8 mb | Florian M. >> Le fichier : /AstridV1/mode-pret-a-porter/web/images/historique_01_30.jpg n'existe pas.
11:25:30 | 8 mb | Florian M. >> Le fichier : /AstridV1/mode-pret-a-porter/web/images/historique_02_36.jpg n'existe pas.
11:25:30 | 8 mb | Florian M. >> Le fichier : /AstridV1/mode-pret-a-porter/web/images/historique_03_32.jpg n'existe pas.
11:25:30 | 8 mb | Florian M. >> Le fichier : /AstridV1/mode-pret-a-porter/web/images/retour_03.jpg n'existe pas.
11:25:30 | 8 mb | Florian M. >> Le fichier : /AstridV1/mode-pret-a-porter/web/images/t1.jpg n'existe pas.
11:25:30 | 8 mb | Florian M. >> Le fichier : /AstridV1/mode-pret-a-porter/web/images/t10.jpg n'existe pas.
11:25:30 | 8 mb | Florian M. >> Le fichier : /AstridV1/mode-pret-a-porter/web/images/t11.jpg n'existe pas.
11:25:30 | 8 mb | Florian M. >> Le fichier : /AstridV1/mode-pret-a-porter/web/images/t12.jpg n'existe pas.
11:25:30 | 8 mb | Florian M. >> Le fichier : /AstridV1/mode-pret-a-porter/web/images/t4.jpg n'existe pas.
11:25:30 | 8 mb | Florian M. >> Le fichier : /AstridV1/mode-pret-a-porter/web/images/t5.jpg n'existe pas.
11:25:30 | 8 mb | Florian M. >> Le fichier : /AstridV1/mode-pret-a-porter/web/images/t6.jpg n'existe pas.
11:25:30 | 8 mb | Florian M. >> Le fichier : /AstridV1/mode-pret-a-porter/web/images/visuel_produit_07.jpg n'existe pas.
11:25:30 | 8 mb | Florian M. >> Le fichier : /AstridV1/mode-pret-a-porter/web/images/calendrier.png n'existe pas.
11:25:30 | 8 mb | Florian M. >> Le fichier : /AstridV1/mode-pret-a-porter/web/images/bulles_log_23.png n'existe pas.
11:25:30 | 8 mb | Florian M. >> Le fichier : /AstridV1/mode-pret-a-porter/web/images/megaphone.png n'existe pas.
11:25:30 | 8 mb | Florian M. >> Le fichier : /AstridV1/mode-pret-a-porter/web/images/cle_29.png n'existe pas.
11:25:30 | 8 mb | Florian M. >> Le fichier : /AstridV1/mode-pret-a-porter/web/images/blocnote.png n'existe pas.
11:25:30 | 8 mb | Florian M. >> Le fichier : /AstridV1/mode-pret-a-porter/web/images/lien.png n'existe pas.
11:25:30 | 8 mb | Florian M. >> Le fichier : /AstridV1/web/lib/css/trans.gif n'existe pas.
11:25:30 | 8 mb | Florian M. >> Le fichier : /AstridV1/web/lib/images/ad_next.png n'existe pas.
11:25:30 | 8 mb | Florian M. >> Le fichier : /AstridV1/web/lib/images/ad_prev.png n'existe pas.
11:25:30 | 8 mb | Florian M. >> Le fichier : /AstridV1/web/lib/images/ad_scroll_back.png n'existe pas.
11:25:30 | 8 mb | Florian M. >> Le fichier : /AstridV1/web/lib/images/ad_scroll_forward.png n'existe pas.
11:25:42 | 8 mb | Florian M. >> Le fichier : /AstridV1/web/lib/css/pascal.css n'existe pas.
11:25:42 | 8 mb | Florian M. >> Le fichier : /AstridV1/web/lib/css/default.css n'existe pas.
11:25:42 | 8 mb | Florian M. >> Le fichier : /AstridV1/web/lib/css/orman.css n'existe pas.
22:41:23 | 8 mb | Florian M. >> Le fichier : /AstridV1/web/bootstrap/css/bootstrap.min.css n'existe pas.
22:41:30 | 8 mb | Florian M. >> Le fichier : /AstridV1/web/bootstrap/css/bootstrap.min.css n'existe pas.
