17:39:55 | 8 mb | Florian Mithieux >> Le fichier : /AstridV1/web/lib/css/default.css n'existe pas.
17:39:55 | 8 mb | Florian Mithieux >> Le fichier : /AstridV1/web/lib/css/pascal.css n'existe pas.
17:39:55 | 8 mb | Florian Mithieux >> Le fichier : /AstridV1/web/lib/css/orman.css n'existe pas.
17:40:18 | 8 mb | Florian Mithieux >> Le fichier : /AstridV1/mode-pret-a-porter/web/css/style.css n'existe pas.
17:40:19 | 8 mb | Florian Mithieux >> Le fichier : /AstridV1/mode-pret-a-porter/web/lib/css/smoothness/jquery-ui-1.8.16.custom.css n'existe pas.
17:40:19 | 8 mb | Florian Mithieux >> Le fichier : /AstridV1/mode-pret-a-porter/web/lib/css/jquery.ad-gallery.css n'existe pas.
17:40:19 | 8 mb | Florian Mithieux >> Le fichier : /AstridV1/mode-pret-a-porter/web/lib/css/flora.accordion.css n'existe pas.
17:40:19 | 8 mb | Florian Mithieux >> Le fichier : /AstridV1/mode-pret-a-porter/web/lib/js/jquery.js n'existe pas.
17:40:19 | 8 mb | Florian Mithieux >> Le fichier : /AstridV1/mode-pret-a-porter/web/lib/js/jquery-ui.js n'existe pas.
17:40:19 | 8 mb | Florian Mithieux >> Le fichier : /AstridV1/mode-pret-a-porter/web/lib/js/jquery.nivo.slider.js n'existe pas.
17:40:19 | 8 mb | Florian Mithieux >> Le fichier : /AstridV1/mode-pret-a-porter/web/lib/js/jquery.ad-gallery.js n'existe pas.
17:40:19 | 8 mb | Florian Mithieux >> Le fichier : /AstridV1/mode-pret-a-porter/web/images/logo_01.png n'existe pas.
17:40:19 | 8 mb | Florian Mithieux >> Le fichier : /AstridV1/mode-pret-a-porter/web/images/contact_03.png n'existe pas.
17:40:19 | 8 mb | Florian Mithieux >> Le fichier : /AstridV1/mode-pret-a-porter/web/images/telephone_03.png n'existe pas.
17:40:19 | 8 mb | Florian Mithieux >> Le fichier : /AstridV1/mode-pret-a-porter/web/images/wordpress_03.png n'existe pas.
17:40:19 | 8 mb | Florian Mithieux >> Le fichier : /AstridV1/mode-pret-a-porter/web/images/twitter_03.png n'existe pas.
17:40:20 | 8 mb | Florian Mithieux >> Le fichier : /AstridV1/mode-pret-a-porter/web/images/fb_03.png n'existe pas.
17:40:20 | 8 mb | Florian Mithieux >> Le fichier : /AstridV1/mode-pret-a-porter/web/images/marques_09.png n'existe pas.
17:40:20 | 8 mb | Florian Mithieux >> Le fichier : /AstridV1/mode-pret-a-porter/web/images/produits_12.png n'existe pas.
17:40:20 | 8 mb | Florian Mithieux >> Le fichier : /AstridV1/mode-pret-a-porter/web/images/exclus_14.png n'existe pas.
17:40:20 | 8 mb | Florian Mithieux >> Le fichier : /AstridV1/mode-pret-a-porter/web/images/nouveaute1_24.png n'existe pas.
17:40:20 | 8 mb | Florian Mithieux >> Le fichier : /AstridV1/mode-pret-a-porter/web/images/actus_20.png n'existe pas.
17:40:21 | 8 mb | Florian Mithieux >> Le fichier : /AstridV1/mode-pret-a-porter/web/images/contact_20.png n'existe pas.
17:40:21 | 8 mb | Florian Mithieux >> Le fichier : /AstridV1/mode-pret-a-porter/web/images/contact_seri_03.jpg n'existe pas.
17:40:21 | 8 mb | Florian Mithieux >> Le fichier : /AstridV1/mode-pret-a-porter/web/images/historique_01_30.jpg n'existe pas.
17:40:21 | 8 mb | Florian Mithieux >> Le fichier : /AstridV1/mode-pret-a-porter/web/images/historique_02_36.jpg n'existe pas.
17:40:21 | 8 mb | Florian Mithieux >> Le fichier : /AstridV1/mode-pret-a-porter/web/images/historique_03_32.jpg n'existe pas.
17:40:21 | 8 mb | Florian Mithieux >> Le fichier : /AstridV1/mode-pret-a-porter/web/images/retour_03.jpg n'existe pas.
17:40:21 | 8 mb | Florian Mithieux >> Le fichier : /AstridV1/mode-pret-a-porter/web/images/livre_dor_homme_03.jpg n'existe pas.
17:40:21 | 8 mb | Florian Mithieux >> Le fichier : /AstridV1/mode-pret-a-porter/web/images/livre_dor_femme_03.jpg n'existe pas.
17:40:21 | 8 mb | Florian Mithieux >> Le fichier : /AstridV1/mode-pret-a-porter/web/images/calendrier.png n'existe pas.
17:40:21 | 8 mb | Florian Mithieux >> Le fichier : /AstridV1/mode-pret-a-porter/web/images/bulles_log_23.png n'existe pas.
17:40:21 | 8 mb | Florian Mithieux >> Le fichier : /AstridV1/mode-pret-a-porter/web/images/megaphone.png n'existe pas.
17:40:21 | 8 mb | Florian Mithieux >> Le fichier : /AstridV1/mode-pret-a-porter/web/images/cle_29.png n'existe pas.
17:40:21 | 8 mb | Florian Mithieux >> Le fichier : /AstridV1/mode-pret-a-porter/web/images/blocnote.png n'existe pas.
17:40:21 | 8 mb | Florian Mithieux >> Le fichier : /AstridV1/mode-pret-a-porter/web/images/lien.png n'existe pas.
