12:09:51 | 7 mb | Florian M. >> 
    

--------------------------------------------------
              LANCEMENT DU CRON - ARCHIVAGE
--------------------------------------------------


12:09:51 | 7 mb | Florian M. >> Starting read dir ...
 
----------------------------

12:09:51 | 7 mb | Florian M. >> File : ../../logs/cron\2012-11-05.log added.
12:09:51 | 7 mb | Florian M. >> File : ../../logs/cron\2012-11-20.log added.
12:09:51 | 7 mb | Florian M. >> File : ../../logs/cron\2012-11-27.log added.
12:09:51 | 7 mb | Florian M. >> File : ../../logs/ErrorDocument\2012-11-02.log added.
12:09:51 | 7 mb | Florian M. >> File : ../../logs/ErrorDocument\2012-11-05.log added.
12:09:51 | 7 mb | Florian M. >> File : ../../logs/ErrorDocument\2012-11-15.log added.
12:09:51 | 7 mb | Florian M. >> File : ../../logs/ErrorDocument\2012-11-19.log added.
12:09:51 | 7 mb | Florian M. >> File : ../../logs/ErrorDocument\2012-11-20.log added.
12:09:51 | 7 mb | Florian M. >> File : ../../logs/ErrorDocument\2012-11-27.log added.
12:09:51 | 7 mb | Florian M. >> File : ../../logs/errors\2012-11-02.log added.
12:09:51 | 7 mb | Florian M. >> File : ../../logs/errors\2012-11-05.log added.
12:09:51 | 7 mb | Florian M. >> File : ../../logs/errors\2012-11-13.log added.
12:09:51 | 7 mb | Florian M. >> File : ../../logs/errors\2012-11-14.log added.
12:09:51 | 7 mb | Florian M. >> File : ../../logs/errors\2012-11-15.log added.
12:09:51 | 7 mb | Florian M. >> File : ../../logs/errors\2012-11-16.log added.
12:09:51 | 7 mb | Florian M. >> File : ../../logs/errors\2012-11-17.log added.
12:09:51 | 7 mb | Florian M. >> File : ../../logs/errors\2012-11-18.log added.
12:09:51 | 7 mb | Florian M. >> File : ../../logs/errors\2012-11-19.log added.
12:09:51 | 7 mb | Florian M. >> File : ../../logs/errors\2012-11-20.log added.
12:09:51 | 7 mb | Florian M. >> File : ../../logs/errors\2012-11-21.log added.
12:09:51 | 7 mb | Florian M. >> File : ../../logs/errors\2012-11-24.log added.
12:09:51 | 7 mb | Florian M. >> File : ../../logs/errors\2012-11-25.log added.
12:09:51 | 7 mb | Florian M. >> File : ../../logs/errors\2012-11-26.log added.
12:09:51 | 7 mb | Florian M. >> 

------------------------------            

 - 23 files founded.
12:09:51 | 7 mb | Florian M. >> 
            
------------------------------

 -- ARCHIVAGE DES FICHIERS --
 
------------------------------


12:09:51 | 7 mb | Florian M. >> Same month.
12:09:51 | 7 mb | Florian M. >> Same month.
12:09:51 | 7 mb | Florian M. >> Same month.
12:09:51 | 7 mb | Florian M. >> Same month.
12:09:51 | 7 mb | Florian M. >> Same month.
12:09:51 | 7 mb | Florian M. >> Same month.
12:09:51 | 7 mb | Florian M. >> Same month.
12:09:51 | 7 mb | Florian M. >> Same month.
12:09:51 | 7 mb | Florian M. >> Same month.
12:09:51 | 7 mb | Florian M. >> Same month.
12:09:51 | 7 mb | Florian M. >> Same month.
12:09:51 | 7 mb | Florian M. >> Same month.
12:09:51 | 7 mb | Florian M. >> Same month.
12:09:51 | 7 mb | Florian M. >> Same month.
12:09:51 | 7 mb | Florian M. >> Same month.
12:09:51 | 7 mb | Florian M. >> Same month.
12:09:51 | 7 mb | Florian M. >> Same month.
12:09:51 | 7 mb | Florian M. >> Same month.
12:09:51 | 7 mb | Florian M. >> Same month.
12:09:51 | 7 mb | Florian M. >> Same month.
12:09:51 | 7 mb | Florian M. >> Same month.
12:09:51 | 7 mb | Florian M. >> Same month.
12:09:51 | 7 mb | Florian M. >> Same month.
12:09:51 | 7 mb | Florian M. >> 
    

--------------------------------------------------
           CRON TERMINE AVEC SUCCES
--------------------------------------------------


12:10:27 | 7 mb | Florian M. >> 
    

--------------------------------------------------
              LANCEMENT DU CRON - ARCHIVAGE
--------------------------------------------------


12:10:27 | 7 mb | Florian M. >> Starting read dir ...
 
----------------------------

12:10:27 | 7 mb | Florian M. >> File : ../../logs/cron\2012-10-05_test.log added.
12:10:27 | 7 mb | Florian M. >> File : ../../logs/cron\2012-11-05.log added.
12:10:27 | 7 mb | Florian M. >> File : ../../logs/cron\2012-11-20.log added.
12:10:27 | 7 mb | Florian M. >> File : ../../logs/cron\2012-11-27.log added.
12:10:27 | 7 mb | Florian M. >> File : ../../logs/ErrorDocument\2012-11-02.log added.
12:10:27 | 7 mb | Florian M. >> File : ../../logs/ErrorDocument\2012-11-05.log added.
12:10:27 | 7 mb | Florian M. >> File : ../../logs/ErrorDocument\2012-11-15.log added.
12:10:27 | 7 mb | Florian M. >> File : ../../logs/ErrorDocument\2012-11-19.log added.
12:10:27 | 7 mb | Florian M. >> File : ../../logs/ErrorDocument\2012-11-20.log added.
12:10:27 | 7 mb | Florian M. >> File : ../../logs/ErrorDocument\2012-11-27.log added.
12:10:27 | 7 mb | Florian M. >> File : ../../logs/errors\2012-11-02.log added.
12:10:27 | 7 mb | Florian M. >> File : ../../logs/errors\2012-11-05.log added.
12:10:27 | 7 mb | Florian M. >> File : ../../logs/errors\2012-11-13.log added.
12:10:27 | 7 mb | Florian M. >> File : ../../logs/errors\2012-11-14.log added.
12:10:27 | 7 mb | Florian M. >> File : ../../logs/errors\2012-11-15.log added.
12:10:27 | 7 mb | Florian M. >> File : ../../logs/errors\2012-11-16.log added.
12:10:27 | 7 mb | Florian M. >> File : ../../logs/errors\2012-11-17.log added.
12:10:27 | 7 mb | Florian M. >> File : ../../logs/errors\2012-11-18.log added.
12:10:27 | 7 mb | Florian M. >> File : ../../logs/errors\2012-11-19.log added.
12:10:27 | 7 mb | Florian M. >> File : ../../logs/errors\2012-11-20.log added.
12:10:27 | 7 mb | Florian M. >> File : ../../logs/errors\2012-11-21.log added.
12:10:27 | 7 mb | Florian M. >> File : ../../logs/errors\2012-11-24.log added.
12:10:27 | 7 mb | Florian M. >> File : ../../logs/errors\2012-11-25.log added.
12:10:27 | 7 mb | Florian M. >> File : ../../logs/errors\2012-11-26.log added.
12:10:27 | 7 mb | Florian M. >> 

------------------------------            

 - 24 files founded.
12:10:27 | 7 mb | Florian M. >> 
            
------------------------------

 -- ARCHIVAGE DES FICHIERS --
 
------------------------------


12:10:27 | 7 mb | Florian M. >> Copying ../../logs/cron\2012-10-05_test.log to ../../logs/cron\_ARCHIVES\2012\10\2012-10-05_test.log
12:10:27 | 7 mb | Florian M. >> Same month.
12:10:27 | 7 mb | Florian M. >> Same month.
12:10:27 | 7 mb | Florian M. >> Same month.
12:10:27 | 7 mb | Florian M. >> Same month.
12:10:27 | 7 mb | Florian M. >> Same month.
12:10:27 | 7 mb | Florian M. >> Same month.
12:10:27 | 7 mb | Florian M. >> Same month.
12:10:27 | 7 mb | Florian M. >> Same month.
12:10:27 | 7 mb | Florian M. >> Same month.
12:10:27 | 7 mb | Florian M. >> Same month.
12:10:27 | 7 mb | Florian M. >> Same month.
12:10:27 | 7 mb | Florian M. >> Same month.
12:10:27 | 7 mb | Florian M. >> Same month.
12:10:27 | 7 mb | Florian M. >> Same month.
12:10:27 | 7 mb | Florian M. >> Same month.
12:10:27 | 7 mb | Florian M. >> Same month.
12:10:27 | 7 mb | Florian M. >> Same month.
12:10:27 | 7 mb | Florian M. >> Same month.
12:10:27 | 7 mb | Florian M. >> Same month.
12:10:27 | 7 mb | Florian M. >> Same month.
12:10:27 | 7 mb | Florian M. >> Same month.
12:10:27 | 7 mb | Florian M. >> Same month.
12:10:27 | 7 mb | Florian M. >> Same month.
12:10:27 | 7 mb | Florian M. >> 
    

--------------------------------------------------
           CRON TERMINE AVEC SUCCES
--------------------------------------------------


12:10:51 | 7 mb | Florian M. >> 
    

--------------------------------------------------
              LANCEMENT DU CRON - ARCHIVAGE
--------------------------------------------------


12:10:51 | 7 mb | Florian M. >> Starting read dir ...
 
----------------------------

12:10:51 | 7 mb | Florian M. >> File : ../../logs/cron\2012-10-05_test.log added.
12:10:51 | 7 mb | Florian M. >> File : ../../logs/cron\2012-11-05.log added.
12:10:51 | 7 mb | Florian M. >> File : ../../logs/cron\2012-11-20.log added.
12:10:51 | 7 mb | Florian M. >> File : ../../logs/cron\2012-11-27.log added.
12:10:51 | 7 mb | Florian M. >> File : ../../logs/ErrorDocument\2012-11-02.log added.
12:10:51 | 7 mb | Florian M. >> File : ../../logs/ErrorDocument\2012-11-05.log added.
12:10:51 | 7 mb | Florian M. >> File : ../../logs/ErrorDocument\2012-11-15.log added.
12:10:51 | 7 mb | Florian M. >> File : ../../logs/ErrorDocument\2012-11-19.log added.
12:10:51 | 7 mb | Florian M. >> File : ../../logs/ErrorDocument\2012-11-20.log added.
12:10:51 | 7 mb | Florian M. >> File : ../../logs/ErrorDocument\2012-11-27.log added.
12:10:51 | 7 mb | Florian M. >> File : ../../logs/errors\2012-11-02.log added.
12:10:51 | 7 mb | Florian M. >> File : ../../logs/errors\2012-11-05.log added.
12:10:51 | 7 mb | Florian M. >> File : ../../logs/errors\2012-11-13.log added.
12:10:51 | 7 mb | Florian M. >> File : ../../logs/errors\2012-11-14.log added.
12:10:51 | 7 mb | Florian M. >> File : ../../logs/errors\2012-11-15.log added.
12:10:51 | 7 mb | Florian M. >> File : ../../logs/errors\2012-11-16.log added.
12:10:51 | 7 mb | Florian M. >> File : ../../logs/errors\2012-11-17.log added.
12:10:51 | 7 mb | Florian M. >> File : ../../logs/errors\2012-11-18.log added.
12:10:51 | 7 mb | Florian M. >> File : ../../logs/errors\2012-11-19.log added.
12:10:51 | 7 mb | Florian M. >> File : ../../logs/errors\2012-11-20.log added.
12:10:51 | 7 mb | Florian M. >> File : ../../logs/errors\2012-11-21.log added.
12:10:51 | 7 mb | Florian M. >> File : ../../logs/errors\2012-11-24.log added.
12:10:51 | 7 mb | Florian M. >> File : ../../logs/errors\2012-11-25.log added.
12:10:51 | 7 mb | Florian M. >> File : ../../logs/errors\2012-11-26.log added.
12:10:51 | 7 mb | Florian M. >> 

------------------------------            

 - 24 files founded.
12:10:51 | 7 mb | Florian M. >> 
            
------------------------------

 -- ARCHIVAGE DES FICHIERS --
 
------------------------------


12:10:51 | 7 mb | Florian M. >> Copying ../../logs/cron\2012-10-05_test.log to ../../logs/cron\_ARCHIVES\2012\10\2012-10-05_test.log
12:10:51 | 7 mb | Florian M. >> Same month.
12:10:51 | 7 mb | Florian M. >> Same month.
12:10:51 | 7 mb | Florian M. >> Same month.
12:10:51 | 7 mb | Florian M. >> Same month.
12:10:51 | 7 mb | Florian M. >> Same month.
12:10:51 | 7 mb | Florian M. >> Same month.
12:10:51 | 7 mb | Florian M. >> Same month.
12:10:51 | 7 mb | Florian M. >> Same month.
12:10:51 | 7 mb | Florian M. >> Same month.
12:10:51 | 7 mb | Florian M. >> Same month.
12:10:51 | 7 mb | Florian M. >> Same month.
12:10:51 | 7 mb | Florian M. >> Same month.
12:10:51 | 7 mb | Florian M. >> Same month.
12:10:51 | 7 mb | Florian M. >> Same month.
12:10:51 | 7 mb | Florian M. >> Same month.
12:10:51 | 7 mb | Florian M. >> Same month.
12:10:51 | 7 mb | Florian M. >> Same month.
12:10:51 | 7 mb | Florian M. >> Same month.
12:10:51 | 7 mb | Florian M. >> Same month.
12:10:51 | 7 mb | Florian M. >> Same month.
12:10:51 | 7 mb | Florian M. >> Same month.
12:10:51 | 7 mb | Florian M. >> Same month.
12:10:51 | 7 mb | Florian M. >> Same month.
12:10:51 | 7 mb | Florian M. >> 
    

--------------------------------------------------
           CRON TERMINE AVEC SUCCES
--------------------------------------------------


12:13:56 | 7 mb | Florian M. >> 
    

--------------------------------------------------
              LANCEMENT DU CRON - ARCHIVAGE
--------------------------------------------------


12:13:56 | 7 mb | Florian M. >> Starting read dir ...
 
----------------------------

12:13:56 | 7 mb | Florian M. >> File : ../../logs/cron\2012-10-05 - Copie.log added.
12:13:56 | 7 mb | Florian M. >> File : ../../logs/cron\2012-11-05.log added.
12:13:56 | 7 mb | Florian M. >> File : ../../logs/cron\2012-11-20.log added.
12:13:56 | 7 mb | Florian M. >> File : ../../logs/cron\2012-11-27.log added.
12:13:56 | 7 mb | Florian M. >> File : ../../logs/ErrorDocument\2012-11-02.log added.
12:13:56 | 7 mb | Florian M. >> File : ../../logs/ErrorDocument\2012-11-05.log added.
12:13:56 | 7 mb | Florian M. >> File : ../../logs/ErrorDocument\2012-11-15.log added.
12:13:56 | 7 mb | Florian M. >> File : ../../logs/ErrorDocument\2012-11-19.log added.
12:13:56 | 7 mb | Florian M. >> File : ../../logs/ErrorDocument\2012-11-20.log added.
12:13:56 | 7 mb | Florian M. >> File : ../../logs/ErrorDocument\2012-11-27.log added.
12:13:56 | 7 mb | Florian M. >> File : ../../logs/errors\2012-11-02.log added.
12:13:56 | 7 mb | Florian M. >> File : ../../logs/errors\2012-11-05.log added.
12:13:56 | 7 mb | Florian M. >> File : ../../logs/errors\2012-11-13.log added.
12:13:56 | 7 mb | Florian M. >> File : ../../logs/errors\2012-11-14.log added.
12:13:56 | 7 mb | Florian M. >> File : ../../logs/errors\2012-11-15.log added.
12:13:56 | 7 mb | Florian M. >> File : ../../logs/errors\2012-11-16.log added.
12:13:56 | 7 mb | Florian M. >> File : ../../logs/errors\2012-11-17.log added.
12:13:56 | 7 mb | Florian M. >> File : ../../logs/errors\2012-11-18.log added.
12:13:56 | 7 mb | Florian M. >> File : ../../logs/errors\2012-11-19.log added.
12:13:56 | 7 mb | Florian M. >> File : ../../logs/errors\2012-11-20.log added.
12:13:56 | 7 mb | Florian M. >> File : ../../logs/errors\2012-11-21.log added.
12:13:56 | 7 mb | Florian M. >> File : ../../logs/errors\2012-11-24.log added.
12:13:56 | 7 mb | Florian M. >> File : ../../logs/errors\2012-11-25.log added.
12:13:56 | 7 mb | Florian M. >> File : ../../logs/errors\2012-11-26.log added.
12:13:56 | 7 mb | Florian M. >> 

------------------------------            

 - 24 files founded.
12:13:56 | 7 mb | Florian M. >> 
            
------------------------------

 -- ARCHIVAGE DES FICHIERS --
 
------------------------------


12:13:56 | 7 mb | Florian M. >> Copying ../../logs/cron\2012-10-05 - Copie.log to ../../logs/cron\_ARCHIVES\2012\10Octobre\2012-10-05 - Copie.log
12:13:56 | 7 mb | Florian M. >> Same month.
12:13:56 | 7 mb | Florian M. >> Same month.
12:13:56 | 7 mb | Florian M. >> Same month.
12:13:56 | 7 mb | Florian M. >> Same month.
12:13:56 | 7 mb | Florian M. >> Same month.
12:13:56 | 7 mb | Florian M. >> Same month.
12:13:56 | 7 mb | Florian M. >> Same month.
12:13:56 | 7 mb | Florian M. >> Same month.
12:13:56 | 7 mb | Florian M. >> Same month.
12:13:56 | 7 mb | Florian M. >> Same month.
12:13:56 | 7 mb | Florian M. >> Same month.
12:13:56 | 7 mb | Florian M. >> Same month.
12:13:56 | 7 mb | Florian M. >> Same month.
12:13:56 | 7 mb | Florian M. >> Same month.
12:13:56 | 7 mb | Florian M. >> Same month.
12:13:56 | 7 mb | Florian M. >> Same month.
12:13:56 | 7 mb | Florian M. >> Same month.
12:13:56 | 7 mb | Florian M. >> Same month.
12:13:56 | 7 mb | Florian M. >> Same month.
12:13:56 | 7 mb | Florian M. >> Same month.
12:13:56 | 7 mb | Florian M. >> Same month.
12:13:56 | 7 mb | Florian M. >> Same month.
12:13:56 | 7 mb | Florian M. >> Same month.
12:13:56 | 7 mb | Florian M. >> 
    

--------------------------------------------------
           CRON TERMINE AVEC SUCCES
--------------------------------------------------


12:14:54 | 7 mb | Florian M. >> 
    

--------------------------------------------------
              LANCEMENT DU CRON - ARCHIVAGE
--------------------------------------------------


12:14:54 | 7 mb | Florian M. >> Starting read dir ...
 
----------------------------

12:14:54 | 7 mb | Florian M. >> File : ../../logs/cron\2012-11-05 - Copie.log added.
12:14:54 | 7 mb | Florian M. >> File : ../../logs/cron\2012-11-05.log added.
12:14:54 | 7 mb | Florian M. >> File : ../../logs/cron\2012-11-20.log added.
12:14:54 | 7 mb | Florian M. >> File : ../../logs/cron\2012-11-27.log added.
12:14:54 | 7 mb | Florian M. >> File : ../../logs/ErrorDocument\2012-11-02.log added.
12:14:54 | 7 mb | Florian M. >> File : ../../logs/ErrorDocument\2012-11-05.log added.
12:14:54 | 7 mb | Florian M. >> File : ../../logs/ErrorDocument\2012-11-15.log added.
12:14:54 | 7 mb | Florian M. >> File : ../../logs/ErrorDocument\2012-11-19.log added.
12:14:54 | 7 mb | Florian M. >> File : ../../logs/ErrorDocument\2012-11-20.log added.
12:14:54 | 7 mb | Florian M. >> File : ../../logs/ErrorDocument\2012-11-27.log added.
12:14:54 | 7 mb | Florian M. >> File : ../../logs/errors\2012-11-02.log added.
12:14:54 | 7 mb | Florian M. >> File : ../../logs/errors\2012-11-05.log added.
12:14:54 | 7 mb | Florian M. >> File : ../../logs/errors\2012-11-13.log added.
12:14:54 | 7 mb | Florian M. >> File : ../../logs/errors\2012-11-14.log added.
12:14:54 | 7 mb | Florian M. >> File : ../../logs/errors\2012-11-15.log added.
12:14:54 | 7 mb | Florian M. >> File : ../../logs/errors\2012-11-16.log added.
12:14:54 | 7 mb | Florian M. >> File : ../../logs/errors\2012-11-17.log added.
12:14:54 | 7 mb | Florian M. >> File : ../../logs/errors\2012-11-18.log added.
12:14:54 | 7 mb | Florian M. >> File : ../../logs/errors\2012-11-19.log added.
12:14:54 | 7 mb | Florian M. >> File : ../../logs/errors\2012-11-20.log added.
12:14:54 | 7 mb | Florian M. >> File : ../../logs/errors\2012-11-21.log added.
12:14:54 | 7 mb | Florian M. >> File : ../../logs/errors\2012-11-24.log added.
12:14:54 | 7 mb | Florian M. >> File : ../../logs/errors\2012-11-25.log added.
12:14:54 | 7 mb | Florian M. >> File : ../../logs/errors\2012-11-26.log added.
12:14:54 | 7 mb | Florian M. >> 

------------------------------            

 - 24 files founded.
12:14:54 | 7 mb | Florian M. >> 
            
------------------------------

 -- ARCHIVAGE DES FICHIERS --
 
------------------------------


12:14:54 | 7 mb | Florian M. >> Same month.
12:14:54 | 7 mb | Florian M. >> Same month.
12:14:54 | 7 mb | Florian M. >> Same month.
12:14:54 | 7 mb | Florian M. >> Same month.
12:14:54 | 7 mb | Florian M. >> Same month.
12:14:54 | 7 mb | Florian M. >> Same month.
12:14:54 | 7 mb | Florian M. >> Same month.
12:14:54 | 7 mb | Florian M. >> Same month.
12:14:54 | 7 mb | Florian M. >> Same month.
12:14:54 | 7 mb | Florian M. >> Same month.
12:14:54 | 7 mb | Florian M. >> Same month.
12:14:54 | 7 mb | Florian M. >> Same month.
12:14:54 | 7 mb | Florian M. >> Same month.
12:14:54 | 7 mb | Florian M. >> Same month.
12:14:54 | 7 mb | Florian M. >> Same month.
12:14:54 | 7 mb | Florian M. >> Same month.
12:14:54 | 7 mb | Florian M. >> Same month.
12:14:54 | 7 mb | Florian M. >> Same month.
12:14:54 | 7 mb | Florian M. >> Same month.
12:14:54 | 7 mb | Florian M. >> Same month.
12:14:54 | 7 mb | Florian M. >> Same month.
12:14:54 | 7 mb | Florian M. >> Same month.
12:14:54 | 7 mb | Florian M. >> Same month.
12:14:54 | 7 mb | Florian M. >> Same month.
12:14:54 | 7 mb | Florian M. >> 
    

--------------------------------------------------
           CRON TERMINE AVEC SUCCES
--------------------------------------------------


12:15:00 | 7 mb | Florian M. >> 
    

--------------------------------------------------
              LANCEMENT DU CRON - ARCHIVAGE
--------------------------------------------------


12:15:00 | 7 mb | Florian M. >> Starting read dir ...
 
----------------------------

12:15:00 | 7 mb | Florian M. >> File : ../../logs/cron\2012-11-05 - Copie.log added.
12:15:00 | 7 mb | Florian M. >> File : ../../logs/cron\2012-11-05.log added.
12:15:00 | 7 mb | Florian M. >> File : ../../logs/cron\2012-11-20.log added.
12:15:00 | 7 mb | Florian M. >> File : ../../logs/cron\2012-11-27.log added.
12:15:00 | 7 mb | Florian M. >> File : ../../logs/ErrorDocument\2012-11-02.log added.
12:15:00 | 7 mb | Florian M. >> File : ../../logs/ErrorDocument\2012-11-05.log added.
12:15:00 | 7 mb | Florian M. >> File : ../../logs/ErrorDocument\2012-11-15.log added.
12:15:00 | 7 mb | Florian M. >> File : ../../logs/ErrorDocument\2012-11-19.log added.
12:15:00 | 7 mb | Florian M. >> File : ../../logs/ErrorDocument\2012-11-20.log added.
12:15:00 | 7 mb | Florian M. >> File : ../../logs/ErrorDocument\2012-11-27.log added.
12:15:00 | 7 mb | Florian M. >> File : ../../logs/errors\2012-11-02.log added.
12:15:00 | 7 mb | Florian M. >> File : ../../logs/errors\2012-11-05.log added.
12:15:00 | 7 mb | Florian M. >> File : ../../logs/errors\2012-11-13.log added.
12:15:00 | 7 mb | Florian M. >> File : ../../logs/errors\2012-11-14.log added.
12:15:00 | 7 mb | Florian M. >> File : ../../logs/errors\2012-11-15.log added.
12:15:00 | 7 mb | Florian M. >> File : ../../logs/errors\2012-11-16.log added.
12:15:00 | 7 mb | Florian M. >> File : ../../logs/errors\2012-11-17.log added.
12:15:00 | 7 mb | Florian M. >> File : ../../logs/errors\2012-11-18.log added.
12:15:00 | 7 mb | Florian M. >> File : ../../logs/errors\2012-11-19.log added.
12:15:00 | 7 mb | Florian M. >> File : ../../logs/errors\2012-11-20.log added.
12:15:00 | 7 mb | Florian M. >> File : ../../logs/errors\2012-11-21.log added.
12:15:00 | 7 mb | Florian M. >> File : ../../logs/errors\2012-11-24.log added.
12:15:00 | 7 mb | Florian M. >> File : ../../logs/errors\2012-11-25.log added.
12:15:00 | 7 mb | Florian M. >> File : ../../logs/errors\2012-11-26.log added.
12:15:00 | 7 mb | Florian M. >> 

------------------------------            

 - 24 files founded.
12:15:00 | 7 mb | Florian M. >> 
            
------------------------------

 -- ARCHIVAGE DES FICHIERS --
 
------------------------------


12:15:00 | 7 mb | Florian M. >> Same month.
12:15:00 | 7 mb | Florian M. >> Same month.
12:15:00 | 7 mb | Florian M. >> Same month.
12:15:00 | 7 mb | Florian M. >> Same month.
12:15:00 | 7 mb | Florian M. >> Same month.
12:15:00 | 7 mb | Florian M. >> Same month.
12:15:00 | 7 mb | Florian M. >> Same month.
12:15:00 | 7 mb | Florian M. >> Same month.
12:15:00 | 7 mb | Florian M. >> Same month.
12:15:00 | 7 mb | Florian M. >> Same month.
12:15:00 | 7 mb | Florian M. >> Same month.
12:15:00 | 7 mb | Florian M. >> Same month.
12:15:00 | 7 mb | Florian M. >> Same month.
12:15:00 | 7 mb | Florian M. >> Same month.
12:15:00 | 7 mb | Florian M. >> Same month.
12:15:00 | 7 mb | Florian M. >> Same month.
12:15:00 | 7 mb | Florian M. >> Same month.
12:15:00 | 7 mb | Florian M. >> Same month.
12:15:00 | 7 mb | Florian M. >> Same month.
12:15:00 | 7 mb | Florian M. >> Same month.
12:15:00 | 7 mb | Florian M. >> Same month.
12:15:00 | 7 mb | Florian M. >> Same month.
12:15:00 | 7 mb | Florian M. >> Same month.
12:15:00 | 7 mb | Florian M. >> Same month.
12:15:00 | 7 mb | Florian M. >> 
    

--------------------------------------------------
           CRON TERMINE AVEC SUCCES
--------------------------------------------------


12:15:56 | 7 mb | Florian M. >> 
    

--------------------------------------------------
              LANCEMENT DU CRON - ARCHIVAGE
--------------------------------------------------


12:15:56 | 7 mb | Florian M. >> Starting read dir ...
 
----------------------------

12:15:56 | 7 mb | Florian M. >> File : ../../logs/cron\2012-10-05 - Copie.log added.
12:15:56 | 7 mb | Florian M. >> File : ../../logs/cron\2012-11-05.log added.
12:15:56 | 7 mb | Florian M. >> File : ../../logs/cron\2012-11-20.log added.
12:15:56 | 7 mb | Florian M. >> File : ../../logs/cron\2012-11-27.log added.
12:15:56 | 7 mb | Florian M. >> File : ../../logs/ErrorDocument\2012-11-02.log added.
12:15:56 | 7 mb | Florian M. >> File : ../../logs/ErrorDocument\2012-11-05.log added.
12:15:56 | 7 mb | Florian M. >> File : ../../logs/ErrorDocument\2012-11-15.log added.
12:15:56 | 7 mb | Florian M. >> File : ../../logs/ErrorDocument\2012-11-19.log added.
12:15:56 | 7 mb | Florian M. >> File : ../../logs/ErrorDocument\2012-11-20.log added.
12:15:56 | 7 mb | Florian M. >> File : ../../logs/ErrorDocument\2012-11-27.log added.
12:15:56 | 7 mb | Florian M. >> File : ../../logs/errors\2012-11-02.log added.
12:15:56 | 7 mb | Florian M. >> File : ../../logs/errors\2012-11-05.log added.
12:15:56 | 7 mb | Florian M. >> File : ../../logs/errors\2012-11-13.log added.
12:15:56 | 7 mb | Florian M. >> File : ../../logs/errors\2012-11-14.log added.
12:15:56 | 7 mb | Florian M. >> File : ../../logs/errors\2012-11-15.log added.
12:15:56 | 7 mb | Florian M. >> File : ../../logs/errors\2012-11-16.log added.
12:15:56 | 7 mb | Florian M. >> File : ../../logs/errors\2012-11-17.log added.
12:15:56 | 7 mb | Florian M. >> File : ../../logs/errors\2012-11-18.log added.
12:15:56 | 7 mb | Florian M. >> File : ../../logs/errors\2012-11-19.log added.
12:15:56 | 7 mb | Florian M. >> File : ../../logs/errors\2012-11-20.log added.
12:15:56 | 7 mb | Florian M. >> File : ../../logs/errors\2012-11-21.log added.
12:15:56 | 7 mb | Florian M. >> File : ../../logs/errors\2012-11-24.log added.
12:15:56 | 7 mb | Florian M. >> File : ../../logs/errors\2012-11-25.log added.
12:15:56 | 7 mb | Florian M. >> File : ../../logs/errors\2012-11-26.log added.
12:15:56 | 7 mb | Florian M. >> 

------------------------------            

 - 24 files founded.
12:15:56 | 7 mb | Florian M. >> 
            
------------------------------

 -- ARCHIVAGE DES FICHIERS --
 
------------------------------


12:15:56 | 7 mb | Florian M. >> Copying ../../logs/cron\2012-10-05 - Copie.log to ../../logs/cron\_ARCHIVES\2012\10_Octobre\2012-10-05 - Copie.log
12:15:56 | 7 mb | Florian M. >> Same month.
12:15:56 | 7 mb | Florian M. >> Same month.
12:15:56 | 7 mb | Florian M. >> Same month.
12:15:56 | 7 mb | Florian M. >> Same month.
12:15:56 | 7 mb | Florian M. >> Same month.
12:15:56 | 7 mb | Florian M. >> Same month.
12:15:56 | 7 mb | Florian M. >> Same month.
12:15:56 | 7 mb | Florian M. >> Same month.
12:15:56 | 7 mb | Florian M. >> Same month.
12:15:56 | 7 mb | Florian M. >> Same month.
12:15:56 | 7 mb | Florian M. >> Same month.
12:15:56 | 7 mb | Florian M. >> Same month.
12:15:56 | 7 mb | Florian M. >> Same month.
12:15:56 | 7 mb | Florian M. >> Same month.
12:15:56 | 7 mb | Florian M. >> Same month.
12:15:56 | 7 mb | Florian M. >> Same month.
12:15:56 | 7 mb | Florian M. >> Same month.
12:15:56 | 7 mb | Florian M. >> Same month.
12:15:56 | 7 mb | Florian M. >> Same month.
12:15:56 | 7 mb | Florian M. >> Same month.
12:15:56 | 7 mb | Florian M. >> Same month.
12:15:56 | 7 mb | Florian M. >> Same month.
12:15:56 | 7 mb | Florian M. >> Same month.
12:15:56 | 7 mb | Florian M. >> 
    

--------------------------------------------------
           CRON TERMINE AVEC SUCCES
--------------------------------------------------


