11:41:40 | 7 mb | Florian M. >> 
    

--------------------------------------------------
              LANCEMENT DU CRON - ARCHIVAGE
--------------------------------------------------


11:41:40 | 7 mb | Florian M. >> Starting read dir ...
 
----------------------------

11:41:40 | 7 mb | Florian M. >> File : ../../logs/cron\2012-11-05.log added.
11:41:40 | 7 mb | Florian M. >> File : ../../logs/cron\2012-11-20.log added.
11:41:40 | 7 mb | Florian M. >> File : ../../logs/ErrorDocument\2012-11-02.log added.
11:41:40 | 7 mb | Florian M. >> File : ../../logs/ErrorDocument\2012-11-05.log added.
11:41:40 | 7 mb | Florian M. >> File : ../../logs/ErrorDocument\2012-11-15.log added.
11:41:40 | 7 mb | Florian M. >> File : ../../logs/ErrorDocument\2012-11-19.log added.
11:41:40 | 7 mb | Florian M. >> File : ../../logs/ErrorDocument\2012-11-20.log added.
11:41:40 | 7 mb | Florian M. >> File : ../../logs/errors\2012-10-20.log added.
11:41:40 | 7 mb | Florian M. >> File : ../../logs/errors\2012-11-02.log added.
11:41:40 | 7 mb | Florian M. >> File : ../../logs/errors\2012-11-05.log added.
11:41:40 | 7 mb | Florian M. >> File : ../../logs/errors\2012-11-13.log added.
11:41:40 | 7 mb | Florian M. >> File : ../../logs/errors\2012-11-14.log added.
11:41:40 | 7 mb | Florian M. >> File : ../../logs/errors\2012-11-15.log added.
11:41:40 | 7 mb | Florian M. >> File : ../../logs/errors\2012-11-16.log added.
11:41:40 | 7 mb | Florian M. >> File : ../../logs/errors\2012-11-17.log added.
11:41:40 | 7 mb | Florian M. >> File : ../../logs/errors\2012-11-18.log added.
11:41:40 | 7 mb | Florian M. >> File : ../../logs/errors\2012-11-19.log added.
11:41:40 | 7 mb | Florian M. >> File : ../../logs/errors\2012-11-20.log added.
11:41:40 | 7 mb | Florian M. >> 

------------------------------            

 - 18 files founded.
11:41:40 | 7 mb | Florian M. >> 
            
------------------------------

 -- ARCHIVAGE DES FICHIERS --
 
------------------------------


11:41:40 | 7 mb | Florian M. >> Same month.
11:41:40 | 7 mb | Florian M. >> Same month.
11:41:40 | 7 mb | Florian M. >> Same month.
11:41:40 | 7 mb | Florian M. >> Same month.
11:41:40 | 7 mb | Florian M. >> Same month.
11:41:40 | 7 mb | Florian M. >> Same month.
11:41:40 | 7 mb | Florian M. >> Same month.
11:41:40 | 7 mb | Florian M. >> Copying ../../logs/errors\2012-10-20.log to ../../logs/errors\_ARCHIVES\2012\10\2012-10-20.log
11:41:40 | 7 mb | Florian M. >> Same month.
11:41:40 | 7 mb | Florian M. >> Same month.
11:41:40 | 7 mb | Florian M. >> Same month.
11:41:40 | 7 mb | Florian M. >> Same month.
11:41:40 | 7 mb | Florian M. >> Same month.
11:41:40 | 7 mb | Florian M. >> Same month.
11:41:40 | 7 mb | Florian M. >> Same month.
11:41:40 | 7 mb | Florian M. >> Same month.
11:41:40 | 7 mb | Florian M. >> Same month.
11:41:40 | 7 mb | Florian M. >> Same month.
11:41:40 | 7 mb | Florian M. >> 
    

--------------------------------------------------
           CRON TERMINE AVEC SUCCES
--------------------------------------------------


