============================================
Creation du log: 04/12/2012 22:13
============================================


04/12/2012 22:13|- >> Notice : FwkErrorHandler 8 - Undefined index: admin in file C:\wamp\www\AstridV1\lib\Filters\AuthGestionFilter.php on line 18
04/12/2012 22:13|- >> UNKNOWN : FwkErrorHandler 0 - Undefined index: admin in file C:\wamp\www\AstridV1\lib\Filters\AuthGestionFilter.php on line 18
04/12/2012 22:14|- >> Notice : FwkErrorHandler 8 - Undefined index: admin in file C:\wamp\www\AstridV1\lib\Filters\AuthGestionFilter.php on line 18
04/12/2012 22:14|- >> UNKNOWN : FwkErrorHandler 0 - Undefined index: admin in file C:\wamp\www\AstridV1\lib\Filters\AuthGestionFilter.php on line 18
04/12/2012 22:14|- >> Notice : FwkErrorHandler 8 - Undefined index: admin in file C:\wamp\www\AstridV1\lib\Filters\AuthGestionFilter.php on line 18
04/12/2012 22:14|- >> UNKNOWN : FwkErrorHandler 0 - Undefined index: admin in file C:\wamp\www\AstridV1\lib\Filters\AuthGestionFilter.php on line 18
04/12/2012 22:14|- >> Notice : FwkErrorHandler 8 - Undefined index: admin in file C:\wamp\www\AstridV1\lib\Filters\AuthGestionFilter.php on line 18
04/12/2012 22:14|- >> UNKNOWN : FwkErrorHandler 0 - Undefined index: admin in file C:\wamp\www\AstridV1\lib\Filters\AuthGestionFilter.php on line 18
04/12/2012 22:20|Florian M. >> Notice : FwkErrorHandler 8 - Undefined index: email in file C:\wamp\www\AstridV1\lib\Filters\AuthGestionFilter.php on line 18
04/12/2012 22:20|Florian M. >> UNKNOWN : FwkErrorHandler 0 - Undefined index: email in file C:\wamp\www\AstridV1\lib\Filters\AuthGestionFilter.php on line 18
04/12/2012 22:20|Florian M. >> Notice : FwkErrorHandler 8 - Undefined index: email in file C:\wamp\www\AstridV1\lib\Filters\AuthGestionFilter.php on line 18
04/12/2012 22:20|Florian M. >> UNKNOWN : FwkErrorHandler 0 - Undefined index: email in file C:\wamp\www\AstridV1\lib\Filters\AuthGestionFilter.php on line 18
04/12/2012 22:20|Florian M. >> Notice : FwkErrorHandler 8 - Undefined index: email in file C:\wamp\www\AstridV1\lib\Filters\AuthGestionFilter.php on line 18
04/12/2012 22:20|Florian M. >> UNKNOWN : FwkErrorHandler 0 - Undefined index: email in file C:\wamp\www\AstridV1\lib\Filters\AuthGestionFilter.php on line 18
04/12/2012 22:26|- >> Warning : FwkErrorHandler 2 - require(../../lib/Doctrine\Doctrine\ORM\Tools\ToolsExceptionHandler.php) [<a href='function.require'>function.require</a>]: failed to open stream: No such file or directory in file C:\wamp\www\AstridV1\lib\Doctrine\Doctrine\Common\ClassLoader.php on line 163
04/12/2012 22:26|- >> Warning : FwkErrorHandler 2 - require(../../lib/Doctrine\Doctrine\ORM\Tools\ToolsExceptionHandler.php) [<a href='function.require'>function.require</a>]: failed to open stream: No such file or directory in file C:\wamp\www\AstridV1\lib\Doctrine\Doctrine\Common\ClassLoader.php on line 163
04/12/2012 22:47|Florian M. >> UNKNOWN : FwkErrorHandler 23000 - SQLSTATE[23000]: Integrity constraint violation: 1048 Column 'token' cannot be null in file C:\wamp\www\AstridV1\lib\Doctrine\Doctrine\DBAL\Statement.php on line 131
04/12/2012 22:47|Florian M. >> Warning : FwkErrorHandler 2 - require(../../lib/Doctrine\Doctrine\ORM\Tools\ToolsExceptionHandler.php) [<a href='function.require'>function.require</a>]: failed to open stream: No such file or directory in file C:\wamp\www\AstridV1\lib\Doctrine\Doctrine\Common\ClassLoader.php on line 163
04/12/2012 22:54|Florian M. >> UNKNOWN : FwkErrorHandler 0 - Unable to find template "views/astrid/privileges.html.twig" (looked into: web). in file C:\wamp\www\AstridV1\lib\Twig\Loader\Filesystem.php on line 129
04/12/2012 23:05|Florian M. >> Notice : FwkErrorHandler 8 - Object of class Proxies\__CG__\Entities\Privilege could not be converted to int in file C:\wamp\www\AstridV1\lib\Twig\Environment.php(327) : eval()'d code on line 64
04/12/2012 23:05|Florian M. >> UNKNOWN : FwkErrorHandler 0 - An exception has been thrown during the rendering of a template ("Object of class Proxies\__CG__\Entities\Privilege could not be converted to int") in "views/privileges.html.twig" at line 21. in file C:\wamp\www\AstridV1\lib\Twig\Template.php on line 269
04/12/2012 23:09|Florian M. >> UNKNOWN : FwkErrorHandler 42S22 - SQLSTATE[42S22]: Column not found: 1054 Unknown column 'd0_.level' in 'field list' in file C:\wamp\www\AstridV1\lib\Doctrine\Doctrine\DBAL\Connection.php on line 633
04/12/2012 23:09|Florian M. >> UNKNOWN : FwkErrorHandler 23000 - SQLSTATE[23000]: Integrity constraint violation: 1048 Column 'level' cannot be null in file C:\wamp\www\AstridV1\lib\Doctrine\Doctrine\DBAL\Statement.php on line 131
04/12/2012 23:09|Florian M. >> Warning : FwkErrorHandler 2 - require(../../lib/Doctrine\Doctrine\ORM\Tools\ToolsExceptionHandler.php) [<a href='function.require'>function.require</a>]: failed to open stream: No such file or directory in file C:\wamp\www\AstridV1\lib\Doctrine\Doctrine\Common\ClassLoader.php on line 163
04/12/2012 23:09|Florian M. >> Notice : FwkErrorHandler 8 - Object of class Proxies\__CG__\Entities\Privilege could not be converted to int in file C:\wamp\www\AstridV1\lib\Twig\Environment.php(327) : eval()'d code on line 64
04/12/2012 23:09|Florian M. >> UNKNOWN : FwkErrorHandler 0 - An exception has been thrown during the rendering of a template ("Object of class Proxies\__CG__\Entities\Privilege could not be converted to int") in "views/privileges.html.twig" at line 21. in file C:\wamp\www\AstridV1\lib\Twig\Template.php on line 269
04/12/2012 23:11|Florian M. >> Notice : FwkErrorHandler 8 - Object of class Proxies\__CG__\Entities\Privilege could not be converted to int in file C:\wamp\www\AstridV1\lib\Twig\Environment.php(327) : eval()'d code on line 64
04/12/2012 23:11|Florian M. >> UNKNOWN : FwkErrorHandler 0 - An exception has been thrown during the rendering of a template ("Object of class Proxies\__CG__\Entities\Privilege could not be converted to int") in "views/home.html.twig" at line 21. in file C:\wamp\www\AstridV1\lib\Twig\Template.php on line 269
04/12/2012 23:17|- >> Notice : FwkErrorHandler 8 - Undefined variable: level in file C:\wamp\www\AstridV1\gestion\ajax\DefaultAjax.php on line 308
04/12/2012 23:17|- >> UNKNOWN : FwkErrorHandler 0 - Undefined variable: level in file C:\wamp\www\AstridV1\gestion\ajax\DefaultAjax.php on line 308
04/12/2012 23:18|- >> Warning : FwkErrorHandler 2 - spl_object_hash() expects parameter 1 to be object, string given in file C:\wamp\www\AstridV1\lib\Doctrine\Doctrine\ORM\UnitOfWork.php on line 1318
04/12/2012 23:18|- >> UNKNOWN : FwkErrorHandler 0 - spl_object_hash() expects parameter 1 to be object, string given in file C:\wamp\www\AstridV1\lib\Doctrine\Doctrine\ORM\UnitOfWork.php on line 1318
