============================================
Creation du log: 03/01/2013 11:31
============================================


03/01/2013 11:31 | 8 mb | Back Office | - >> Warning : FwkErrorHandler 2 - require(../../lib\Entities\Privilege.php) [<a href='function.require'>function.require</a>]: failed to open stream: No such file or directory in file C:\wamp\www\AstridV1\lib\Resources\Doctrine\Doctrine\Common\ClassLoader.php on line 163
03/01/2013 12:16 | 10.5 mb | Back Office | Florian M. >> UNKNOWN : FwkErrorHandler 0 - Exception : Le controller appelé : "DefaultController" ne possède pas de méthode qui a pour nom filesController in file C:\wamp\www\AstridV1\lib\Resources\Core\ControllerManager.php on line 53
03/01/2013 14:35 | 10.5 mb | Back Office | Florian M. >> UNKNOWN : FwkErrorHandler 0 - Exception : Le controller appelé : "DefaultController" ne possède pas de méthode qui a pour nom ticketsController in file C:\wamp\www\AstridV1\lib\Resources\Core\ControllerManager.php on line 53
03/01/2013 16:03 | 13.5 mb | Back Office | Florian M. >> UNKNOWN : FwkErrorHandler 0 - Undefined method 'getTypeTicket'. The method name must start with either findBy or findOneBy! in file C:\wamp\www\AstridV1\lib\Resources\Doctrine\Doctrine\ORM\EntityRepository.php on line 215
03/01/2013 16:03 | 13.75 mb | Back Office | - >> Recoverable Error : FwkErrorHandler 4096 - Argument 1 passed to Resources\Entities\TicketRepository::getTypeTicket() must be an instance of Resources\Entities\Ticket, string given, called in C:\wamp\www\AstridV1\lib\Resources\Core\FwkTable.php on line 366 and defined in file C:\wamp\www\AstridV1\lib\Resources\Entities\TicketRepository.php on line 15
03/01/2013 16:03 | 13.75 mb | Back Office | - >> UNKNOWN : FwkErrorHandler 0 - Argument 1 passed to Resources\Entities\TicketRepository::getTypeTicket() must be an instance of Resources\Entities\Ticket, string given, called in C:\wamp\www\AstridV1\lib\Resources\Core\FwkTable.php on line 366 and defined in file C:\wamp\www\AstridV1\lib\Resources\Entities\TicketRepository.php on line 15
03/01/2013 16:04 | 12.25 mb | Back Office | - >> Warning : FwkErrorHandler 2 - require(../../lib\Entities\Ticket.php) [<a href='function.require'>function.require</a>]: failed to open stream: No such file or directory in file C:\wamp\www\AstridV1\lib\Resources\Doctrine\Doctrine\Common\ClassLoader.php on line 163
03/01/2013 16:08 | 13.75 mb | Back Office | - >> Recoverable Error : FwkErrorHandler 4096 - Argument 1 passed to Resources\Entities\TicketRepository::getTypeTicket() must be an instance of Resources\Entities\Ticket, string given, called in C:\wamp\www\AstridV1\lib\Resources\Core\FwkTable.php on line 366 and defined in file C:\wamp\www\AstridV1\lib\Resources\Entities\TicketRepository.php on line 15
03/01/2013 16:08 | 13.75 mb | Back Office | - >> UNKNOWN : FwkErrorHandler 0 - Argument 1 passed to Resources\Entities\TicketRepository::getTypeTicket() must be an instance of Resources\Entities\Ticket, string given, called in C:\wamp\www\AstridV1\lib\Resources\Core\FwkTable.php on line 366 and defined in file C:\wamp\www\AstridV1\lib\Resources\Entities\TicketRepository.php on line 15
03/01/2013 16:14 | 13.75 mb | Back Office | - >> Recoverable Error : FwkErrorHandler 4096 - Argument 1 passed to Resources\Entities\TicketRepository::getTypeTicket() must be an instance of Resources\Entities\Ticket, string given, called in C:\wamp\www\AstridV1\lib\Resources\Core\FwkTable.php on line 366 and defined in file C:\wamp\www\AstridV1\lib\Resources\Entities\TicketRepository.php on line 15
03/01/2013 16:14 | 13.75 mb | Back Office | - >> UNKNOWN : FwkErrorHandler 0 - Argument 1 passed to Resources\Entities\TicketRepository::getTypeTicket() must be an instance of Resources\Entities\Ticket, string given, called in C:\wamp\www\AstridV1\lib\Resources\Core\FwkTable.php on line 366 and defined in file C:\wamp\www\AstridV1\lib\Resources\Entities\TicketRepository.php on line 15
03/01/2013 16:19 | 13.75 mb | Back Office | - >> Recoverable Error : FwkErrorHandler 4096 - Argument 1 passed to Resources\Entities\TicketRepository::getTypeTicket() must be an instance of Resources\Entities\Ticket, string given, called in C:\wamp\www\AstridV1\lib\Resources\Core\FwkTable.php on line 367 and defined in file C:\wamp\www\AstridV1\lib\Resources\Entities\TicketRepository.php on line 15
03/01/2013 16:19 | 13.75 mb | Back Office | - >> UNKNOWN : FwkErrorHandler 0 - Argument 1 passed to Resources\Entities\TicketRepository::getTypeTicket() must be an instance of Resources\Entities\Ticket, string given, called in C:\wamp\www\AstridV1\lib\Resources\Core\FwkTable.php on line 367 and defined in file C:\wamp\www\AstridV1\lib\Resources\Entities\TicketRepository.php on line 15
03/01/2013 16:20 | 13.75 mb | Back Office | - >> Recoverable Error : FwkErrorHandler 4096 - Argument 1 passed to Resources\Entities\TicketRepository::getTypeTicket() must be an instance of Resources\Entities\Ticket, string given, called in C:\wamp\www\AstridV1\lib\Resources\Core\FwkTable.php on line 367 and defined in file C:\wamp\www\AstridV1\lib\Resources\Entities\TicketRepository.php on line 15
03/01/2013 16:20 | 13.75 mb | Back Office | - >> UNKNOWN : FwkErrorHandler 0 - Argument 1 passed to Resources\Entities\TicketRepository::getTypeTicket() must be an instance of Resources\Entities\Ticket, string given, called in C:\wamp\www\AstridV1\lib\Resources\Core\FwkTable.php on line 367 and defined in file C:\wamp\www\AstridV1\lib\Resources\Entities\TicketRepository.php on line 15
03/01/2013 16:20 | 13.75 mb | Back Office | - >> Recoverable Error : FwkErrorHandler 4096 - Argument 1 passed to Resources\Entities\TicketRepository::getTypeTicket() must be an instance of Resources\Entities\Ticket, string given, called in C:\wamp\www\AstridV1\lib\Resources\Core\FwkTable.php on line 367 and defined in file C:\wamp\www\AstridV1\lib\Resources\Entities\TicketRepository.php on line 15
03/01/2013 16:20 | 13.75 mb | Back Office | - >> UNKNOWN : FwkErrorHandler 0 - Argument 1 passed to Resources\Entities\TicketRepository::getTypeTicket() must be an instance of Resources\Entities\Ticket, string given, called in C:\wamp\www\AstridV1\lib\Resources\Core\FwkTable.php on line 367 and defined in file C:\wamp\www\AstridV1\lib\Resources\Entities\TicketRepository.php on line 15
03/01/2013 16:23 | 13.75 mb | Back Office | - >> Recoverable Error : FwkErrorHandler 4096 - Argument 1 passed to Resources\Entities\TicketRepository::getTypeTicket() must be an instance of Resources\Entities\Ticket, string given, called in C:\wamp\www\AstridV1\lib\Resources\Core\FwkTable.php on line 367 and defined in file C:\wamp\www\AstridV1\lib\Resources\Entities\TicketRepository.php on line 15
03/01/2013 16:23 | 13.75 mb | Back Office | - >> UNKNOWN : FwkErrorHandler 0 - Argument 1 passed to Resources\Entities\TicketRepository::getTypeTicket() must be an instance of Resources\Entities\Ticket, string given, called in C:\wamp\www\AstridV1\lib\Resources\Core\FwkTable.php on line 367 and defined in file C:\wamp\www\AstridV1\lib\Resources\Entities\TicketRepository.php on line 15
03/01/2013 16:24 | 13.75 mb | Back Office | - >> Recoverable Error : FwkErrorHandler 4096 - Argument 1 passed to Resources\Entities\TicketRepository::getTypeTicket() must be an instance of Resources\Entities\Ticket, string given, called in C:\wamp\www\AstridV1\lib\Resources\Core\FwkTable.php on line 368 and defined in file C:\wamp\www\AstridV1\lib\Resources\Entities\TicketRepository.php on line 15
03/01/2013 16:24 | 13.75 mb | Back Office | - >> UNKNOWN : FwkErrorHandler 0 - Argument 1 passed to Resources\Entities\TicketRepository::getTypeTicket() must be an instance of Resources\Entities\Ticket, string given, called in C:\wamp\www\AstridV1\lib\Resources\Core\FwkTable.php on line 368 and defined in file C:\wamp\www\AstridV1\lib\Resources\Entities\TicketRepository.php on line 15
03/01/2013 16:55 | 12.25 mb | Back Office | - >> Warning : FwkErrorHandler 2 - require(../../lib\Entities\Admin.php) [<a href='function.require'>function.require</a>]: failed to open stream: No such file or directory in file C:\wamp\www\AstridV1\lib\Resources\Doctrine\Doctrine\Common\ClassLoader.php on line 163
03/01/2013 17:05 | 8.25 mb | Back Office | - >> UNKNOWN : FwkErrorHandler 0 - Exception : Le controller appelé : "DefaultAjax" ne possède pas de méthode qui a pour nom ticketDetailsController in file C:\wamp\www\AstridV1\lib\Resources\Core\AjaxManager.php on line 51
03/01/2013 17:07 | 10.5 mb | Back Office | Florian M. >> UNKNOWN : FwkErrorHandler 0 - Exception : Le controller appelé : "PrivateController" ne possède pas de méthode qui a pour nom ticketDetailsController in file C:\wamp\www\AstridV1\lib\Resources\Core\ControllerManager.php on line 53
03/01/2013 17:35 | 13.5 mb | Back Office | Florian M. >> Recoverable Error : FwkErrorHandler 4096 - Object of class DateTime could not be converted to string in file C:\wamp\www\AstridV1\lib\Resources\Core\FwkTable.php on line 359
03/01/2013 17:35 | 13.5 mb | Back Office | Florian M. >> UNKNOWN : FwkErrorHandler 0 - Object of class DateTime could not be converted to string in file C:\wamp\www\AstridV1\lib\Resources\Core\FwkTable.php on line 359
03/01/2013 17:38 | 8.25 mb | Back Office | - >> Warning : FwkErrorHandler 2 - require(../../lib\Entities\Ticket.php) [<a href='function.require'>function.require</a>]: failed to open stream: No such file or directory in file C:\wamp\www\AstridV1\lib\Resources\Doctrine\Doctrine\Common\ClassLoader.php on line 163
03/01/2013 17:39 | 8.25 mb | Back Office | - >> Warning : FwkErrorHandler 2 - require(../../lib\Entities\Ticket.php) [<a href='function.require'>function.require</a>]: failed to open stream: No such file or directory in file C:\wamp\www\AstridV1\lib\Resources\Doctrine\Doctrine\Common\ClassLoader.php on line 163
03/01/2013 17:39 | 8.25 mb | Back Office | - >> Warning : FwkErrorHandler 2 - require(../../lib\Entities\Ticket.php) [<a href='function.require'>function.require</a>]: failed to open stream: No such file or directory in file C:\wamp\www\AstridV1\lib\Resources\Doctrine\Doctrine\Common\ClassLoader.php on line 163
03/01/2013 17:41 | 8.25 mb | Back Office | - >> Warning : FwkErrorHandler 2 - require(../../lib\Entities\Ticket.php) [<a href='function.require'>function.require</a>]: failed to open stream: No such file or directory in file C:\wamp\www\AstridV1\lib\Resources\Doctrine\Doctrine\Common\ClassLoader.php on line 163
03/01/2013 17:42 | 8.25 mb | Back Office | - >> Warning : FwkErrorHandler 2 - require(../../lib\Entities\Ticket.php) [<a href='function.require'>function.require</a>]: failed to open stream: No such file or directory in file C:\wamp\www\AstridV1\lib\Resources\Doctrine\Doctrine\Common\ClassLoader.php on line 163
03/01/2013 17:42 | 8.25 mb | Back Office | - >> Warning : FwkErrorHandler 2 - require(../../lib\Entities\Ticket.php) [<a href='function.require'>function.require</a>]: failed to open stream: No such file or directory in file C:\wamp\www\AstridV1\lib\Resources\Doctrine\Doctrine\Common\ClassLoader.php on line 163
03/01/2013 17:43 | 8.25 mb | Back Office | - >> Warning : FwkErrorHandler 2 - require(../../lib\Entities\Ticket.php) [<a href='function.require'>function.require</a>]: failed to open stream: No such file or directory in file C:\wamp\www\AstridV1\lib\Resources\Doctrine\Doctrine\Common\ClassLoader.php on line 163
03/01/2013 17:44 | 8.25 mb | Back Office | - >> Warning : FwkErrorHandler 2 - require(../../lib\Entities\Ticket.php) [<a href='function.require'>function.require</a>]: failed to open stream: No such file or directory in file C:\wamp\www\AstridV1\lib\Resources\Doctrine\Doctrine\Common\ClassLoader.php on line 163
03/01/2013 17:44 | 8.25 mb | Back Office | - >> Warning : FwkErrorHandler 2 - require(../../lib\Entities\Admin.php) [<a href='function.require'>function.require</a>]: failed to open stream: No such file or directory in file C:\wamp\www\AstridV1\lib\Resources\Doctrine\Doctrine\Common\ClassLoader.php on line 163
03/01/2013 17:45 | 12 mb | Back Office | Florian M. >> Warning : FwkErrorHandler 2 - require(../lib\Entities\Admin.php) [<a href='function.require'>function.require</a>]: failed to open stream: No such file or directory in file C:\wamp\www\AstridV1\lib\Resources\Doctrine\Doctrine\Common\ClassLoader.php on line 163
03/01/2013 17:51 | 8.25 mb | Back Office | - >> UNKNOWN : FwkErrorHandler 0 - Exception : Le controller appelé : "DefaultAjax" ne possède pas de méthode qui a pour nom ticketAddController in file C:\wamp\www\AstridV1\lib\Resources\Core\AjaxManager.php on line 51
03/01/2013 18:14 | 9.25 mb | Back Office | - >> Notice : FwkErrorHandler 8 - Undefined variable: _SESSION in file C:\wamp\www\AstridV1\gestion\controllers\ajax\DefaultAjax.php on line 423
03/01/2013 18:14 | 9.25 mb | Back Office | - >> UNKNOWN : FwkErrorHandler 0 - Undefined variable: _SESSION in file C:\wamp\www\AstridV1\gestion\controllers\ajax\DefaultAjax.php on line 423
03/01/2013 18:15 | 9.25 mb | Back Office | - >> Notice : FwkErrorHandler 8 - Undefined variable: _SESSION in file C:\wamp\www\AstridV1\gestion\controllers\ajax\DefaultAjax.php on line 423
03/01/2013 18:15 | 9.25 mb | Back Office | - >> UNKNOWN : FwkErrorHandler 0 - Undefined variable: _SESSION in file C:\wamp\www\AstridV1\gestion\controllers\ajax\DefaultAjax.php on line 423
03/01/2013 18:16 | 8.25 mb | Back Office | - >> Notice : FwkErrorHandler 8 - Undefined variable: idUser in file C:\wamp\www\AstridV1\gestion\controllers\ajax\DefaultAjax.php on line 444
03/01/2013 18:16 | 8.25 mb | Back Office | - >> UNKNOWN : FwkErrorHandler 0 - Undefined variable: idUser in file C:\wamp\www\AstridV1\gestion\controllers\ajax\DefaultAjax.php on line 444
03/01/2013 18:18 | 10.75 mb | Back Office | Florian M. >> UNKNOWN : FwkErrorHandler 0 - DateTime::__construct() [<a href='datetime.--construct'>datetime.--construct</a>]: Failed to parse time string (1357233481) at position 7 (4): Unexpected character in file C:\wamp\www\AstridV1\gestion\controllers\ajax\DefaultAjax.php on line 435
03/01/2013 18:18 | 10.75 mb | Back Office | Florian M. >> UNKNOWN : FwkErrorHandler 0 - DateTime::__construct() [<a href='datetime.--construct'>datetime.--construct</a>]: Failed to parse time string (1357233488) at position 7 (4): Unexpected character in file C:\wamp\www\AstridV1\gestion\controllers\ajax\DefaultAjax.php on line 435
03/01/2013 22:43 | 10.5 mb | Back Office | Florian M. >> UNKNOWN : FwkErrorHandler 0 - Exception : Le controller appelé : "AstridController" ne possède pas de méthode qui a pour nom clientsGestionController in file C:\wamp\www\AstridV1\lib\Resources\Core\ControllerManager.php on line 53
03/01/2013 22:44 | 10.5 mb | Back Office | Florian M. >> UNKNOWN : FwkErrorHandler 0 - Exception : Le controller appelé : "AstridController" ne possède pas de méthode qui a pour nom articlesGestionController in file C:\wamp\www\AstridV1\lib\Resources\Core\ControllerManager.php on line 53
03/01/2013 22:44 | 9 mb | Back Office | Florian M. >> Notice : FwkErrorHandler 8 - Undefined variable: client in file C:\wamp\www\AstridV1\gestion\controllers\ajax\AstridAjax.php on line 98
03/01/2013 22:44 | 9 mb | Back Office | Florian M. >> UNKNOWN : FwkErrorHandler 0 - Undefined variable: client in file C:\wamp\www\AstridV1\gestion\controllers\ajax\AstridAjax.php on line 98
